<?xml version="1.0" encoding="UTF-8"?>
<testsuite xmlns:xsi="http://www.w3.org/2001/XMLSchema-instance" xsi:noNamespaceSchemaLocation="https://maven.apache.org/surefire/maven-surefire-plugin/xsd/surefire-test-report.xsd" version="3.0.2" name="TestSuite" time="60.063" tests="2" errors="0" skipped="0" failures="0">
  <properties>
    <property name="java.specification.version" value="21"/>
    <property name="sun.cpu.isalist" value="amd64"/>
    <property name="sun.jnu.encoding" value="Cp1252"/>
    <property name="java.class.path" value="C:\Users\Karthik\eclipse-workspace\AppiumProject2WithFrameWork\target\test-classes;C:\Users\Karthik\eclipse-workspace\AppiumProject2WithFrameWork\target\classes;C:\Users\Karthik\.m2\repository\io\appium\java-client\8.6.0\java-client-8.6.0.jar;C:\Users\Karthik\.m2\repository\org\seleniumhq\selenium\selenium-api\4.13.0\selenium-api-4.13.0.jar;C:\Users\Karthik\.m2\repository\org\seleniumhq\selenium\selenium-remote-driver\4.13.0\selenium-remote-driver-4.13.0.jar;C:\Users\Karthik\.m2\repository\com\google\auto\service\auto-service-annotations\1.1.1\auto-service-annotations-1.1.1.jar;C:\Users\Karthik\.m2\repository\com\google\guava\guava\32.1.2-jre\guava-32.1.2-jre.jar;C:\Users\Karthik\.m2\repository\com\google\guava\failureaccess\1.0.1\failureaccess-1.0.1.jar;C:\Users\Karthik\.m2\repository\com\google\guava\listenablefuture\9999.0-empty-to-avoid-conflict-with-guava\listenablefuture-9999.0-empty-to-avoid-conflict-with-guava.jar;C:\Users\Karthik\.m2\repository\com\google\code\findbugs\jsr305\3.0.2\jsr305-3.0.2.jar;C:\Users\Karthik\.m2\repository\org\checkerframework\checker-qual\3.33.0\checker-qual-3.33.0.jar;C:\Users\Karthik\.m2\repository\com\google\errorprone\error_prone_annotations\2.18.0\error_prone_annotations-2.18.0.jar;C:\Users\Karthik\.m2\repository\com\google\j2objc\j2objc-annotations\2.8\j2objc-annotations-2.8.jar;C:\Users\Karthik\.m2\repository\io\netty\netty-buffer\4.1.96.Final\netty-buffer-4.1.96.Final.jar;C:\Users\Karthik\.m2\repository\io\netty\netty-codec-http\4.1.96.Final\netty-codec-http-4.1.96.Final.jar;C:\Users\Karthik\.m2\repository\io\netty\netty-codec\4.1.96.Final\netty-codec-4.1.96.Final.jar;C:\Users\Karthik\.m2\repository\io\netty\netty-handler\4.1.96.Final\netty-handler-4.1.96.Final.jar;C:\Users\Karthik\.m2\repository\io\netty\netty-common\4.1.96.Final\netty-common-4.1.96.Final.jar;C:\Users\Karthik\.m2\repository\io\netty\netty-transport-classes-epoll\4.1.96.Final\netty-transport-classes-epoll-4.1.96.Final.jar;C:\Users\Karthik\.m2\repository\io\netty\netty-transport-classes-kqueue\4.1.96.Final\netty-transport-classes-kqueue-4.1.96.Final.jar;C:\Users\Karthik\.m2\repository\io\netty\netty-transport-native-epoll\4.1.96.Final\netty-transport-native-epoll-4.1.96.Final.jar;C:\Users\Karthik\.m2\repository\io\netty\netty-transport-native-kqueue\4.1.96.Final\netty-transport-native-kqueue-4.1.96.Final.jar;C:\Users\Karthik\.m2\repository\io\netty\netty-transport-native-unix-common\4.1.96.Final\netty-transport-native-unix-common-4.1.96.Final.jar;C:\Users\Karthik\.m2\repository\io\netty\netty-transport\4.1.96.Final\netty-transport-4.1.96.Final.jar;C:\Users\Karthik\.m2\repository\io\netty\netty-resolver\4.1.96.Final\netty-resolver-4.1.96.Final.jar;C:\Users\Karthik\.m2\repository\io\opentelemetry\opentelemetry-api\1.28.0\opentelemetry-api-1.28.0.jar;C:\Users\Karthik\.m2\repository\io\opentelemetry\opentelemetry-context\1.28.0\opentelemetry-context-1.28.0.jar;C:\Users\Karthik\.m2\repository\io\opentelemetry\opentelemetry-exporter-logging\1.28.0\opentelemetry-exporter-logging-1.28.0.jar;C:\Users\Karthik\.m2\repository\io\opentelemetry\opentelemetry-sdk-metrics\1.28.0\opentelemetry-sdk-metrics-1.28.0.jar;C:\Users\Karthik\.m2\repository\io\opentelemetry\opentelemetry-extension-incubator\1.28.0-alpha\opentelemetry-extension-incubator-1.28.0-alpha.jar;C:\Users\Karthik\.m2\repository\io\opentelemetry\opentelemetry-sdk-logs\1.28.0\opentelemetry-sdk-logs-1.28.0.jar;C:\Users\Karthik\.m2\repository\io\opentelemetry\opentelemetry-sdk-common\1.28.0\opentelemetry-sdk-common-1.28.0.jar;C:\Users\Karthik\.m2\repository\io\opentelemetry\opentelemetry-sdk-extension-autoconfigure-spi\1.28.0\opentelemetry-sdk-extension-autoconfigure-spi-1.28.0.jar;C:\Users\Karthik\.m2\repository\io\opentelemetry\opentelemetry-sdk-extension-autoconfigure\1.28.0\opentelemetry-sdk-extension-autoconfigure-1.28.0.jar;C:\Users\Karthik\.m2\repository\io\opentelemetry\opentelemetry-api-events\1.28.0-alpha\opentelemetry-api-events-1.28.0-alpha.jar;C:\Users\Karthik\.m2\repository\io\opentelemetry\opentelemetry-sdk-trace\1.28.0\opentelemetry-sdk-trace-1.28.0.jar;C:\Users\Karthik\.m2\repository\io\opentelemetry\opentelemetry-sdk\1.28.0\opentelemetry-sdk-1.28.0.jar;C:\Users\Karthik\.m2\repository\io\opentelemetry\opentelemetry-semconv\1.28.0-alpha\opentelemetry-semconv-1.28.0-alpha.jar;C:\Users\Karthik\.m2\repository\net\bytebuddy\byte-buddy\1.14.5\byte-buddy-1.14.5.jar;C:\Users\Karthik\.m2\repository\org\asynchttpclient\async-http-client\2.12.3\async-http-client-2.12.3.jar;C:\Users\Karthik\.m2\repository\org\asynchttpclient\async-http-client-netty-utils\2.12.3\async-http-client-netty-utils-2.12.3.jar;C:\Users\Karthik\.m2\repository\io\netty\netty-codec-socks\4.1.60.Final\netty-codec-socks-4.1.60.Final.jar;C:\Users\Karthik\.m2\repository\io\netty\netty-handler-proxy\4.1.60.Final\netty-handler-proxy-4.1.60.Final.jar;C:\Users\Karthik\.m2\repository\io\netty\netty-transport-native-epoll\4.1.60.Final\netty-transport-native-epoll-4.1.60.Final-linux-x86_64.jar;C:\Users\Karthik\.m2\repository\io\netty\netty-transport-native-kqueue\4.1.60.Final\netty-transport-native-kqueue-4.1.60.Final-osx-x86_64.jar;C:\Users\Karthik\.m2\repository\com\typesafe\netty\netty-reactive-streams\2.0.4\netty-reactive-streams-2.0.4.jar;C:\Users\Karthik\.m2\repository\com\sun\activation\jakarta.activation\1.2.2\jakarta.activation-1.2.2.jar;C:\Users\Karthik\.m2\repository\org\seleniumhq\selenium\selenium-http\4.13.0\selenium-http-4.13.0.jar;C:\Users\Karthik\.m2\repository\dev\failsafe\failsafe\3.3.2\failsafe-3.3.2.jar;C:\Users\Karthik\.m2\repository\org\seleniumhq\selenium\selenium-json\4.13.0\selenium-json-4.13.0.jar;C:\Users\Karthik\.m2\repository\org\seleniumhq\selenium\selenium-manager\4.13.0\selenium-manager-4.13.0.jar;C:\Users\Karthik\.m2\repository\org\seleniumhq\selenium\selenium-os\4.13.0\selenium-os-4.13.0.jar;C:\Users\Karthik\.m2\repository\org\apache\commons\commons-exec\1.3\commons-exec-1.3.jar;C:\Users\Karthik\.m2\repository\org\seleniumhq\selenium\selenium-support\4.13.0\selenium-support-4.13.0.jar;C:\Users\Karthik\.m2\repository\com\google\code\gson\gson\2.10.1\gson-2.10.1.jar;C:\Users\Karthik\.m2\repository\org\apache\commons\commons-lang3\3.13.0\commons-lang3-3.13.0.jar;C:\Users\Karthik\.m2\repository\org\slf4j\slf4j-api\2.0.9\slf4j-api-2.0.9.jar;C:\Users\Karthik\.m2\repository\org\testng\testng\7.9.0\testng-7.9.0.jar;C:\Users\Karthik\.m2\repository\com\beust\jcommander\1.82\jcommander-1.82.jar;C:\Users\Karthik\.m2\repository\org\webjars\jquery\3.7.1\jquery-3.7.1.jar;C:\Users\Karthik\.m2\repository\commons-io\commons-io\2.16.1\commons-io-2.16.1.jar;C:\Users\Karthik\.m2\repository\com\fasterxml\jackson\core\jackson-databind\2.18.0-rc1\jackson-databind-2.18.0-rc1.jar;C:\Users\Karthik\.m2\repository\com\fasterxml\jackson\core\jackson-annotations\2.18.0-rc1\jackson-annotations-2.18.0-rc1.jar;C:\Users\Karthik\.m2\repository\com\fasterxml\jackson\core\jackson-core\2.18.0-rc1\jackson-core-2.18.0-rc1.jar;C:\Users\Karthik\.m2\repository\com\aventstack\extentreports\5.1.2\extentreports-5.1.2.jar;C:\Users\Karthik\.m2\repository\io\reactivex\rxjava3\rxjava\3.1.6\rxjava-3.1.6.jar;C:\Users\Karthik\.m2\repository\org\reactivestreams\reactive-streams\1.0.4\reactive-streams-1.0.4.jar;C:\Users\Karthik\.m2\repository\org\freemarker\freemarker\2.3.32\freemarker-2.3.32.jar;C:\Users\Karthik\.m2\repository\org\projectlombok\lombok\1.18.26\lombok-1.18.26.jar;"/>
    <property name="java.vm.vendor" value="Oracle Corporation"/>
    <property name="sun.arch.data.model" value="64"/>
    <property name="user.variant" value=""/>
    <property name="java.vendor.url" value="https://java.oracle.com/"/>
    <property name="user.timezone" value="Asia/Calcutta"/>
    <property name="os.name" value="Windows 10"/>
    <property name="java.vm.specification.version" value="21"/>
    <property name="sun.java.launcher" value="SUN_STANDARD"/>
    <property name="user.country" value="IN"/>
    <property name="sun.boot.library.path" value="C:\Program Files\Java\jdk-21\bin"/>
    <property name="sun.java.command" value="C:\Users\Karthik\AppData\Local\Temp\surefire8288123289510032233\surefirebooter-20240905000859584_3.jar C:\Users\Karthik\AppData\Local\Temp\surefire8288123289510032233 2024-09-05T00-08-59_452-jvmRun1 surefire-20240905000859584_1tmp surefire_0-20240905000859584_2tmp"/>
    <property name="jdk.debug" value="release"/>
    <property name="surefire.test.class.path" value="C:\Users\Karthik\eclipse-workspace\AppiumProject2WithFrameWork\target\test-classes;C:\Users\Karthik\eclipse-workspace\AppiumProject2WithFrameWork\target\classes;C:\Users\Karthik\.m2\repository\io\appium\java-client\8.6.0\java-client-8.6.0.jar;C:\Users\Karthik\.m2\repository\org\seleniumhq\selenium\selenium-api\4.13.0\selenium-api-4.13.0.jar;C:\Users\Karthik\.m2\repository\org\seleniumhq\selenium\selenium-remote-driver\4.13.0\selenium-remote-driver-4.13.0.jar;C:\Users\Karthik\.m2\repository\com\google\auto\service\auto-service-annotations\1.1.1\auto-service-annotations-1.1.1.jar;C:\Users\Karthik\.m2\repository\com\google\guava\guava\32.1.2-jre\guava-32.1.2-jre.jar;C:\Users\Karthik\.m2\repository\com\google\guava\failureaccess\1.0.1\failureaccess-1.0.1.jar;C:\Users\Karthik\.m2\repository\com\google\guava\listenablefuture\9999.0-empty-to-avoid-conflict-with-guava\listenablefuture-9999.0-empty-to-avoid-conflict-with-guava.jar;C:\Users\Karthik\.m2\repository\com\google\code\findbugs\jsr305\3.0.2\jsr305-3.0.2.jar;C:\Users\Karthik\.m2\repository\org\checkerframework\checker-qual\3.33.0\checker-qual-3.33.0.jar;C:\Users\Karthik\.m2\repository\com\google\errorprone\error_prone_annotations\2.18.0\error_prone_annotations-2.18.0.jar;C:\Users\Karthik\.m2\repository\com\google\j2objc\j2objc-annotations\2.8\j2objc-annotations-2.8.jar;C:\Users\Karthik\.m2\repository\io\netty\netty-buffer\4.1.96.Final\netty-buffer-4.1.96.Final.jar;C:\Users\Karthik\.m2\repository\io\netty\netty-codec-http\4.1.96.Final\netty-codec-http-4.1.96.Final.jar;C:\Users\Karthik\.m2\repository\io\netty\netty-codec\4.1.96.Final\netty-codec-4.1.96.Final.jar;C:\Users\Karthik\.m2\repository\io\netty\netty-handler\4.1.96.Final\netty-handler-4.1.96.Final.jar;C:\Users\Karthik\.m2\repository\io\netty\netty-common\4.1.96.Final\netty-common-4.1.96.Final.jar;C:\Users\Karthik\.m2\repository\io\netty\netty-transport-classes-epoll\4.1.96.Final\netty-transport-classes-epoll-4.1.96.Final.jar;C:\Users\Karthik\.m2\repository\io\netty\netty-transport-classes-kqueue\4.1.96.Final\netty-transport-classes-kqueue-4.1.96.Final.jar;C:\Users\Karthik\.m2\repository\io\netty\netty-transport-native-epoll\4.1.96.Final\netty-transport-native-epoll-4.1.96.Final.jar;C:\Users\Karthik\.m2\repository\io\netty\netty-transport-native-kqueue\4.1.96.Final\netty-transport-native-kqueue-4.1.96.Final.jar;C:\Users\Karthik\.m2\repository\io\netty\netty-transport-native-unix-common\4.1.96.Final\netty-transport-native-unix-common-4.1.96.Final.jar;C:\Users\Karthik\.m2\repository\io\netty\netty-transport\4.1.96.Final\netty-transport-4.1.96.Final.jar;C:\Users\Karthik\.m2\repository\io\netty\netty-resolver\4.1.96.Final\netty-resolver-4.1.96.Final.jar;C:\Users\Karthik\.m2\repository\io\opentelemetry\opentelemetry-api\1.28.0\opentelemetry-api-1.28.0.jar;C:\Users\Karthik\.m2\repository\io\opentelemetry\opentelemetry-context\1.28.0\opentelemetry-context-1.28.0.jar;C:\Users\Karthik\.m2\repository\io\opentelemetry\opentelemetry-exporter-logging\1.28.0\opentelemetry-exporter-logging-1.28.0.jar;C:\Users\Karthik\.m2\repository\io\opentelemetry\opentelemetry-sdk-metrics\1.28.0\opentelemetry-sdk-metrics-1.28.0.jar;C:\Users\Karthik\.m2\repository\io\opentelemetry\opentelemetry-extension-incubator\1.28.0-alpha\opentelemetry-extension-incubator-1.28.0-alpha.jar;C:\Users\Karthik\.m2\repository\io\opentelemetry\opentelemetry-sdk-logs\1.28.0\opentelemetry-sdk-logs-1.28.0.jar;C:\Users\Karthik\.m2\repository\io\opentelemetry\opentelemetry-sdk-common\1.28.0\opentelemetry-sdk-common-1.28.0.jar;C:\Users\Karthik\.m2\repository\io\opentelemetry\opentelemetry-sdk-extension-autoconfigure-spi\1.28.0\opentelemetry-sdk-extension-autoconfigure-spi-1.28.0.jar;C:\Users\Karthik\.m2\repository\io\opentelemetry\opentelemetry-sdk-extension-autoconfigure\1.28.0\opentelemetry-sdk-extension-autoconfigure-1.28.0.jar;C:\Users\Karthik\.m2\repository\io\opentelemetry\opentelemetry-api-events\1.28.0-alpha\opentelemetry-api-events-1.28.0-alpha.jar;C:\Users\Karthik\.m2\repository\io\opentelemetry\opentelemetry-sdk-trace\1.28.0\opentelemetry-sdk-trace-1.28.0.jar;C:\Users\Karthik\.m2\repository\io\opentelemetry\opentelemetry-sdk\1.28.0\opentelemetry-sdk-1.28.0.jar;C:\Users\Karthik\.m2\repository\io\opentelemetry\opentelemetry-semconv\1.28.0-alpha\opentelemetry-semconv-1.28.0-alpha.jar;C:\Users\Karthik\.m2\repository\net\bytebuddy\byte-buddy\1.14.5\byte-buddy-1.14.5.jar;C:\Users\Karthik\.m2\repository\org\asynchttpclient\async-http-client\2.12.3\async-http-client-2.12.3.jar;C:\Users\Karthik\.m2\repository\org\asynchttpclient\async-http-client-netty-utils\2.12.3\async-http-client-netty-utils-2.12.3.jar;C:\Users\Karthik\.m2\repository\io\netty\netty-codec-socks\4.1.60.Final\netty-codec-socks-4.1.60.Final.jar;C:\Users\Karthik\.m2\repository\io\netty\netty-handler-proxy\4.1.60.Final\netty-handler-proxy-4.1.60.Final.jar;C:\Users\Karthik\.m2\repository\io\netty\netty-transport-native-epoll\4.1.60.Final\netty-transport-native-epoll-4.1.60.Final-linux-x86_64.jar;C:\Users\Karthik\.m2\repository\io\netty\netty-transport-native-kqueue\4.1.60.Final\netty-transport-native-kqueue-4.1.60.Final-osx-x86_64.jar;C:\Users\Karthik\.m2\repository\com\typesafe\netty\netty-reactive-streams\2.0.4\netty-reactive-streams-2.0.4.jar;C:\Users\Karthik\.m2\repository\com\sun\activation\jakarta.activation\1.2.2\jakarta.activation-1.2.2.jar;C:\Users\Karthik\.m2\repository\org\seleniumhq\selenium\selenium-http\4.13.0\selenium-http-4.13.0.jar;C:\Users\Karthik\.m2\repository\dev\failsafe\failsafe\3.3.2\failsafe-3.3.2.jar;C:\Users\Karthik\.m2\repository\org\seleniumhq\selenium\selenium-json\4.13.0\selenium-json-4.13.0.jar;C:\Users\Karthik\.m2\repository\org\seleniumhq\selenium\selenium-manager\4.13.0\selenium-manager-4.13.0.jar;C:\Users\Karthik\.m2\repository\org\seleniumhq\selenium\selenium-os\4.13.0\selenium-os-4.13.0.jar;C:\Users\Karthik\.m2\repository\org\apache\commons\commons-exec\1.3\commons-exec-1.3.jar;C:\Users\Karthik\.m2\repository\org\seleniumhq\selenium\selenium-support\4.13.0\selenium-support-4.13.0.jar;C:\Users\Karthik\.m2\repository\com\google\code\gson\gson\2.10.1\gson-2.10.1.jar;C:\Users\Karthik\.m2\repository\org\apache\commons\commons-lang3\3.13.0\commons-lang3-3.13.0.jar;C:\Users\Karthik\.m2\repository\org\slf4j\slf4j-api\2.0.9\slf4j-api-2.0.9.jar;C:\Users\Karthik\.m2\repository\org\testng\testng\7.9.0\testng-7.9.0.jar;C:\Users\Karthik\.m2\repository\com\beust\jcommander\1.82\jcommander-1.82.jar;C:\Users\Karthik\.m2\repository\org\webjars\jquery\3.7.1\jquery-3.7.1.jar;C:\Users\Karthik\.m2\repository\commons-io\commons-io\2.16.1\commons-io-2.16.1.jar;C:\Users\Karthik\.m2\repository\com\fasterxml\jackson\core\jackson-databind\2.18.0-rc1\jackson-databind-2.18.0-rc1.jar;C:\Users\Karthik\.m2\repository\com\fasterxml\jackson\core\jackson-annotations\2.18.0-rc1\jackson-annotations-2.18.0-rc1.jar;C:\Users\Karthik\.m2\repository\com\fasterxml\jackson\core\jackson-core\2.18.0-rc1\jackson-core-2.18.0-rc1.jar;C:\Users\Karthik\.m2\repository\com\aventstack\extentreports\5.1.2\extentreports-5.1.2.jar;C:\Users\Karthik\.m2\repository\io\reactivex\rxjava3\rxjava\3.1.6\rxjava-3.1.6.jar;C:\Users\Karthik\.m2\repository\org\reactivestreams\reactive-streams\1.0.4\reactive-streams-1.0.4.jar;C:\Users\Karthik\.m2\repository\org\freemarker\freemarker\2.3.32\freemarker-2.3.32.jar;C:\Users\Karthik\.m2\repository\org\projectlombok\lombok\1.18.26\lombok-1.18.26.jar;"/>
    <property name="sun.cpu.endian" value="little"/>
    <property name="user.home" value="C:\Users\Karthik"/>
    <property name="user.language" value="en"/>
    <property name="java.specification.vendor" value="Oracle Corporation"/>
    <property name="java.version.date" value="2023-10-17"/>
    <property name="java.home" value="C:\Program Files\Java\jdk-21"/>
    <property name="file.separator" value="\"/>
    <property name="basedir" value="C:\Users\Karthik\eclipse-workspace\AppiumProject2WithFrameWork"/>
    <property name="java.vm.compressedOopsMode" value="Zero based"/>
    <property name="line.separator" value="&#10;"/>
    <property name="java.vm.specification.vendor" value="Oracle Corporation"/>
    <property name="java.specification.name" value="Java Platform API Specification"/>
    <property name="surefire.real.class.path" value="C:\Users\Karthik\AppData\Local\Temp\surefire8288123289510032233\surefirebooter-20240905000859584_3.jar"/>
    <property name="user.script" value=""/>
    <property name="sun.management.compiler" value="HotSpot 64-Bit Tiered Compilers"/>
    <property name="java.runtime.version" value="21.0.1+12-LTS-29"/>
    <property name="user.name" value="Karthik"/>
    <property name="stdout.encoding" value="Cp1252"/>
    <property name="path.separator" value=";"/>
    <property name="os.version" value="10.0"/>
    <property name="java.runtime.name" value="Java(TM) SE Runtime Environment"/>
    <property name="file.encoding" value="UTF-8"/>
    <property name="java.vm.name" value="Java HotSpot(TM) 64-Bit Server VM"/>
    <property name="localRepository" value="C:\Users\Karthik\.m2\repository"/>
    <property name="java.vendor.url.bug" value="https://bugreport.java.com/bugreport/"/>
    <property name="java.io.tmpdir" value="C:\Users\Karthik\AppData\Local\Temp\"/>
    <property name="java.version" value="21.0.1"/>
    <property name="user.dir" value="C:\Users\Karthik\eclipse-workspace\AppiumProject2WithFrameWork"/>
    <property name="os.arch" value="amd64"/>
    <property name="java.vm.specification.name" value="Java Virtual Machine Specification"/>
    <property name="sun.os.patch.level" value=""/>
    <property name="native.encoding" value="Cp1252"/>
    <property name="java.library.path" value="C:\Program Files\Java\jdk-21\bin;C:\WINDOWS\Sun\Java\bin;C:\WINDOWS\system32;C:\WINDOWS;C:\Program Files\Common Files\Oracle\Java\javapath;C:\Program Files (x86)\Intel\Intel(R) Management Engine Components\iCLS\;C:\Program Files\Intel\Intel(R) Management Engine Components\iCLS\;C:\Windows\system32;C:\Windows;C:\Windows\System32\Wbem;C:\Windows\System32\WindowsPowerShell\v1.0\;C:\Windows\System32\OpenSSH\;C:\Program Files\NVIDIA Corporation\NVIDIA NvDLISR;C:\Program Files (x86)\NVIDIA Corporation\PhysX\Common;C:\Program Files (x86)\Intel\Intel(R) Management Engine Components\DAL;C:\Program Files\Intel\Intel(R) Management Engine Components\DAL;C:\Program Files (x86)\Intel\Intel(R) Management Engine Components\IPT;C:\Program Files\Intel\Intel(R) Management Engine Components\IPT;C:\WINDOWS\system32;C:\WINDOWS;C:\WINDOWS\System32\Wbem;C:\WINDOWS\System32\WindowsPowerShell\v1.0\;C:\WINDOWS\System32\OpenSSH\;C:\Users\Karthik\AppData\Local\Android\Sdk\tools\bin;C:\Users\Karthik\AppData\Local\Android\Sdk\tools;C:\Users\Karthik\AppData\Local\Android\Sdk\platform-tools;C:\Windows\SysWow64;C:\Program Files\nodejs\;C:\Program Files\nodejs\node_modules\npm\bin;C:\Program Files\Git\cmd;C:\Program Files\Maven\bin;C:\Users\Karthik\AppData\Local\Microsoft\WindowsApps;;C:\Users\Karthik\AppData\Local\Programs\Microsoft VS Code\bin;C:\Users\Karthik\AppData\Roaming\npm;."/>
    <property name="java.vm.info" value="mixed mode, sharing"/>
    <property name="stderr.encoding" value="Cp1252"/>
    <property name="java.vendor" value="Oracle Corporation"/>
    <property name="java.vm.version" value="21.0.1+12-LTS-29"/>
    <property name="sun.io.unicode.encoding" value="UnicodeLittle"/>
    <property name="java.class.version" value="65.0"/>
  </properties>
  <testcase name="test1[John, female, Algeria](1)" classname="eCommerce.Test1" time="17.988">
    <system-out><![CDATA[&amp#27;[35m[Appium]&amp#27;[39m Welcome to Appium v2.2.3
&amp#27;[35m[Appium]&amp#27;[39m Non-default server args:
&amp#27;[35m[Appium]&amp#27;[39m { address: &amp#27;[32m'127.0.0.1'&amp#27;[39m }
&amp#27;[35m[Appium]&amp#27;[39m Attempting to load driver uiautomator2...
&amp#27;[35m[Appium]&amp#27;[39m Requiring driver at C:\Users\Karthik\.appium\node_modules\appium-uiautomator2-driver
&amp#27;[35m[Appium]&amp#27;[39m Appium REST http interface listener started on http://127.0.0.1:4723
&amp#27;[35m[Appium]&amp#27;[39m Available drivers:
&amp#27;[35m[Appium]&amp#27;[39m   - uiautomator2@2.34.2 (automationName 'UiAutomator2')
&amp#27;[35m[Appium]&amp#27;[39m No plugins have been installed. Use the "appium plugin" command to install the one(s) you want to use.
&amp#27;[38;5;0m[HTTP]&amp#27;[0m &amp#27;[37m-->&amp#27;[39m &amp#27;[37mGET&amp#27;[39m &amp#27;[37m/status&amp#27;[39m
&amp#27;[38;5;0m[HTTP]&amp#27;[0m &amp#27;[90m{}&amp#27;[39m
&amp#27;[38;5;16m[AppiumDriver@a93c]&amp#27;[0m Calling AppiumDriver.getStatus() with args: []
&amp#27;[38;5;16m[AppiumDriver@a93c]&amp#27;[0m Responding to client with driver.getStatus() result: {"ready":true,"message":"The server is ready to accept new connections","build":{"version":"2.2.3"}}
&amp#27;[38;5;0m[HTTP]&amp#27;[0m &amp#27;[37m<-- GET /status &amp#27;[39m&amp#27;[32m200&amp#27;[39m &amp#27;[90m8 ms - 110&amp#27;[39m
&amp#27;[38;5;0m[HTTP]&amp#27;[0m &amp#27;[90m&amp#27;[39m
&amp#27;[38;5;0m[HTTP]&amp#27;[0m Request idempotency key: 3ed54b40-6a3b-473c-a4dd-0ae9f5d4093a
&amp#27;[38;5;0m[HTTP]&amp#27;[0m &amp#27;[37m-->&amp#27;[39m &amp#27;[37mPOST&amp#27;[39m &amp#27;[37m/session&amp#27;[39m
&amp#27;[38;5;0m[HTTP]&amp#27;[0m &amp#27;[90m{"capabilities":{"firstMatch":[{}],"alwaysMatch":{"appium:app":"C:\\Users\\Karthik\\eclipse-workspace\\AppiumProject2\\src\\test\\java\\resources\\General-Store.apk","appium:automationName":"UIAutomator2","appium:chromedriverExecutable":"C:\\Users\\Karthik\\eclipse-workspace\\AppiumProject2\\src\\test\\java\\resources\\chromedriver.exe","appium:deviceName":"Pixel 4a","platformName":"ANDROID"}}}&amp#27;[39m
&amp#27;[38;5;16m[AppiumDriver@a93c]&amp#27;[0m Calling AppiumDriver.createSession() with args: [null,null,{"firstMatch":[{}],"alwaysMatch":{"appium:app":"C:\\Users\\Karthik\\eclipse-workspace\\AppiumProject2\\src\\test\\java\\resources\\General-Store.apk","appium:automationName":"UIAutomator2","appium:chromedriverExecutable":"C:\\Users\\Karthik\\eclipse-workspace\\AppiumProject2\\src\\test\\java\\resources\\chromedriver.exe","appium:deviceName":"Pixel 4a","platformName":"ANDROID"}}]
&amp#27;[38;5;16m[AppiumDriver@a93c]&amp#27;[0m Event 'newSessionRequested' logged at 1725475149193 (00:09:09 GMT+0530 (India Standard Time))
&amp#27;[35m[Appium]&amp#27;[39m Attempting to find matching driver for automationName 'UIAutomator2' and platformName 'ANDROID'
&amp#27;[35m[Appium]&amp#27;[39m The 'uiautomator2' driver was installed and matched caps.
&amp#27;[35m[Appium]&amp#27;[39m Will require it at C:\Users\Karthik\.appium\node_modules\appium-uiautomator2-driver
&amp#27;[35m[Appium]&amp#27;[39m Requiring driver at C:\Users\Karthik\.appium\node_modules\appium-uiautomator2-driver
&amp#27;[38;5;16m[AppiumDriver@a93c]&amp#27;[0m Appium v2.2.3 creating new AndroidUiautomator2Driver (v2.34.2) session
&amp#27;[38;5;16m[AppiumDriver@a93c]&amp#27;[0m Checking BaseDriver versions for Appium and AndroidUiautomator2Driver
&amp#27;[38;5;16m[AppiumDriver@a93c]&amp#27;[0m Appium's BaseDriver version is 9.4.3
&amp#27;[38;5;16m[AppiumDriver@a93c]&amp#27;[0m AndroidUiautomator2Driver's BaseDriver version is 9.4.3
&amp#27;[38;5;32m[AndroidUiautomator2Driver@97b8]&amp#27;[0m Creating session with W3C capabilities: {
&amp#27;[38;5;32m[AndroidUiautomator2Driver@97b8]&amp#27;[0m   "alwaysMatch": {
&amp#27;[38;5;32m[AndroidUiautomator2Driver@97b8]&amp#27;[0m     "platformName": "ANDROID",
&amp#27;[38;5;32m[AndroidUiautomator2Driver@97b8]&amp#27;[0m     "appium:app": "C:\\Users\\Karthik\\eclipse-workspace\\AppiumProject2\\src\\test\\java\\resources\\General-Store.apk",
&amp#27;[38;5;32m[AndroidUiautomator2Driver@97b8]&amp#27;[0m     "appium:automationName": "UIAutomator2",
&amp#27;[38;5;32m[AndroidUiautomator2Driver@97b8]&amp#27;[0m     "appium:chromedriverExecutable": "C:\\Users\\Karthik\\eclipse-workspace\\AppiumProject2\\src\\test\\java\\resources\\chromedriver.exe",
&amp#27;[38;5;32m[AndroidUiautomator2Driver@97b8]&amp#27;[0m     "appium:deviceName": "Pixel 4a"
&amp#27;[38;5;32m[AndroidUiautomator2Driver@97b8]&amp#27;[0m   },
&amp#27;[38;5;32m[AndroidUiautomator2Driver@97b8]&amp#27;[0m   "firstMatch": [
&amp#27;[38;5;32m[AndroidUiautomator2Driver@97b8]&amp#27;[0m     {}
&amp#27;[38;5;32m[AndroidUiautomator2Driver@97b8]&amp#27;[0m   ]
&amp#27;[38;5;32m[AndroidUiautomator2Driver@97b8]&amp#27;[0m }
&amp#27;[38;5;32m[AndroidUiautomator2Driver@97b8 (abd696a1)]&amp#27;[0m Session created with session id: abd696a1-b514-4f12-8ca4-0856a59a36a0
&amp#27;[38;5;48m[BaseDriver]&amp#27;[0m Using local app 'C:\Users\Karthik\eclipse-workspace\AppiumProject2\src\test\java\resources\General-Store.apk'
&amp#27;[38;5;32m[AndroidUiautomator2Driver@97b8 (abd696a1)]&amp#27;[0m Checking whether app is actually present
&amp#27;[38;5;64m[ADB]&amp#27;[0m Found 3 'build-tools' folders under 'C:\Users\Karthik\AppData\Local\Android\Sdk' (newest first):
&amp#27;[38;5;64m[ADB]&amp#27;[0m     C:\Users\Karthik\AppData\Local\Android\Sdk\build-tools\34.0.0
&amp#27;[38;5;64m[ADB]&amp#27;[0m     C:\Users\Karthik\AppData\Local\Android\Sdk\build-tools\33.0.1
&amp#27;[38;5;64m[ADB]&amp#27;[0m     C:\Users\Karthik\AppData\Local\Android\Sdk\build-tools\30.0.3
&amp#27;[38;5;64m[ADB]&amp#27;[0m Using 'adb.exe' from 'C:\Users\Karthik\AppData\Local\Android\Sdk\platform-tools\adb.exe'
&amp#27;[38;5;64m[ADB]&amp#27;[0m Running 'C:\Users\Karthik\AppData\Local\Android\Sdk\platform-tools\adb.exe -P 5037 start-server'
&amp#27;[38;5;80m[AndroidDriver]&amp#27;[0m Retrieving device list
&amp#27;[38;5;64m[ADB]&amp#27;[0m Trying to find connected Android devices
&amp#27;[38;5;64m[ADB]&amp#27;[0m Getting connected devices
&amp#27;[38;5;64m[ADB]&amp#27;[0m Connected devices: [{"udid":"emulator-5554","state":"device"}]
&amp#27;[38;5;80m[AndroidDriver]&amp#27;[0m Using device: emulator-5554
&amp#27;[38;5;64m[ADB]&amp#27;[0m Using 'adb.exe' from 'C:\Users\Karthik\AppData\Local\Android\Sdk\platform-tools\adb.exe'
&amp#27;[38;5;64m[ADB]&amp#27;[0m Running 'C:\Users\Karthik\AppData\Local\Android\Sdk\platform-tools\adb.exe -P 5037 start-server'
&amp#27;[38;5;64m[ADB]&amp#27;[0m Setting device id to emulator-5554
&amp#27;[38;5;64m[ADB]&amp#27;[0m Running 'C:\Users\Karthik\AppData\Local\Android\Sdk\platform-tools\adb.exe -P 5037 -s emulator-5554 shell getprop ro.build.version.sdk'
&amp#27;[38;5;64m[ADB]&amp#27;[0m Current device property 'ro.build.version.sdk': 34
&amp#27;[38;5;64m[ADB]&amp#27;[0m Getting device platform version
&amp#27;[38;5;64m[ADB]&amp#27;[0m Running 'C:\Users\Karthik\AppData\Local\Android\Sdk\platform-tools\adb.exe -P 5037 -s emulator-5554 shell getprop ro.build.version.release'
&amp#27;[38;5;64m[ADB]&amp#27;[0m Current device property 'ro.build.version.release': 14
&amp#27;[38;5;64m[ADB]&amp#27;[0m Device API level: 34
&amp#27;[38;5;32m[AndroidUiautomator2Driver@97b8 (abd696a1)]&amp#27;[0m Relaxing hidden api policy
&amp#27;[38;5;64m[ADB]&amp#27;[0m Running 'C:\Users\Karthik\AppData\Local\Android\Sdk\platform-tools\adb.exe -P 5037 -s emulator-5554 shell 'settings put global hidden_api_policy_pre_p_apps 1;settings put global hidden_api_policy_p_apps 1;settings put global hidden_api_policy 1''
&amp#27;[38;5;80m[AndroidDriver]&amp#27;[0m Parsing package and activity from app manifest
&amp#27;[38;5;64m[ADB]&amp#27;[0m Package name: 'com.androidsample.generalstore'
&amp#27;[38;5;64m[ADB]&amp#27;[0m Main activity name: 'com.androidsample.generalstore.SplashActivity'
&amp#27;[38;5;80m[AndroidDriver]&amp#27;[0m Parsed package and activity are: com.androidsample.generalstore/com.androidsample.generalstore.SplashActivity
&amp#27;[38;5;64m[ADB]&amp#27;[0m Running 'C:\Users\Karthik\AppData\Local\Android\Sdk\platform-tools\adb.exe -P 5037 -s emulator-5554 wait-for-device'
&amp#27;[38;5;64m[ADB]&amp#27;[0m Running 'C:\Users\Karthik\AppData\Local\Android\Sdk\platform-tools\adb.exe -P 5037 -s emulator-5554 shell echo ping'
&amp#27;[38;5;80m[AndroidDriver]&amp#27;[0m Pushing settings apk to device...
&amp#27;[38;5;64m[ADB]&amp#27;[0m Getting package info for 'io.appium.settings'
&amp#27;[38;5;64m[ADB]&amp#27;[0m Running 'C:\Users\Karthik\AppData\Local\Android\Sdk\platform-tools\adb.exe -P 5037 -s emulator-5554 shell dumpsys package io.appium.settings'
&amp#27;[38;5;64m[ADB]&amp#27;[0m The version name of the installed 'io.appium.settings' is greater or equal to the application version name ('5.2.0' >= '5.2.0')
&amp#27;[38;5;64m[ADB]&amp#27;[0m There is no need to install/upgrade 'C:\Users\Karthik\.appium\node_modules\appium-uiautomator2-driver\node_modules\io.appium.settings\apks\settings_apk-debug.apk'
&amp#27;[38;5;64m[ADB]&amp#27;[0m Getting IDs of all 'io.appium.settings' processes
&amp#27;[38;5;64m[ADB]&amp#27;[0m Running 'C:\Users\Karthik\AppData\Local\Android\Sdk\platform-tools\adb.exe -P 5037 -s emulator-5554 shell 'pgrep --help; echo $?''
&amp#27;[38;5;64m[ADB]&amp#27;[0m Running 'C:\Users\Karthik\AppData\Local\Android\Sdk\platform-tools\adb.exe -P 5037 -s emulator-5554 shell pgrep -f \(\[\[:blank:\]\]\|\^\)io\.appium\.settings\(\[\[:blank:\]\]\|\$\)'
&amp#27;[38;5;80m[AndroidDriver]&amp#27;[0m io.appium.settings is already running. There is no need to reset its permissions.
&amp#27;[38;5;96m[Logcat]&amp#27;[0m Starting logs capture with command: C:\\Users\\Karthik\\AppData\\Local\\Android\\Sdk\\platform-tools\\adb.exe -P 5037 -s emulator-5554 logcat -v threadtime
&amp#27;[38;5;32m[AndroidUiautomator2Driver@97b8 (abd696a1)]&amp#27;[0m Forwarding UiAutomator2 Server port 6790 to local port 8200
&amp#27;[38;5;64m[ADB]&amp#27;[0m Forwarding system: 8200 to device: 6790
&amp#27;[38;5;64m[ADB]&amp#27;[0m Running 'C:\Users\Karthik\AppData\Local\Android\Sdk\platform-tools\adb.exe -P 5037 -s emulator-5554 forward tcp:8200 tcp:6790'
&amp#27;[38;5;64m[ADB]&amp#27;[0m Checking app cert for C:\Users\Karthik\.appium\node_modules\appium-uiautomator2-driver\node_modules\appium-uiautomator2-server\apks\appium-uiautomator2-server-v5.12.16.apk
&amp#27;[38;5;64m[ADB]&amp#27;[0m Checking app cert for C:\Users\Karthik\.appium\node_modules\appium-uiautomator2-driver\node_modules\appium-uiautomator2-server\apks\appium-uiautomator2-server-debug-androidTest.apk
&amp#27;[38;5;64m[ADB]&amp#27;[0m Using 'apksigner.jar' from 'C:\Users\Karthik\AppData\Local\Android\Sdk\build-tools\34.0.0\lib\apksigner.jar'
&amp#27;[38;5;64m[ADB]&amp#27;[0m Starting apksigner: 'C:\\Program Files\\Java\\jdk-21\\bin\\java.exe' -Xmx1024M -Xss1m -jar C:\\Users\\Karthik\\AppData\\Local\\Android\\Sdk\\build-tools\\34.0.0\\lib\\apksigner.jar verify --print-certs C:\\Users\\Karthik\\.appium\\node_modules\\appium-uiautomator2-driver\\node_modules\\appium-uiautomator2-server\\apks\\appium-uiautomator2-server-debug-androidTest.apk
&amp#27;[38;5;64m[ADB]&amp#27;[0m Starting apksigner: 'C:\\Program Files\\Java\\jdk-21\\bin\\java.exe' -Xmx1024M -Xss1m -jar C:\\Users\\Karthik\\AppData\\Local\\Android\\Sdk\\build-tools\\34.0.0\\lib\\apksigner.jar verify --print-certs C:\\Users\\Karthik\\.appium\\node_modules\\appium-uiautomator2-driver\\node_modules\\appium-uiautomator2-server\\apks\\appium-uiautomator2-server-v5.12.16.apk
&amp#27;[38;5;64m[ADB]&amp#27;[0m apksigner stdout: Signer #1 certificate DN: EMAILADDRESS=android@android.com, CN=Android, OU=Android, O=Android, L=Mountain View, ST=California, C=US
&amp#27;[38;5;64m[ADB]&amp#27;[0m Signer #1 certificate SHA-256 digest: a40da80a59d170caa950cf15c18c454d47a39b26989d8b640ecd745ba71bf5dc
&amp#27;[38;5;64m[ADB]&amp#27;[0m Signer #1 certificate SHA-1 digest: 61ed377e85d386a8dfee6b864bd85b0bfaa5af81
&amp#27;[38;5;64m[ADB]&amp#27;[0m Signer #1 certificate MD5 digest: e89b158e4bcf988ebd09eb83f5378e87
&amp#27;[38;5;64m[ADB]&amp#27;[0m 
&amp#27;[38;5;64m[ADB]&amp#27;[0m sha256 hash did match for 'appium-uiautomator2-server-debug-androidTest.apk'
&amp#27;[38;5;64m[ADB]&amp#27;[0m 'C:\Users\Karthik\.appium\node_modules\appium-uiautomator2-driver\node_modules\appium-uiautomator2-server\apks\appium-uiautomator2-server-debug-androidTest.apk' is signed with the default certificate
&amp#27;[38;5;64m[ADB]&amp#27;[0m Getting install status for io.appium.uiautomator2.server.test
&amp#27;[38;5;64m[ADB]&amp#27;[0m Running 'C:\Users\Karthik\AppData\Local\Android\Sdk\platform-tools\adb.exe -P 5037 -s emulator-5554 shell pm path io.appium.uiautomator2.server.test'
&amp#27;[38;5;64m[ADB]&amp#27;[0m 'io.appium.uiautomator2.server.test' is installed
&amp#27;[38;5;64m[ADB]&amp#27;[0m apksigner stdout: Signer #1 certificate DN: EMAILADDRESS=android@android.com, CN=Android, OU=Android, O=Android, L=Mountain View, ST=California, C=US
&amp#27;[38;5;64m[ADB]&amp#27;[0m Signer #1 certificate SHA-256 digest: a40da80a59d170caa950cf15c18c454d47a39b26989d8b640ecd745ba71bf5dc
&amp#27;[38;5;64m[ADB]&amp#27;[0m Signer #1 certificate SHA-1 digest: 61ed377e85d386a8dfee6b864bd85b0bfaa5af81
&amp#27;[38;5;64m[ADB]&amp#27;[0m Signer #1 certificate MD5 digest: e89b158e4bcf988ebd09eb83f5378e87
&amp#27;[38;5;64m[ADB]&amp#27;[0m 
&amp#27;[38;5;64m[ADB]&amp#27;[0m sha256 hash did match for 'appium-uiautomator2-server-v5.12.16.apk'
&amp#27;[38;5;64m[ADB]&amp#27;[0m 'C:\Users\Karthik\.appium\node_modules\appium-uiautomator2-driver\node_modules\appium-uiautomator2-server\apks\appium-uiautomator2-server-v5.12.16.apk' is signed with the default certificate
&amp#27;[38;5;64m[ADB]&amp#27;[0m Getting package info for 'io.appium.uiautomator2.server'
&amp#27;[38;5;64m[ADB]&amp#27;[0m Running 'C:\Users\Karthik\AppData\Local\Android\Sdk\platform-tools\adb.exe -P 5037 -s emulator-5554 shell dumpsys package io.appium.uiautomator2.server'
&amp#27;[38;5;64m[ADB]&amp#27;[0m The version name of the installed 'io.appium.uiautomator2.server' is greater or equal to the application version name ('5.12.16' >= '5.12.16')
&amp#27;[38;5;32m[AndroidUiautomator2Driver@97b8 (abd696a1)]&amp#27;[0m Server packages status: [{"wasSigned":true,"installState":"sameVersionInstalled","appPath":"C:\\Users\\Karthik\\.appium\\node_modules\\appium-uiautomator2-driver\\node_modules\\appium-uiautomator2-server\\apks\\appium-uiautomator2-server-v5.12.16.apk","appId":"io.appium.uiautomator2.server"},{"wasSigned":true,"installState":"sameVersionInstalled","appPath":"C:\\Users\\Karthik\\.appium\\node_modules\\appium-uiautomator2-driver\\node_modules\\appium-uiautomator2-server\\apks\\appium-uiautomator2-server-debug-androidTest.apk","appId":"io.appium.uiautomator2.server.test"}]
&amp#27;[38;5;32m[AndroidUiautomator2Driver@97b8 (abd696a1)]&amp#27;[0m Server packages are not going to be (re)installed
&amp#27;[38;5;32m[AndroidUiautomator2Driver@97b8 (abd696a1)]&amp#27;[0m Waiting up to 30000ms for services to be available
&amp#27;[38;5;64m[ADB]&amp#27;[0m Running 'C:\Users\Karthik\AppData\Local\Android\Sdk\platform-tools\adb.exe -P 5037 -s emulator-5554 shell pm list instrumentation'
&amp#27;[38;5;32m[AndroidUiautomator2Driver@97b8 (abd696a1)]&amp#27;[0m Instrumentation target 'io.appium.uiautomator2.server.test/androidx.test.runner.AndroidJUnitRunner' is available
&amp#27;[38;5;64m[ADB]&amp#27;[0m Adding packages ["io.appium.settings","io.appium.uiautomator2.server","io.appium.uiautomator2.server.test"] to Doze whitelist
&amp#27;[38;5;64m[ADB]&amp#27;[0m Got the following command chunks to execute: [["dumpsys","deviceidle","whitelist","+io.appium.settings",";","dumpsys","deviceidle","whitelist","+io.appium.uiautomator2.server",";","dumpsys","deviceidle","whitelist","+io.appium.uiautomator2.server.test",";"]]
&amp#27;[38;5;64m[ADB]&amp#27;[0m Running 'C:\Users\Karthik\AppData\Local\Android\Sdk\platform-tools\adb.exe -P 5037 -s emulator-5554 shell dumpsys deviceidle whitelist +io.appium.settings ; dumpsys deviceidle whitelist +io.appium.uiautomator2.server ; dumpsys deviceidle whitelist +io.appium.uiautomator2.server.test ;'
&amp#27;[38;5;64m[ADB]&amp#27;[0m Checking app cert for C:\Users\Karthik\eclipse-workspace\AppiumProject2\src\test\java\resources\General-Store.apk
&amp#27;[38;5;64m[ADB]&amp#27;[0m Starting apksigner: 'C:\\Program Files\\Java\\jdk-21\\bin\\java.exe' -Xmx1024M -Xss1m -jar C:\\Users\\Karthik\\AppData\\Local\\Android\\Sdk\\build-tools\\34.0.0\\lib\\apksigner.jar verify --print-certs C:\\Users\\Karthik\\eclipse-workspace\\AppiumProject2\\src\\test\\java\\resources\\General-Store.apk
&amp#27;[38;5;64m[ADB]&amp#27;[0m apksigner stdout: Signer #1 certificate DN: EMAILADDRESS=android@android.com, CN=Android, OU=Android, O=Android, L=Mountain View, ST=California, C=US
&amp#27;[38;5;64m[ADB]&amp#27;[0m Signer #1 certificate SHA-256 digest: a40da80a59d170caa950cf15c18c454d47a39b26989d8b640ecd745ba71bf5dc
&amp#27;[38;5;64m[ADB]&amp#27;[0m Signer #1 certificate SHA-1 digest: 61ed377e85d386a8dfee6b864bd85b0bfaa5af81
&amp#27;[38;5;64m[ADB]&amp#27;[0m Signer #1 certificate MD5 digest: e89b158e4bcf988ebd09eb83f5378e87
&amp#27;[38;5;64m[ADB]&amp#27;[0m 
&amp#27;[38;5;64m[ADB]&amp#27;[0m sha256 hash did match for 'General-Store.apk'
&amp#27;[38;5;64m[ADB]&amp#27;[0m 'C:\Users\Karthik\eclipse-workspace\AppiumProject2\src\test\java\resources\General-Store.apk' is signed with the default certificate
&amp#27;[38;5;64m[ADB]&amp#27;[0m Getting package info for 'com.androidsample.generalstore'
&amp#27;[38;5;64m[ADB]&amp#27;[0m Running 'C:\Users\Karthik\AppData\Local\Android\Sdk\platform-tools\adb.exe -P 5037 -s emulator-5554 shell dumpsys package com.androidsample.generalstore'
&amp#27;[38;5;64m[ADB]&amp#27;[0m The version name of the installed 'com.androidsample.generalstore' is greater or equal to the application version name ('1.0.0' >= '1.0.0')
&amp#27;[38;5;64m[ADB]&amp#27;[0m There is no need to install/upgrade 'C:\Users\Karthik\eclipse-workspace\AppiumProject2\src\test\java\resources\General-Store.apk'
&amp#27;[38;5;80m[AndroidDriver]&amp#27;[0m Performing fast reset on 'com.androidsample.generalstore'
&amp#27;[38;5;64m[ADB]&amp#27;[0m Getting install status for com.androidsample.generalstore
&amp#27;[38;5;64m[ADB]&amp#27;[0m Running 'C:\Users\Karthik\AppData\Local\Android\Sdk\platform-tools\adb.exe -P 5037 -s emulator-5554 shell pm path com.androidsample.generalstore'
&amp#27;[38;5;64m[ADB]&amp#27;[0m 'com.androidsample.generalstore' is installed
&amp#27;[38;5;64m[ADB]&amp#27;[0m Running 'C:\Users\Karthik\AppData\Local\Android\Sdk\platform-tools\adb.exe -P 5037 -s emulator-5554 shell am force-stop com.androidsample.generalstore'
&amp#27;[38;5;64m[ADB]&amp#27;[0m Running 'C:\Users\Karthik\AppData\Local\Android\Sdk\platform-tools\adb.exe -P 5037 -s emulator-5554 shell pm clear com.androidsample.generalstore'
&amp#27;[38;5;80m[AndroidDriver]&amp#27;[0m Performed fast reset on the installed 'com.androidsample.generalstore' application (stop and clear)
&amp#27;[38;5;32m[AndroidUiautomator2Driver@97b8 (abd696a1)]&amp#27;[0m Performing shallow cleanup of automation leftovers
&amp#27;[38;5;32m[AndroidUiautomator2Driver@97b8 (abd696a1)]&amp#27;[0m No obsolete sessions have been detected (socket hang up)
&amp#27;[38;5;64m[ADB]&amp#27;[0m Running 'C:\Users\Karthik\AppData\Local\Android\Sdk\platform-tools\adb.exe -P 5037 -s emulator-5554 shell am force-stop io.appium.uiautomator2.server.test'
&amp#27;[38;5;32m[AndroidUiautomator2Driver@97b8 (abd696a1)]&amp#27;[0m Starting UIAutomator2 server 5.12.16
&amp#27;[38;5;32m[AndroidUiautomator2Driver@97b8 (abd696a1)]&amp#27;[0m Using UIAutomator2 server from 'C:\Users\Karthik\.appium\node_modules\appium-uiautomator2-driver\node_modules\appium-uiautomator2-server\apks\appium-uiautomator2-server-v5.12.16.apk' and test from 'C:\Users\Karthik\.appium\node_modules\appium-uiautomator2-driver\node_modules\appium-uiautomator2-server\apks\appium-uiautomator2-server-debug-androidTest.apk'
&amp#27;[38;5;32m[AndroidUiautomator2Driver@97b8 (abd696a1)]&amp#27;[0m Waiting up to 30000ms for UiAutomator2 to be online...
&amp#27;[38;5;64m[ADB]&amp#27;[0m Creating ADB subprocess with args: ["-P","5037","-s","emulator-5554","shell","am","instrument","-w","-e","disableAnalytics","true","io.appium.uiautomator2.server.test/androidx.test.runner.AndroidJUnitRunner"]
&amp#27;[38;5;32m[AndroidUiautomator2Driver@97b8 (abd696a1)]&amp#27;[0m Matched '/status' to command name 'getStatus'
&amp#27;[38;5;32m[AndroidUiautomator2Driver@97b8 (abd696a1)]&amp#27;[0m Proxying [GET /status] to [GET http://127.0.0.1:8200/status] with no body
&amp#27;[38;5;32m[AndroidUiautomator2Driver@97b8 (abd696a1)]&amp#27;[0m socket hang up
&amp#27;[38;5;32m[AndroidUiautomator2Driver@97b8 (abd696a1)]&amp#27;[0m Matched '/status' to command name 'getStatus'
&amp#27;[38;5;32m[AndroidUiautomator2Driver@97b8 (abd696a1)]&amp#27;[0m Proxying [GET /status] to [GET http://127.0.0.1:8200/status] with no body
&amp#27;[38;5;32m[AndroidUiautomator2Driver@97b8 (abd696a1)]&amp#27;[0m socket hang up
&amp#27;[38;5;32m[AndroidUiautomator2Driver@97b8 (abd696a1)]&amp#27;[0m Matched '/status' to command name 'getStatus'
&amp#27;[38;5;32m[AndroidUiautomator2Driver@97b8 (abd696a1)]&amp#27;[0m Proxying [GET /status] to [GET http://127.0.0.1:8200/status] with no body
&amp#27;[38;5;32m[AndroidUiautomator2Driver@97b8 (abd696a1)]&amp#27;[0m socket hang up
&amp#27;[38;5;112m[Instrumentation]&amp#27;[0m io.appium.uiautomator2.server.test.AppiumUiAutomator2Server:
&amp#27;[38;5;32m[AndroidUiautomator2Driver@97b8 (abd696a1)]&amp#27;[0m Matched '/status' to command name 'getStatus'
&amp#27;[38;5;32m[AndroidUiautomator2Driver@97b8 (abd696a1)]&amp#27;[0m Proxying [GET /status] to [GET http://127.0.0.1:8200/status] with no body
&amp#27;[38;5;32m[AndroidUiautomator2Driver@97b8 (abd696a1)]&amp#27;[0m socket hang up
&amp#27;[38;5;32m[AndroidUiautomator2Driver@97b8 (abd696a1)]&amp#27;[0m Matched '/status' to command name 'getStatus'
&amp#27;[38;5;32m[AndroidUiautomator2Driver@97b8 (abd696a1)]&amp#27;[0m Proxying [GET /status] to [GET http://127.0.0.1:8200/status] with no body
&amp#27;[38;5;32m[AndroidUiautomator2Driver@97b8 (abd696a1)]&amp#27;[0m Got response with status 200: {"sessionId":"None","value":{"message":"UiAutomator2 Server is ready to accept commands","ready":true}}
&amp#27;[38;5;32m[AndroidUiautomator2Driver@97b8 (abd696a1)]&amp#27;[0m The initialization of the instrumentation process took 4234ms
&amp#27;[38;5;32m[AndroidUiautomator2Driver@97b8 (abd696a1)]&amp#27;[0m Matched '/session' to command name 'createSession'
&amp#27;[38;5;32m[AndroidUiautomator2Driver@97b8 (abd696a1)]&amp#27;[0m Proxying [POST /session] to [POST http://127.0.0.1:8200/session] with body: {"capabilities":{"firstMatch":[{"platformName":"ANDROID","app":"C:\\Users\\Karthik\\eclipse-workspace\\AppiumProject2\\src\\test\\java\\resources\\General-Store.apk","automationName":"UIAutomator2","chromedriverExecutable":"C:\\Users\\Karthik\\eclipse-workspace\\AppiumProject2\\src\\test\\java\\resources\\chromedriver.exe","deviceName":"emulator-5554","platform":"LINUX","webStorageEnabled":false,"takesScreenshot":true,"javascriptEnabled":true,"databaseEnabled":false,"networkConnectionEnabled":true,"locationContextEnabled":false,"warnings":{},"desired":{"platformName":"ANDROID","app":"C:\\Users\\Karthik\\eclipse-workspace\\AppiumProject2\\src\\test\\java\\resources\\General-Store.apk","automationName":"UIAutomator2","chromedriverExecutable":"C:\\Users\\Karthik\\eclipse-workspace\\AppiumProject2\\src\\test\\java\\resources\\chromedriver.exe","deviceName":"Pixel 4a"},"deviceUDID":"emulator-5554","appPackage":"com.androidsample.generalstore"}],"alwaysMatch":{}}}
&amp#27;[38;5;32m[AndroidUiautomator2Driver@97b8 (abd696a1)]&amp#27;[0m Got response with status 200: {"sessionId":"1c1404f0-5a74-42d8-beb6-1bef9e083b18","value":{"capabilities":{"firstMatch":[{"platformName":"ANDROID","app":"C:\\Users\\Karthik\\eclipse-workspace\\AppiumProject2\\src\\test\\java\\resources\\General-Store.apk","automationName":"UIAutomator2","chromedriverExecutable":"C:\\Users\\Karthik\\eclipse-workspace\\AppiumProject2\\src\\test\\java\\resources\\chromedriver.exe","deviceName":"emulator-5554","platform":"LINUX","webStorageEnabled":false,"takesScreenshot":true,"javascriptEnabled":true,"databaseEnabled":false,"networkConnectionEnabled":true,"locationContextEnabled":false,"warnings":{},"desired":{"platformName":"ANDROID","app":"C:\\Users\\Karthik\\eclipse-workspace\\AppiumProject2\\src\\test\\java\\resources\\General-Store.apk","automationName":"UIAutomator2","chromedriverExecutable":"C:\\Users\\Karthik\\eclipse-workspace\\AppiumProject2\\src\\test\\java\\resources\\chromedriver.exe","deviceName":"Pixel 4a"},"deviceUDID":"emulator-5554","appPackage":"com.androidsample.generalstore"}],"always...
&amp#27;[38;5;32m[AndroidUiautomator2Driver@97b8 (abd696a1)]&amp#27;[0m Determined the downstream protocol as 'W3C'
&amp#27;[38;5;32m[AndroidUiautomator2Driver@97b8 (abd696a1)]&amp#27;[0m Proxying [GET /appium/device/pixel_ratio] to [GET http://127.0.0.1:8200/session/1c1404f0-5a74-42d8-beb6-1bef9e083b18/appium/device/pixel_ratio] with no body
&amp#27;[38;5;32m[AndroidUiautomator2Driver@97b8 (abd696a1)]&amp#27;[0m Matched '/appium/device/system_bars' to command name 'getSystemBars'
&amp#27;[38;5;32m[AndroidUiautomator2Driver@97b8 (abd696a1)]&amp#27;[0m Proxying [GET /appium/device/system_bars] to [GET http://127.0.0.1:8200/session/1c1404f0-5a74-42d8-beb6-1bef9e083b18/appium/device/system_bars] with no body
&amp#27;[38;5;32m[AndroidUiautomator2Driver@97b8 (abd696a1)]&amp#27;[0m Matched '/window/current/size' to command name 'getWindowSize'
&amp#27;[38;5;32m[AndroidUiautomator2Driver@97b8 (abd696a1)]&amp#27;[0m Proxying [GET /window/current/size] to [GET http://127.0.0.1:8200/session/1c1404f0-5a74-42d8-beb6-1bef9e083b18/window/current/size] with no body
&amp#27;[38;5;32m[AndroidUiautomator2Driver@97b8 (abd696a1)]&amp#27;[0m Proxying [GET /appium/device/info] to [GET http://127.0.0.1:8200/session/1c1404f0-5a74-42d8-beb6-1bef9e083b18/appium/device/info] with no body
&amp#27;[38;5;64m[ADB]&amp#27;[0m Running 'C:\Users\Karthik\AppData\Local\Android\Sdk\platform-tools\adb.exe -P 5037 -s emulator-5554 shell dumpsys window'
&amp#27;[38;5;32m[AndroidUiautomator2Driver@97b8 (abd696a1)]&amp#27;[0m Got response with status 200: {"sessionId":"1c1404f0-5a74-42d8-beb6-1bef9e083b18","value":2.75}
&amp#27;[38;5;32m[AndroidUiautomator2Driver@97b8 (abd696a1)]&amp#27;[0m Got response with status 200: {"sessionId":"1c1404f0-5a74-42d8-beb6-1bef9e083b18","value":{"statusBar":136}}
&amp#27;[38;5;32m[AndroidUiautomator2Driver@97b8 (abd696a1)]&amp#27;[0m Got response with status 200: {"sessionId":"1c1404f0-5a74-42d8-beb6-1bef9e083b18","value":{"height":2138,"width":1080}}
&amp#27;[38;5;32m[AndroidUiautomator2Driver@97b8 (abd696a1)]&amp#27;[0m Got response with status 200: {"sessionId":"1c1404f0-5a74-42d8-beb6-1bef9e083b18","value":{"androidId":"59fc9944fb2b163e","apiVersion":"34","bluetooth":{"state":"ON"},"brand":"google","carrierName":"T-Mobile","displayDensity":440,"locale":"en_US","manufacturer":"Google","model":"sdk_gphone64_x86_64","networks":[{"capabilities":{"SSID":null,"linkDownBandwidthKbps":4300,"linkUpstreamBandwidthKbps":1800,"networkCapabilities":"NET_CAPABILITY_MMS,NET_CAPABILITY_SUPL,NET_CAPABILITY_DUN,NET_CAPABILITY_FOTA,NET_CAPABILITY_IMS,NET_CAPABILITY_CBS,NET_CAPABILITY_INTERNET,NET_CAPABILITY_NOT_RESTRICTED,NET_CAPABILITY_TRUSTED,NET_CAPABILITY_NOT_VPN,NET_CAPABILITY_VALIDATED,NET_CAPABILITY_NOT_ROAMING,NET_CAPABILITY_NOT_CONGESTED,NET_CAPABILITY_NOT_SUSPENDED","signalStrength":-2147483648,"transportTypes":"TRANSPORT_CELLULAR"},"detailedState":"CONNECTED","extraInfo":"epc.tmobile.com","isAvailable":true,"isConnected":true,"isFailover":false,"isRoaming":false,"state":"CONNECTED","subtype":10,"subtypeName":"HSPA","type":0,"typeName":"MOBILE"},{"capabiliti...
&amp#27;[38;5;80m[AndroidDriver]&amp#27;[0m Screen already unlocked, doing nothing
&amp#27;[38;5;32m[AndroidUiautomator2Driver@97b8 (abd696a1)]&amp#27;[0m Starting 'com.androidsample.generalstore/com.androidsample.generalstore.SplashActivity and waiting for 'com.androidsample.generalstore/com.androidsample.generalstore.SplashActivity'
&amp#27;[38;5;64m[ADB]&amp#27;[0m Running 'C:\Users\Karthik\AppData\Local\Android\Sdk\platform-tools\adb.exe -P 5037 -s emulator-5554 shell am start -W -n com.androidsample.generalstore/com.androidsample.generalstore.SplashActivity -S -a android.intent.action.MAIN -c android.intent.category.LAUNCHER -f 0x10200000'
&amp#27;[38;5;64m[ADB]&amp#27;[0m Waiting up to 20000ms for activity matching pkg: 'com.androidsample.generalstore' and activity: 'com.androidsample.generalstore.SplashActivity' to be focused
&amp#27;[38;5;64m[ADB]&amp#27;[0m Possible activities, to be checked: 'com.androidsample.generalstore.SplashActivity', 'com.androidsample.generalstore.com.androidsample.generalstore.SplashActivity'
&amp#27;[38;5;64m[ADB]&amp#27;[0m Getting focused package and activity
&amp#27;[38;5;64m[ADB]&amp#27;[0m Running 'C:\Users\Karthik\AppData\Local\Android\Sdk\platform-tools\adb.exe -P 5037 -s emulator-5554 shell dumpsys window displays'
&amp#27;[38;5;64m[ADB]&amp#27;[0m Found package: 'com.androidsample.generalstore' and fully qualified activity name : 'com.androidsample.generalstore.SplashActivity'
&amp#27;[38;5;16m[AppiumDriver@a93c]&amp#27;[0m New AndroidUiautomator2Driver session created successfully, session abd696a1-b514-4f12-8ca4-0856a59a36a0 added to master session list
&amp#27;[38;5;16m[AppiumDriver@a93c]&amp#27;[0m Event 'newSessionStarted' logged at 1725475161928 (00:09:21 GMT+0530 (India Standard Time))
&amp#27;[38;5;32m[AndroidUiautomator2Driver@97b8 (abd696a1)]&amp#27;[0m Cached the protocol value 'W3C' for the new session abd696a1-b514-4f12-8ca4-0856a59a36a0
&amp#27;[38;5;32m[AndroidUiautomator2Driver@97b8 (abd696a1)]&amp#27;[0m Responding to client with driver.createSession() result: {"capabilities":{"platformName":"ANDROID","app":"C:\\Users\\Karthik\\eclipse-workspace\\AppiumProject2\\src\\test\\java\\resources\\General-Store.apk","automationName":"UIAutomator2","chromedriverExecutable":"C:\\Users\\Karthik\\eclipse-workspace\\AppiumProject2\\src\\test\\java\\resources\\chromedriver.exe","deviceName":"emulator-5554","platform":"LINUX","webStorageEnabled":false,"takesScreenshot":true,"javascriptEnabled":true,"databaseEnabled":false,"networkConnectionEnabled":true,"locationContextEnabled":false,"warnings":{},"desired":{"platformName":"ANDROID","app":"C:\\Users\\Karthik\\eclipse-workspace\\AppiumProject2\\src\\test\\java\\resources\\General-Store.apk","automationName":"UIAutomator2","chromedriverExecutable":"C:\\Users\\Karthik\\eclipse-workspace\\AppiumProject2\\src\\test\\java\\resources\\chromedriver.exe","deviceName":"Pixel 4a"},"deviceUDID":"emulator-5554","appPackage":"com.androidsample.generalstore","pixelRatio":"2.75","statBarHeight":136,"viewportRect":{"left":0,"top":136,"width":1...
&amp#27;[38;5;0m[HTTP]&amp#27;[0m &amp#27;[37m<-- POST /session &amp#27;[39m&amp#27;[32m200&amp#27;[39m &amp#27;[90m12737 ms - 1268&amp#27;[39m
&amp#27;[38;5;0m[HTTP]&amp#27;[0m &amp#27;[90m&amp#27;[39m
&amp#27;[38;5;0m[HTTP]&amp#27;[0m &amp#27;[37m-->&amp#27;[39m &amp#27;[37mPOST&amp#27;[39m &amp#27;[37m/session/abd696a1-b514-4f12-8ca4-0856a59a36a0/timeouts&amp#27;[39m
&amp#27;[38;5;0m[HTTP]&amp#27;[0m &amp#27;[90m{"implicit":10000}&amp#27;[39m
&amp#27;[38;5;32m[AndroidUiautomator2Driver@97b8 (abd696a1)]&amp#27;[0m Calling AppiumDriver.timeouts() with args: [null,null,null,null,10000,"abd696a1-b514-4f12-8ca4-0856a59a36a0"]
&amp#27;[38;5;32m[AndroidUiautomator2Driver@97b8 (abd696a1)]&amp#27;[0m W3C timeout argument: {"implicit":10000}}
&amp#27;[38;5;32m[AndroidUiautomator2Driver@97b8 (abd696a1)]&amp#27;[0m Set implicit wait to 10000ms
&amp#27;[38;5;32m[AndroidUiautomator2Driver@97b8 (abd696a1)]&amp#27;[0m Responding to client with driver.timeouts() result: null
&amp#27;[38;5;0m[HTTP]&amp#27;[0m &amp#27;[37m<-- POST /session/abd696a1-b514-4f12-8ca4-0856a59a36a0/timeouts &amp#27;[39m&amp#27;[32m200&amp#27;[39m &amp#27;[90m3 ms - 14&amp#27;[39m
&amp#27;[38;5;0m[HTTP]&amp#27;[0m &amp#27;[90m&amp#27;[39m
&amp#27;[38;5;0m[HTTP]&amp#27;[0m &amp#27;[37m-->&amp#27;[39m &amp#27;[37mPOST&amp#27;[39m &amp#27;[37m/session/abd696a1-b514-4f12-8ca4-0856a59a36a0/execute/sync&amp#27;[39m
&amp#27;[38;5;0m[HTTP]&amp#27;[0m &amp#27;[90m{"script":"mobile: pressKey","args":[{"keycode":4}]}&amp#27;[39m
&amp#27;[38;5;32m[AndroidUiautomator2Driver@97b8 (abd696a1)]&amp#27;[0m Calling AppiumDriver.execute() with args: ["mobile: pressKey",[{"keycode":4}],"abd696a1-b514-4f12-8ca4-0856a59a36a0"]
&amp#27;[38;5;32m[AndroidUiautomator2Driver@97b8 (abd696a1)]&amp#27;[0m Executing method 'mobile: pressKey'
&amp#27;[38;5;32m[AndroidUiautomator2Driver@97b8 (abd696a1)]&amp#27;[0m Matched '/appium/device/press_keycode' to command name 'pressKeyCode'
&amp#27;[38;5;32m[AndroidUiautomator2Driver@97b8 (abd696a1)]&amp#27;[0m Proxying [POST /appium/device/press_keycode] to [POST http://127.0.0.1:8200/session/1c1404f0-5a74-42d8-beb6-1bef9e083b18/appium/device/press_keycode] with body: {"keycode":4}
&amp#27;[38;5;32m[AndroidUiautomator2Driver@97b8 (abd696a1)]&amp#27;[0m Got response with status 200: {"sessionId":"1c1404f0-5a74-42d8-beb6-1bef9e083b18","value":null}
&amp#27;[38;5;32m[AndroidUiautomator2Driver@97b8 (abd696a1)]&amp#27;[0m Responding to client with driver.execute() result: null
&amp#27;[38;5;0m[HTTP]&amp#27;[0m &amp#27;[37m<-- POST /session/abd696a1-b514-4f12-8ca4-0856a59a36a0/execute/sync &amp#27;[39m&amp#27;[32m200&amp#27;[39m &amp#27;[90m99 ms - 14&amp#27;[39m
&amp#27;[38;5;0m[HTTP]&amp#27;[0m &amp#27;[90m&amp#27;[39m
&amp#27;[38;5;0m[HTTP]&amp#27;[0m &amp#27;[37m-->&amp#27;[39m &amp#27;[37mGET&amp#27;[39m &amp#27;[37m/session/abd696a1-b514-4f12-8ca4-0856a59a36a0/context&amp#27;[39m
&amp#27;[38;5;0m[HTTP]&amp#27;[0m &amp#27;[90m{}&amp#27;[39m
&amp#27;[38;5;32m[AndroidUiautomator2Driver@97b8 (abd696a1)]&amp#27;[0m Calling AppiumDriver.getCurrentContext() with args: ["abd696a1-b514-4f12-8ca4-0856a59a36a0"]
&amp#27;[38;5;32m[AndroidUiautomator2Driver@97b8 (abd696a1)]&amp#27;[0m Responding to client with driver.getCurrentContext() result: "NATIVE_APP"
&amp#27;[38;5;0m[HTTP]&amp#27;[0m &amp#27;[37m<-- GET /session/abd696a1-b514-4f12-8ca4-0856a59a36a0/context &amp#27;[39m&amp#27;[32m200&amp#27;[39m &amp#27;[90m3 ms - 22&amp#27;[39m
&amp#27;[38;5;0m[HTTP]&amp#27;[0m &amp#27;[90m&amp#27;[39m
&amp#27;[38;5;0m[HTTP]&amp#27;[0m &amp#27;[37m-->&amp#27;[39m &amp#27;[37mPOST&amp#27;[39m &amp#27;[37m/session/abd696a1-b514-4f12-8ca4-0856a59a36a0/element&amp#27;[39m
&amp#27;[38;5;0m[HTTP]&amp#27;[0m &amp#27;[90m{"using":"id","value":"com.androidsample.generalstore:id/nameField"}&amp#27;[39m
&amp#27;[38;5;32m[AndroidUiautomator2Driver@97b8 (abd696a1)]&amp#27;[0m Calling AppiumDriver.findElement() with args: ["id","com.androidsample.generalstore:id/nameField","abd696a1-b514-4f12-8ca4-0856a59a36a0"]
&amp#27;[38;5;32m[AndroidUiautomator2Driver@97b8 (abd696a1)]&amp#27;[0m Valid locator strategies for this request: xpath, id, class name, accessibility id, css selector, -android uiautomator
&amp#27;[38;5;32m[AndroidUiautomator2Driver@97b8 (abd696a1)]&amp#27;[0m Waiting up to 10000 ms for condition
&amp#27;[38;5;32m[AndroidUiautomator2Driver@97b8 (abd696a1)]&amp#27;[0m Matched '/element' to command name 'findElement'
&amp#27;[38;5;32m[AndroidUiautomator2Driver@97b8 (abd696a1)]&amp#27;[0m Proxying [POST /element] to [POST http://127.0.0.1:8200/session/1c1404f0-5a74-42d8-beb6-1bef9e083b18/element] with body: {"strategy":"id","selector":"com.androidsample.generalstore:id/nameField","context":"","multiple":false}
&amp#27;[38;5;32m[AndroidUiautomator2Driver@97b8 (abd696a1)]&amp#27;[0m Got response with status 404: {"sessionId":"1c1404f0-5a74-42d8-beb6-1bef9e083b18","value":{"error":"no such element","message":"An element could not be located on the page using the given search parameters","stacktrace":"io.appium.uiautomator2.common.exceptions.ElementNotFoundException: An element could not be located on the page using the given search parameters\n\tat io.appium.uiautomator2.handler.FindElement.safeHandle(FindElement.java:63)\n\tat io.appium.uiautomator2.handler.request.SafeRequestHandler.handle(SafeRequestHandler.java:59)\n\tat io.appium.uiautomator2.server.AppiumServlet.handleRequest(AppiumServlet.java:277)\n\tat io.appium.uiautomator2.server.AppiumServlet.handleHttpRequest(AppiumServlet.java:271)\n\tat io.appium.uiautomator2.http.ServerHandler.channelRead(ServerHandler.java:77)\n\tat io.netty.channel.AbstractChannelHandlerContext.invokeChannelRead(AbstractChannelHandlerContext.java:366)\n\tat io.netty.channel.AbstractChannelHandlerContext.invokeChannelRead(AbstractChannelHandlerContext.java:352)\n\tat io.netty.chann...
&amp#27;[38;5;128m[W3C]&amp#27;[0m Matched W3C error code 'no such element' to NoSuchElementError
&amp#27;[38;5;32m[AndroidUiautomator2Driver@97b8 (abd696a1)]&amp#27;[0m Waited for 144 ms so far
&amp#27;[38;5;32m[AndroidUiautomator2Driver@97b8 (abd696a1)]&amp#27;[0m Matched '/element' to command name 'findElement'
&amp#27;[38;5;32m[AndroidUiautomator2Driver@97b8 (abd696a1)]&amp#27;[0m Proxying [POST /element] to [POST http://127.0.0.1:8200/session/1c1404f0-5a74-42d8-beb6-1bef9e083b18/element] with body: {"strategy":"id","selector":"com.androidsample.generalstore:id/nameField","context":"","multiple":false}
&amp#27;[38;5;32m[AndroidUiautomator2Driver@97b8 (abd696a1)]&amp#27;[0m Got response with status 404: {"sessionId":"1c1404f0-5a74-42d8-beb6-1bef9e083b18","value":{"error":"no such element","message":"An element could not be located on the page using the given search parameters","stacktrace":"io.appium.uiautomator2.common.exceptions.ElementNotFoundException: An element could not be located on the page using the given search parameters\n\tat io.appium.uiautomator2.handler.FindElement.safeHandle(FindElement.java:63)\n\tat io.appium.uiautomator2.handler.request.SafeRequestHandler.handle(SafeRequestHandler.java:59)\n\tat io.appium.uiautomator2.server.AppiumServlet.handleRequest(AppiumServlet.java:277)\n\tat io.appium.uiautomator2.server.AppiumServlet.handleHttpRequest(AppiumServlet.java:271)\n\tat io.appium.uiautomator2.http.ServerHandler.channelRead(ServerHandler.java:77)\n\tat io.netty.channel.AbstractChannelHandlerContext.invokeChannelRead(AbstractChannelHandlerContext.java:366)\n\tat io.netty.channel.AbstractChannelHandlerContext.invokeChannelRead(AbstractChannelHandlerContext.java:352)\n\tat io.netty.chann...
&amp#27;[38;5;128m[W3C]&amp#27;[0m Matched W3C error code 'no such element' to NoSuchElementError
&amp#27;[38;5;32m[AndroidUiautomator2Driver@97b8 (abd696a1)]&amp#27;[0m Waited for 1161 ms so far
&amp#27;[38;5;32m[AndroidUiautomator2Driver@97b8 (abd696a1)]&amp#27;[0m Matched '/element' to command name 'findElement'
&amp#27;[38;5;32m[AndroidUiautomator2Driver@97b8 (abd696a1)]&amp#27;[0m Proxying [POST /element] to [POST http://127.0.0.1:8200/session/1c1404f0-5a74-42d8-beb6-1bef9e083b18/element] with body: {"strategy":"id","selector":"com.androidsample.generalstore:id/nameField","context":"","multiple":false}
&amp#27;[38;5;32m[AndroidUiautomator2Driver@97b8 (abd696a1)]&amp#27;[0m Got response with status 200: {"sessionId":"1c1404f0-5a74-42d8-beb6-1bef9e083b18","value":{"ELEMENT":"00000000-0000-0b83-ffff-ffff0000001c","element-6066-11e4-a52e-4f735466cecf":"00000000-0000-0b83-ffff-ffff0000001c"}}
&amp#27;[38;5;32m[AndroidUiautomator2Driver@97b8 (abd696a1)]&amp#27;[0m Responding to client with driver.findElement() result: {"element-6066-11e4-a52e-4f735466cecf":"00000000-0000-0b83-ffff-ffff0000001c","ELEMENT":"00000000-0000-0b83-ffff-ffff0000001c"}
&amp#27;[38;5;0m[HTTP]&amp#27;[0m &amp#27;[37m<-- POST /session/abd696a1-b514-4f12-8ca4-0856a59a36a0/element &amp#27;[39m&amp#27;[32m200&amp#27;[39m &amp#27;[90m2308 ms - 137&amp#27;[39m
&amp#27;[38;5;0m[HTTP]&amp#27;[0m &amp#27;[90m&amp#27;[39m
&amp#27;[38;5;0m[HTTP]&amp#27;[0m &amp#27;[37m-->&amp#27;[39m &amp#27;[37mPOST&amp#27;[39m &amp#27;[37m/session/abd696a1-b514-4f12-8ca4-0856a59a36a0/element/00000000-0000-0b83-ffff-ffff0000001c/value&amp#27;[39m
&amp#27;[38;5;0m[HTTP]&amp#27;[0m &amp#27;[90m{"id":"00000000-0000-0b83-ffff-ffff0000001c","text":"John","value":["J","o","h","n"]}&amp#27;[39m
&amp#27;[38;5;32m[AndroidUiautomator2Driver@97b8 (abd696a1)]&amp#27;[0m Calling AppiumDriver.setValue() with args: [["J","o","h","n"],"00000000-0000-0b83-ffff-ffff0000001c","abd696a1-b514-4f12-8ca4-0856a59a36a0"]
&amp#27;[38;5;32m[AndroidUiautomator2Driver@97b8 (abd696a1)]&amp#27;[0m Matched '/element/00000000-0000-0b83-ffff-ffff0000001c/value' to command name 'setValue'
&amp#27;[38;5;32m[AndroidUiautomator2Driver@97b8 (abd696a1)]&amp#27;[0m Added 'value' property ["J","o","h","n"] to 'setValue' request body
&amp#27;[38;5;32m[AndroidUiautomator2Driver@97b8 (abd696a1)]&amp#27;[0m Proxying [POST /element/00000000-0000-0b83-ffff-ffff0000001c/value] to [POST http://127.0.0.1:8200/session/1c1404f0-5a74-42d8-beb6-1bef9e083b18/element/00000000-0000-0b83-ffff-ffff0000001c/value] with body: {"elementId":"00000000-0000-0b83-ffff-ffff0000001c","text":"John","replace":false,"value":["J","o","h","n"]}
&amp#27;[38;5;32m[AndroidUiautomator2Driver@97b8 (abd696a1)]&amp#27;[0m Got response with status 200: {"sessionId":"1c1404f0-5a74-42d8-beb6-1bef9e083b18","value":null}
&amp#27;[38;5;32m[AndroidUiautomator2Driver@97b8 (abd696a1)]&amp#27;[0m Responding to client with driver.setValue() result: null
&amp#27;[38;5;0m[HTTP]&amp#27;[0m &amp#27;[37m<-- POST /session/abd696a1-b514-4f12-8ca4-0856a59a36a0/element/00000000-0000-0b83-ffff-ffff0000001c/value &amp#27;[39m&amp#27;[32m200&amp#27;[39m &amp#27;[90m113 ms - 14&amp#27;[39m
&amp#27;[38;5;0m[HTTP]&amp#27;[0m &amp#27;[90m&amp#27;[39m
&amp#27;[38;5;0m[HTTP]&amp#27;[0m &amp#27;[37m-->&amp#27;[39m &amp#27;[37mPOST&amp#27;[39m &amp#27;[37m/session/abd696a1-b514-4f12-8ca4-0856a59a36a0/execute/sync&amp#27;[39m
&amp#27;[38;5;0m[HTTP]&amp#27;[0m &amp#27;[90m{"script":"mobile: hideKeyboard","args":[]}&amp#27;[39m
&amp#27;[38;5;32m[AndroidUiautomator2Driver@97b8 (abd696a1)]&amp#27;[0m Calling AppiumDriver.execute() with args: ["mobile: hideKeyboard",[],"abd696a1-b514-4f12-8ca4-0856a59a36a0"]
&amp#27;[38;5;32m[AndroidUiautomator2Driver@97b8 (abd696a1)]&amp#27;[0m Executing method 'mobile: hideKeyboard'
&amp#27;[38;5;64m[ADB]&amp#27;[0m Running 'C:\Users\Karthik\AppData\Local\Android\Sdk\platform-tools\adb.exe -P 5037 -s emulator-5554 shell dumpsys input_method'
&amp#27;[38;5;64m[ADB]&amp#27;[0m Keyboard has no UI; no closing necessary
&amp#27;[38;5;32m[AndroidUiautomator2Driver@97b8 (abd696a1)]&amp#27;[0m Responding to client with driver.execute() result: false
&amp#27;[38;5;0m[HTTP]&amp#27;[0m &amp#27;[37m<-- POST /session/abd696a1-b514-4f12-8ca4-0856a59a36a0/execute/sync &amp#27;[39m&amp#27;[32m200&amp#27;[39m &amp#27;[90m352 ms - 15&amp#27;[39m
&amp#27;[38;5;0m[HTTP]&amp#27;[0m &amp#27;[90m&amp#27;[39m
&amp#27;[38;5;0m[HTTP]&amp#27;[0m &amp#27;[37m-->&amp#27;[39m &amp#27;[37mGET&amp#27;[39m &amp#27;[37m/session/abd696a1-b514-4f12-8ca4-0856a59a36a0/context&amp#27;[39m
&amp#27;[38;5;0m[HTTP]&amp#27;[0m &amp#27;[90m{}&amp#27;[39m
&amp#27;[38;5;32m[AndroidUiautomator2Driver@97b8 (abd696a1)]&amp#27;[0m Calling AppiumDriver.getCurrentContext() with args: ["abd696a1-b514-4f12-8ca4-0856a59a36a0"]
&amp#27;[38;5;32m[AndroidUiautomator2Driver@97b8 (abd696a1)]&amp#27;[0m Responding to client with driver.getCurrentContext() result: "NATIVE_APP"
&amp#27;[38;5;0m[HTTP]&amp#27;[0m &amp#27;[37m<-- GET /session/abd696a1-b514-4f12-8ca4-0856a59a36a0/context &amp#27;[39m&amp#27;[32m200&amp#27;[39m &amp#27;[90m2 ms - 22&amp#27;[39m
&amp#27;[38;5;0m[HTTP]&amp#27;[0m &amp#27;[90m&amp#27;[39m
&amp#27;[38;5;0m[HTTP]&amp#27;[0m &amp#27;[37m-->&amp#27;[39m &amp#27;[37mPOST&amp#27;[39m &amp#27;[37m/session/abd696a1-b514-4f12-8ca4-0856a59a36a0/element&amp#27;[39m
&amp#27;[38;5;0m[HTTP]&amp#27;[0m &amp#27;[90m{"using":"id","value":"com.androidsample.generalstore:id/radioMale"}&amp#27;[39m
&amp#27;[38;5;32m[AndroidUiautomator2Driver@97b8 (abd696a1)]&amp#27;[0m Calling AppiumDriver.findElement() with args: ["id","com.androidsample.generalstore:id/radioMale","abd696a1-b514-4f12-8ca4-0856a59a36a0"]
&amp#27;[38;5;32m[AndroidUiautomator2Driver@97b8 (abd696a1)]&amp#27;[0m Valid locator strategies for this request: xpath, id, class name, accessibility id, css selector, -android uiautomator
&amp#27;[38;5;32m[AndroidUiautomator2Driver@97b8 (abd696a1)]&amp#27;[0m Waiting up to 10000 ms for condition
&amp#27;[38;5;32m[AndroidUiautomator2Driver@97b8 (abd696a1)]&amp#27;[0m Matched '/element' to command name 'findElement'
&amp#27;[38;5;32m[AndroidUiautomator2Driver@97b8 (abd696a1)]&amp#27;[0m Proxying [POST /element] to [POST http://127.0.0.1:8200/session/1c1404f0-5a74-42d8-beb6-1bef9e083b18/element] with body: {"strategy":"id","selector":"com.androidsample.generalstore:id/radioMale","context":"","multiple":false}
&amp#27;[38;5;32m[AndroidUiautomator2Driver@97b8 (abd696a1)]&amp#27;[0m Got response with status 200: {"sessionId":"1c1404f0-5a74-42d8-beb6-1bef9e083b18","value":{"ELEMENT":"00000000-0000-0b83-ffff-ffff0000001f","element-6066-11e4-a52e-4f735466cecf":"00000000-0000-0b83-ffff-ffff0000001f"}}
&amp#27;[38;5;32m[AndroidUiautomator2Driver@97b8 (abd696a1)]&amp#27;[0m Responding to client with driver.findElement() result: {"element-6066-11e4-a52e-4f735466cecf":"00000000-0000-0b83-ffff-ffff0000001f","ELEMENT":"00000000-0000-0b83-ffff-ffff0000001f"}
&amp#27;[38;5;0m[HTTP]&amp#27;[0m &amp#27;[37m<-- POST /session/abd696a1-b514-4f12-8ca4-0856a59a36a0/element &amp#27;[39m&amp#27;[32m200&amp#27;[39m &amp#27;[90m189 ms - 137&amp#27;[39m
&amp#27;[38;5;0m[HTTP]&amp#27;[0m &amp#27;[90m&amp#27;[39m
&amp#27;[38;5;0m[HTTP]&amp#27;[0m &amp#27;[37m-->&amp#27;[39m &amp#27;[37mPOST&amp#27;[39m &amp#27;[37m/session/abd696a1-b514-4f12-8ca4-0856a59a36a0/element/00000000-0000-0b83-ffff-ffff0000001f/click&amp#27;[39m
&amp#27;[38;5;0m[HTTP]&amp#27;[0m &amp#27;[90m{"id":"00000000-0000-0b83-ffff-ffff0000001f"}&amp#27;[39m
&amp#27;[38;5;32m[AndroidUiautomator2Driver@97b8 (abd696a1)]&amp#27;[0m Calling AppiumDriver.click() with args: ["00000000-0000-0b83-ffff-ffff0000001f","abd696a1-b514-4f12-8ca4-0856a59a36a0"]
&amp#27;[38;5;32m[AndroidUiautomator2Driver@97b8 (abd696a1)]&amp#27;[0m Matched '/element/00000000-0000-0b83-ffff-ffff0000001f/click' to command name 'click'
&amp#27;[38;5;32m[AndroidUiautomator2Driver@97b8 (abd696a1)]&amp#27;[0m Proxying [POST /element/00000000-0000-0b83-ffff-ffff0000001f/click] to [POST http://127.0.0.1:8200/session/1c1404f0-5a74-42d8-beb6-1bef9e083b18/element/00000000-0000-0b83-ffff-ffff0000001f/click] with body: {"element":"00000000-0000-0b83-ffff-ffff0000001f"}
&amp#27;[38;5;32m[AndroidUiautomator2Driver@97b8 (abd696a1)]&amp#27;[0m Got response with status 200: {"sessionId":"1c1404f0-5a74-42d8-beb6-1bef9e083b18","value":null}
&amp#27;[38;5;32m[AndroidUiautomator2Driver@97b8 (abd696a1)]&amp#27;[0m Responding to client with driver.click() result: null
&amp#27;[38;5;0m[HTTP]&amp#27;[0m &amp#27;[37m<-- POST /session/abd696a1-b514-4f12-8ca4-0856a59a36a0/element/00000000-0000-0b83-ffff-ffff0000001f/click &amp#27;[39m&amp#27;[32m200&amp#27;[39m &amp#27;[90m93 ms - 14&amp#27;[39m
&amp#27;[38;5;0m[HTTP]&amp#27;[0m &amp#27;[90m&amp#27;[39m
&amp#27;[38;5;0m[HTTP]&amp#27;[0m &amp#27;[37m-->&amp#27;[39m &amp#27;[37mGET&amp#27;[39m &amp#27;[37m/session/abd696a1-b514-4f12-8ca4-0856a59a36a0/context&amp#27;[39m
&amp#27;[38;5;0m[HTTP]&amp#27;[0m &amp#27;[90m{}&amp#27;[39m
&amp#27;[38;5;32m[AndroidUiautomator2Driver@97b8 (abd696a1)]&amp#27;[0m Calling AppiumDriver.getCurrentContext() with args: ["abd696a1-b514-4f12-8ca4-0856a59a36a0"]
&amp#27;[38;5;32m[AndroidUiautomator2Driver@97b8 (abd696a1)]&amp#27;[0m Responding to client with driver.getCurrentContext() result: "NATIVE_APP"
&amp#27;[38;5;0m[HTTP]&amp#27;[0m &amp#27;[37m<-- GET /session/abd696a1-b514-4f12-8ca4-0856a59a36a0/context &amp#27;[39m&amp#27;[32m200&amp#27;[39m &amp#27;[90m1 ms - 22&amp#27;[39m
&amp#27;[38;5;0m[HTTP]&amp#27;[0m &amp#27;[90m&amp#27;[39m
&amp#27;[38;5;0m[HTTP]&amp#27;[0m &amp#27;[37m-->&amp#27;[39m &amp#27;[37mPOST&amp#27;[39m &amp#27;[37m/session/abd696a1-b514-4f12-8ca4-0856a59a36a0/element&amp#27;[39m
&amp#27;[38;5;0m[HTTP]&amp#27;[0m &amp#27;[90m{"using":"id","value":"android:id/text1"}&amp#27;[39m
&amp#27;[38;5;32m[AndroidUiautomator2Driver@97b8 (abd696a1)]&amp#27;[0m Calling AppiumDriver.findElement() with args: ["id","android:id/text1","abd696a1-b514-4f12-8ca4-0856a59a36a0"]
&amp#27;[38;5;32m[AndroidUiautomator2Driver@97b8 (abd696a1)]&amp#27;[0m Valid locator strategies for this request: xpath, id, class name, accessibility id, css selector, -android uiautomator
&amp#27;[38;5;32m[AndroidUiautomator2Driver@97b8 (abd696a1)]&amp#27;[0m Waiting up to 10000 ms for condition
&amp#27;[38;5;32m[AndroidUiautomator2Driver@97b8 (abd696a1)]&amp#27;[0m Matched '/element' to command name 'findElement'
&amp#27;[38;5;32m[AndroidUiautomator2Driver@97b8 (abd696a1)]&amp#27;[0m Proxying [POST /element] to [POST http://127.0.0.1:8200/session/1c1404f0-5a74-42d8-beb6-1bef9e083b18/element] with body: {"strategy":"id","selector":"android:id/text1","context":"","multiple":false}
&amp#27;[38;5;32m[AndroidUiautomator2Driver@97b8 (abd696a1)]&amp#27;[0m Got response with status 200: {"sessionId":"1c1404f0-5a74-42d8-beb6-1bef9e083b18","value":{"ELEMENT":"00000000-0000-0b83-ffff-ffff00000024","element-6066-11e4-a52e-4f735466cecf":"00000000-0000-0b83-ffff-ffff00000024"}}
&amp#27;[38;5;32m[AndroidUiautomator2Driver@97b8 (abd696a1)]&amp#27;[0m Responding to client with driver.findElement() result: {"element-6066-11e4-a52e-4f735466cecf":"00000000-0000-0b83-ffff-ffff00000024","ELEMENT":"00000000-0000-0b83-ffff-ffff00000024"}
&amp#27;[38;5;0m[HTTP]&amp#27;[0m &amp#27;[37m<-- POST /session/abd696a1-b514-4f12-8ca4-0856a59a36a0/element &amp#27;[39m&amp#27;[32m200&amp#27;[39m &amp#27;[90m104 ms - 137&amp#27;[39m
&amp#27;[38;5;0m[HTTP]&amp#27;[0m &amp#27;[90m&amp#27;[39m
&amp#27;[38;5;0m[HTTP]&amp#27;[0m &amp#27;[37m-->&amp#27;[39m &amp#27;[37mPOST&amp#27;[39m &amp#27;[37m/session/abd696a1-b514-4f12-8ca4-0856a59a36a0/element/00000000-0000-0b83-ffff-ffff00000024/click&amp#27;[39m
&amp#27;[38;5;0m[HTTP]&amp#27;[0m &amp#27;[90m{"id":"00000000-0000-0b83-ffff-ffff00000024"}&amp#27;[39m
&amp#27;[38;5;32m[AndroidUiautomator2Driver@97b8 (abd696a1)]&amp#27;[0m Calling AppiumDriver.click() with args: ["00000000-0000-0b83-ffff-ffff00000024","abd696a1-b514-4f12-8ca4-0856a59a36a0"]
&amp#27;[38;5;32m[AndroidUiautomator2Driver@97b8 (abd696a1)]&amp#27;[0m Matched '/element/00000000-0000-0b83-ffff-ffff00000024/click' to command name 'click'
&amp#27;[38;5;32m[AndroidUiautomator2Driver@97b8 (abd696a1)]&amp#27;[0m Proxying [POST /element/00000000-0000-0b83-ffff-ffff00000024/click] to [POST http://127.0.0.1:8200/session/1c1404f0-5a74-42d8-beb6-1bef9e083b18/element/00000000-0000-0b83-ffff-ffff00000024/click] with body: {"element":"00000000-0000-0b83-ffff-ffff00000024"}
&amp#27;[38;5;32m[AndroidUiautomator2Driver@97b8 (abd696a1)]&amp#27;[0m Got response with status 200: {"sessionId":"1c1404f0-5a74-42d8-beb6-1bef9e083b18","value":null}
&amp#27;[38;5;32m[AndroidUiautomator2Driver@97b8 (abd696a1)]&amp#27;[0m Responding to client with driver.click() result: null
&amp#27;[38;5;0m[HTTP]&amp#27;[0m &amp#27;[37m<-- POST /session/abd696a1-b514-4f12-8ca4-0856a59a36a0/element/00000000-0000-0b83-ffff-ffff00000024/click &amp#27;[39m&amp#27;[32m200&amp#27;[39m &amp#27;[90m441 ms - 14&amp#27;[39m
&amp#27;[38;5;0m[HTTP]&amp#27;[0m &amp#27;[90m&amp#27;[39m
&amp#27;[38;5;0m[HTTP]&amp#27;[0m &amp#27;[37m-->&amp#27;[39m &amp#27;[37mPOST&amp#27;[39m &amp#27;[37m/session/abd696a1-b514-4f12-8ca4-0856a59a36a0/element&amp#27;[39m
&amp#27;[38;5;0m[HTTP]&amp#27;[0m &amp#27;[90m{"using":"-android uiautomator","value":"new UiScrollable (new UiSelector()).scrollIntoView(text(\"Algeria\"));"}&amp#27;[39m
&amp#27;[38;5;32m[AndroidUiautomator2Driver@97b8 (abd696a1)]&amp#27;[0m Calling AppiumDriver.findElement() with args: ["-android uiautomator","new UiScrollable (new UiSelector()).scrollIntoView(text(\"Algeria\"));","abd696a1-b514-4f12-8ca4-0856a59a36a0"]
&amp#27;[38;5;32m[AndroidUiautomator2Driver@97b8 (abd696a1)]&amp#27;[0m Valid locator strategies for this request: xpath, id, class name, accessibility id, css selector, -android uiautomator
&amp#27;[38;5;32m[AndroidUiautomator2Driver@97b8 (abd696a1)]&amp#27;[0m Waiting up to 10000 ms for condition
&amp#27;[38;5;32m[AndroidUiautomator2Driver@97b8 (abd696a1)]&amp#27;[0m Matched '/element' to command name 'findElement'
&amp#27;[38;5;32m[AndroidUiautomator2Driver@97b8 (abd696a1)]&amp#27;[0m Proxying [POST /element] to [POST http://127.0.0.1:8200/session/1c1404f0-5a74-42d8-beb6-1bef9e083b18/element] with body: {"strategy":"-android uiautomator","selector":"new UiScrollable (new UiSelector()).scrollIntoView(text(\"Algeria\"));","context":"","multiple":false}
&amp#27;[38;5;32m[AndroidUiautomator2Driver@97b8 (abd696a1)]&amp#27;[0m Got response with status 200: {"sessionId":"1c1404f0-5a74-42d8-beb6-1bef9e083b18","value":{"ELEMENT":"00000000-0000-0b84-ffff-ffff0000002b","element-6066-11e4-a52e-4f735466cecf":"00000000-0000-0b84-ffff-ffff0000002b"}}
&amp#27;[38;5;32m[AndroidUiautomator2Driver@97b8 (abd696a1)]&amp#27;[0m Responding to client with driver.findElement() result: {"element-6066-11e4-a52e-4f735466cecf":"00000000-0000-0b84-ffff-ffff0000002b","ELEMENT":"00000000-0000-0b84-ffff-ffff0000002b"}
&amp#27;[38;5;0m[HTTP]&amp#27;[0m &amp#27;[37m<-- POST /session/abd696a1-b514-4f12-8ca4-0856a59a36a0/element &amp#27;[39m&amp#27;[32m200&amp#27;[39m &amp#27;[90m825 ms - 137&amp#27;[39m
&amp#27;[38;5;0m[HTTP]&amp#27;[0m &amp#27;[90m&amp#27;[39m
&amp#27;[38;5;0m[HTTP]&amp#27;[0m &amp#27;[37m-->&amp#27;[39m &amp#27;[37mPOST&amp#27;[39m &amp#27;[37m/session/abd696a1-b514-4f12-8ca4-0856a59a36a0/element&amp#27;[39m
&amp#27;[38;5;0m[HTTP]&amp#27;[0m &amp#27;[90m{"using":"xpath","value":"//android.widget.TextView[@text='Algeria']"}&amp#27;[39m
&amp#27;[38;5;32m[AndroidUiautomator2Driver@97b8 (abd696a1)]&amp#27;[0m Calling AppiumDriver.findElement() with args: ["xpath","//android.widget.TextView[@text='Algeria']","abd696a1-b514-4f12-8ca4-0856a59a36a0"]
&amp#27;[38;5;32m[AndroidUiautomator2Driver@97b8 (abd696a1)]&amp#27;[0m Valid locator strategies for this request: xpath, id, class name, accessibility id, css selector, -android uiautomator
&amp#27;[38;5;32m[AndroidUiautomator2Driver@97b8 (abd696a1)]&amp#27;[0m Waiting up to 10000 ms for condition
&amp#27;[38;5;32m[AndroidUiautomator2Driver@97b8 (abd696a1)]&amp#27;[0m Matched '/element' to command name 'findElement'
&amp#27;[38;5;32m[AndroidUiautomator2Driver@97b8 (abd696a1)]&amp#27;[0m Proxying [POST /element] to [POST http://127.0.0.1:8200/session/1c1404f0-5a74-42d8-beb6-1bef9e083b18/element] with body: {"strategy":"xpath","selector":"//android.widget.TextView[@text='Algeria']","context":"","multiple":false}
&amp#27;[38;5;32m[AndroidUiautomator2Driver@97b8 (abd696a1)]&amp#27;[0m Got response with status 200: {"sessionId":"1c1404f0-5a74-42d8-beb6-1bef9e083b18","value":{"ELEMENT":"00000000-0000-0b84-ffff-ffff0000002b","element-6066-11e4-a52e-4f735466cecf":"00000000-0000-0b84-ffff-ffff0000002b"}}
&amp#27;[38;5;32m[AndroidUiautomator2Driver@97b8 (abd696a1)]&amp#27;[0m Responding to client with driver.findElement() result: {"element-6066-11e4-a52e-4f735466cecf":"00000000-0000-0b84-ffff-ffff0000002b","ELEMENT":"00000000-0000-0b84-ffff-ffff0000002b"}
&amp#27;[38;5;0m[HTTP]&amp#27;[0m &amp#27;[37m<-- POST /session/abd696a1-b514-4f12-8ca4-0856a59a36a0/element &amp#27;[39m&amp#27;[32m200&amp#27;[39m &amp#27;[90m1837 ms - 137&amp#27;[39m
&amp#27;[38;5;0m[HTTP]&amp#27;[0m &amp#27;[90m&amp#27;[39m
&amp#27;[38;5;0m[HTTP]&amp#27;[0m &amp#27;[37m-->&amp#27;[39m &amp#27;[37mPOST&amp#27;[39m &amp#27;[37m/session/abd696a1-b514-4f12-8ca4-0856a59a36a0/element/00000000-0000-0b84-ffff-ffff0000002b/click&amp#27;[39m
&amp#27;[38;5;0m[HTTP]&amp#27;[0m &amp#27;[90m{"id":"00000000-0000-0b84-ffff-ffff0000002b"}&amp#27;[39m
&amp#27;[38;5;32m[AndroidUiautomator2Driver@97b8 (abd696a1)]&amp#27;[0m Calling AppiumDriver.click() with args: ["00000000-0000-0b84-ffff-ffff0000002b","abd696a1-b514-4f12-8ca4-0856a59a36a0"]
&amp#27;[38;5;32m[AndroidUiautomator2Driver@97b8 (abd696a1)]&amp#27;[0m Matched '/element/00000000-0000-0b84-ffff-ffff0000002b/click' to command name 'click'
&amp#27;[38;5;32m[AndroidUiautomator2Driver@97b8 (abd696a1)]&amp#27;[0m Proxying [POST /element/00000000-0000-0b84-ffff-ffff0000002b/click] to [POST http://127.0.0.1:8200/session/1c1404f0-5a74-42d8-beb6-1bef9e083b18/element/00000000-0000-0b84-ffff-ffff0000002b/click] with body: {"element":"00000000-0000-0b84-ffff-ffff0000002b"}
&amp#27;[38;5;32m[AndroidUiautomator2Driver@97b8 (abd696a1)]&amp#27;[0m Got response with status 200: {"sessionId":"1c1404f0-5a74-42d8-beb6-1bef9e083b18","value":null}
&amp#27;[38;5;32m[AndroidUiautomator2Driver@97b8 (abd696a1)]&amp#27;[0m Responding to client with driver.click() result: null
&amp#27;[38;5;0m[HTTP]&amp#27;[0m &amp#27;[37m<-- POST /session/abd696a1-b514-4f12-8ca4-0856a59a36a0/element/00000000-0000-0b84-ffff-ffff0000002b/click &amp#27;[39m&amp#27;[32m200&amp#27;[39m &amp#27;[90m743 ms - 14&amp#27;[39m
&amp#27;[38;5;0m[HTTP]&amp#27;[0m &amp#27;[90m&amp#27;[39m
&amp#27;[38;5;0m[HTTP]&amp#27;[0m &amp#27;[37m-->&amp#27;[39m &amp#27;[37mGET&amp#27;[39m &amp#27;[37m/session/abd696a1-b514-4f12-8ca4-0856a59a36a0/context&amp#27;[39m
&amp#27;[38;5;0m[HTTP]&amp#27;[0m &amp#27;[90m{}&amp#27;[39m
&amp#27;[38;5;32m[AndroidUiautomator2Driver@97b8 (abd696a1)]&amp#27;[0m Calling AppiumDriver.getCurrentContext() with args: ["abd696a1-b514-4f12-8ca4-0856a59a36a0"]
&amp#27;[38;5;32m[AndroidUiautomator2Driver@97b8 (abd696a1)]&amp#27;[0m Responding to client with driver.getCurrentContext() result: "NATIVE_APP"
&amp#27;[38;5;0m[HTTP]&amp#27;[0m &amp#27;[37m<-- GET /session/abd696a1-b514-4f12-8ca4-0856a59a36a0/context &amp#27;[39m&amp#27;[32m200&amp#27;[39m &amp#27;[90m1 ms - 22&amp#27;[39m
&amp#27;[38;5;0m[HTTP]&amp#27;[0m &amp#27;[90m&amp#27;[39m
&amp#27;[38;5;0m[HTTP]&amp#27;[0m &amp#27;[37m-->&amp#27;[39m &amp#27;[37mPOST&amp#27;[39m &amp#27;[37m/session/abd696a1-b514-4f12-8ca4-0856a59a36a0/element&amp#27;[39m
&amp#27;[38;5;0m[HTTP]&amp#27;[0m &amp#27;[90m{"using":"id","value":"com.androidsample.generalstore:id/btnLetsShop"}&amp#27;[39m
&amp#27;[38;5;32m[AndroidUiautomator2Driver@97b8 (abd696a1)]&amp#27;[0m Calling AppiumDriver.findElement() with args: ["id","com.androidsample.generalstore:id/btnLetsShop","abd696a1-b514-4f12-8ca4-0856a59a36a0"]
&amp#27;[38;5;32m[AndroidUiautomator2Driver@97b8 (abd696a1)]&amp#27;[0m Valid locator strategies for this request: xpath, id, class name, accessibility id, css selector, -android uiautomator
&amp#27;[38;5;32m[AndroidUiautomator2Driver@97b8 (abd696a1)]&amp#27;[0m Waiting up to 10000 ms for condition
&amp#27;[38;5;32m[AndroidUiautomator2Driver@97b8 (abd696a1)]&amp#27;[0m Matched '/element' to command name 'findElement'
&amp#27;[38;5;32m[AndroidUiautomator2Driver@97b8 (abd696a1)]&amp#27;[0m Proxying [POST /element] to [POST http://127.0.0.1:8200/session/1c1404f0-5a74-42d8-beb6-1bef9e083b18/element] with body: {"strategy":"id","selector":"com.androidsample.generalstore:id/btnLetsShop","context":"","multiple":false}
&amp#27;[38;5;32m[AndroidUiautomator2Driver@97b8 (abd696a1)]&amp#27;[0m Got response with status 200: {"sessionId":"1c1404f0-5a74-42d8-beb6-1bef9e083b18","value":{"ELEMENT":"00000000-0000-0b83-ffff-ffff00000021","element-6066-11e4-a52e-4f735466cecf":"00000000-0000-0b83-ffff-ffff00000021"}}
&amp#27;[38;5;32m[AndroidUiautomator2Driver@97b8 (abd696a1)]&amp#27;[0m Responding to client with driver.findElement() result: {"element-6066-11e4-a52e-4f735466cecf":"00000000-0000-0b83-ffff-ffff00000021","ELEMENT":"00000000-0000-0b83-ffff-ffff00000021"}
&amp#27;[38;5;0m[HTTP]&amp#27;[0m &amp#27;[37m<-- POST /session/abd696a1-b514-4f12-8ca4-0856a59a36a0/element &amp#27;[39m&amp#27;[32m200&amp#27;[39m &amp#27;[90m54 ms - 137&amp#27;[39m
&amp#27;[38;5;0m[HTTP]&amp#27;[0m &amp#27;[90m&amp#27;[39m
&amp#27;[38;5;0m[HTTP]&amp#27;[0m &amp#27;[37m-->&amp#27;[39m &amp#27;[37mPOST&amp#27;[39m &amp#27;[37m/session/abd696a1-b514-4f12-8ca4-0856a59a36a0/element/00000000-0000-0b83-ffff-ffff00000021/click&amp#27;[39m
&amp#27;[38;5;0m[HTTP]&amp#27;[0m &amp#27;[90m{"id":"00000000-0000-0b83-ffff-ffff00000021"}&amp#27;[39m
&amp#27;[38;5;32m[AndroidUiautomator2Driver@97b8 (abd696a1)]&amp#27;[0m Calling AppiumDriver.click() with args: ["00000000-0000-0b83-ffff-ffff00000021","abd696a1-b514-4f12-8ca4-0856a59a36a0"]
&amp#27;[38;5;32m[AndroidUiautomator2Driver@97b8 (abd696a1)]&amp#27;[0m Matched '/element/00000000-0000-0b83-ffff-ffff00000021/click' to command name 'click'
&amp#27;[38;5;32m[AndroidUiautomator2Driver@97b8 (abd696a1)]&amp#27;[0m Proxying [POST /element/00000000-0000-0b83-ffff-ffff00000021/click] to [POST http://127.0.0.1:8200/session/1c1404f0-5a74-42d8-beb6-1bef9e083b18/element/00000000-0000-0b83-ffff-ffff00000021/click] with body: {"element":"00000000-0000-0b83-ffff-ffff00000021"}
&amp#27;[38;5;32m[AndroidUiautomator2Driver@97b8 (abd696a1)]&amp#27;[0m Got response with status 200: {"sessionId":"1c1404f0-5a74-42d8-beb6-1bef9e083b18","value":null}
&amp#27;[38;5;32m[AndroidUiautomator2Driver@97b8 (abd696a1)]&amp#27;[0m Responding to client with driver.click() result: null
&amp#27;[38;5;0m[HTTP]&amp#27;[0m &amp#27;[37m<-- POST /session/abd696a1-b514-4f12-8ca4-0856a59a36a0/element/00000000-0000-0b83-ffff-ffff00000021/click &amp#27;[39m&amp#27;[32m200&amp#27;[39m &amp#27;[90m95 ms - 14&amp#27;[39m
&amp#27;[38;5;0m[HTTP]&amp#27;[0m &amp#27;[90m&amp#27;[39m
&amp#27;[38;5;0m[HTTP]&amp#27;[0m &amp#27;[37m-->&amp#27;[39m &amp#27;[37mGET&amp#27;[39m &amp#27;[37m/session/abd696a1-b514-4f12-8ca4-0856a59a36a0/context&amp#27;[39m
&amp#27;[38;5;0m[HTTP]&amp#27;[0m &amp#27;[90m{}&amp#27;[39m
&amp#27;[38;5;32m[AndroidUiautomator2Driver@97b8 (abd696a1)]&amp#27;[0m Calling AppiumDriver.getCurrentContext() with args: ["abd696a1-b514-4f12-8ca4-0856a59a36a0"]
&amp#27;[38;5;32m[AndroidUiautomator2Driver@97b8 (abd696a1)]&amp#27;[0m Responding to client with driver.getCurrentContext() result: "NATIVE_APP"
&amp#27;[38;5;0m[HTTP]&amp#27;[0m &amp#27;[37m<-- GET /session/abd696a1-b514-4f12-8ca4-0856a59a36a0/context &amp#27;[39m&amp#27;[32m200&amp#27;[39m &amp#27;[90m1 ms - 22&amp#27;[39m
&amp#27;[38;5;0m[HTTP]&amp#27;[0m &amp#27;[90m&amp#27;[39m
&amp#27;[38;5;0m[HTTP]&amp#27;[0m &amp#27;[37m-->&amp#27;[39m &amp#27;[37mPOST&amp#27;[39m &amp#27;[37m/session/abd696a1-b514-4f12-8ca4-0856a59a36a0/elements&amp#27;[39m
&amp#27;[38;5;0m[HTTP]&amp#27;[0m &amp#27;[90m{"using":"xpath","value":"//android.widget.TextView[@text='ADD TO CART']"}&amp#27;[39m
&amp#27;[38;5;32m[AndroidUiautomator2Driver@97b8 (abd696a1)]&amp#27;[0m Calling AppiumDriver.findElements() with args: ["xpath","//android.widget.TextView[@text='ADD TO CART']","abd696a1-b514-4f12-8ca4-0856a59a36a0"]
&amp#27;[38;5;32m[AndroidUiautomator2Driver@97b8 (abd696a1)]&amp#27;[0m Valid locator strategies for this request: xpath, id, class name, accessibility id, css selector, -android uiautomator
&amp#27;[38;5;32m[AndroidUiautomator2Driver@97b8 (abd696a1)]&amp#27;[0m Waiting up to 10000 ms for condition
&amp#27;[38;5;32m[AndroidUiautomator2Driver@97b8 (abd696a1)]&amp#27;[0m Matched '/elements' to command name 'findElements'
&amp#27;[38;5;32m[AndroidUiautomator2Driver@97b8 (abd696a1)]&amp#27;[0m Proxying [POST /elements] to [POST http://127.0.0.1:8200/session/1c1404f0-5a74-42d8-beb6-1bef9e083b18/elements] with body: {"strategy":"xpath","selector":"//android.widget.TextView[@text='ADD TO CART']","context":"","multiple":true}
&amp#27;[38;5;32m[AndroidUiautomator2Driver@97b8 (abd696a1)]&amp#27;[0m Got response with status 200: {"sessionId":"1c1404f0-5a74-42d8-beb6-1bef9e083b18","value":[{"ELEMENT":"00000000-0000-0b85-ffff-ffff00000050","element-6066-11e4-a52e-4f735466cecf":"00000000-0000-0b85-ffff-ffff00000050"},{"ELEMENT":"00000000-0000-0b85-ffff-ffff00000058","element-6066-11e4-a52e-4f735466cecf":"00000000-0000-0b85-ffff-ffff00000058"}]}
&amp#27;[38;5;32m[AndroidUiautomator2Driver@97b8 (abd696a1)]&amp#27;[0m Responding to client with driver.findElements() result: [{"element-6066-11e4-a52e-4f735466cecf":"00000000-0000-0b85-ffff-ffff00000050","ELEMENT":"00000000-0000-0b85-ffff-ffff00000050"},{"element-6066-11e4-a52e-4f735466cecf":"00000000-0000-0b85-ffff-ffff00000058","ELEMENT":"00000000-0000-0b85-ffff-ffff00000058"}]
&amp#27;[38;5;0m[HTTP]&amp#27;[0m &amp#27;[37m<-- POST /session/abd696a1-b514-4f12-8ca4-0856a59a36a0/elements &amp#27;[39m&amp#27;[32m200&amp#27;[39m &amp#27;[90m1135 ms - 267&amp#27;[39m
&amp#27;[38;5;0m[HTTP]&amp#27;[0m &amp#27;[90m&amp#27;[39m
&amp#27;[38;5;0m[HTTP]&amp#27;[0m &amp#27;[37m-->&amp#27;[39m &amp#27;[37mPOST&amp#27;[39m &amp#27;[37m/session/abd696a1-b514-4f12-8ca4-0856a59a36a0/element/00000000-0000-0b85-ffff-ffff00000050/click&amp#27;[39m
&amp#27;[38;5;0m[HTTP]&amp#27;[0m &amp#27;[90m{"id":"00000000-0000-0b85-ffff-ffff00000050"}&amp#27;[39m
&amp#27;[38;5;32m[AndroidUiautomator2Driver@97b8 (abd696a1)]&amp#27;[0m Calling AppiumDriver.click() with args: ["00000000-0000-0b85-ffff-ffff00000050","abd696a1-b514-4f12-8ca4-0856a59a36a0"]
&amp#27;[38;5;32m[AndroidUiautomator2Driver@97b8 (abd696a1)]&amp#27;[0m Matched '/element/00000000-0000-0b85-ffff-ffff00000050/click' to command name 'click'
&amp#27;[38;5;32m[AndroidUiautomator2Driver@97b8 (abd696a1)]&amp#27;[0m Proxying [POST /element/00000000-0000-0b85-ffff-ffff00000050/click] to [POST http://127.0.0.1:8200/session/1c1404f0-5a74-42d8-beb6-1bef9e083b18/element/00000000-0000-0b85-ffff-ffff00000050/click] with body: {"element":"00000000-0000-0b85-ffff-ffff00000050"}
&amp#27;[38;5;32m[AndroidUiautomator2Driver@97b8 (abd696a1)]&amp#27;[0m Got response with status 200: {"sessionId":"1c1404f0-5a74-42d8-beb6-1bef9e083b18","value":null}
&amp#27;[38;5;32m[AndroidUiautomator2Driver@97b8 (abd696a1)]&amp#27;[0m Responding to client with driver.click() result: null
&amp#27;[38;5;0m[HTTP]&amp#27;[0m &amp#27;[37m<-- POST /session/abd696a1-b514-4f12-8ca4-0856a59a36a0/element/00000000-0000-0b85-ffff-ffff00000050/click &amp#27;[39m&amp#27;[32m200&amp#27;[39m &amp#27;[90m82 ms - 14&amp#27;[39m
&amp#27;[38;5;0m[HTTP]&amp#27;[0m &amp#27;[90m&amp#27;[39m
&amp#27;[38;5;0m[HTTP]&amp#27;[0m &amp#27;[37m-->&amp#27;[39m &amp#27;[37mGET&amp#27;[39m &amp#27;[37m/session/abd696a1-b514-4f12-8ca4-0856a59a36a0/context&amp#27;[39m
&amp#27;[38;5;0m[HTTP]&amp#27;[0m &amp#27;[90m{}&amp#27;[39m
&amp#27;[38;5;32m[AndroidUiautomator2Driver@97b8 (abd696a1)]&amp#27;[0m Calling AppiumDriver.getCurrentContext() with args: ["abd696a1-b514-4f12-8ca4-0856a59a36a0"]
&amp#27;[38;5;32m[AndroidUiautomator2Driver@97b8 (abd696a1)]&amp#27;[0m Responding to client with driver.getCurrentContext() result: "NATIVE_APP"
&amp#27;[38;5;0m[HTTP]&amp#27;[0m &amp#27;[37m<-- GET /session/abd696a1-b514-4f12-8ca4-0856a59a36a0/context &amp#27;[39m&amp#27;[32m200&amp#27;[39m &amp#27;[90m1 ms - 22&amp#27;[39m
&amp#27;[38;5;0m[HTTP]&amp#27;[0m &amp#27;[90m&amp#27;[39m
&amp#27;[38;5;0m[HTTP]&amp#27;[0m &amp#27;[37m-->&amp#27;[39m &amp#27;[37mPOST&amp#27;[39m &amp#27;[37m/session/abd696a1-b514-4f12-8ca4-0856a59a36a0/elements&amp#27;[39m
&amp#27;[38;5;0m[HTTP]&amp#27;[0m &amp#27;[90m{"using":"xpath","value":"//android.widget.TextView[@text='ADD TO CART']"}&amp#27;[39m
&amp#27;[38;5;32m[AndroidUiautomator2Driver@97b8 (abd696a1)]&amp#27;[0m Calling AppiumDriver.findElements() with args: ["xpath","//android.widget.TextView[@text='ADD TO CART']","abd696a1-b514-4f12-8ca4-0856a59a36a0"]
&amp#27;[38;5;32m[AndroidUiautomator2Driver@97b8 (abd696a1)]&amp#27;[0m Valid locator strategies for this request: xpath, id, class name, accessibility id, css selector, -android uiautomator
&amp#27;[38;5;32m[AndroidUiautomator2Driver@97b8 (abd696a1)]&amp#27;[0m Waiting up to 10000 ms for condition
&amp#27;[38;5;32m[AndroidUiautomator2Driver@97b8 (abd696a1)]&amp#27;[0m Matched '/elements' to command name 'findElements'
&amp#27;[38;5;32m[AndroidUiautomator2Driver@97b8 (abd696a1)]&amp#27;[0m Proxying [POST /elements] to [POST http://127.0.0.1:8200/session/1c1404f0-5a74-42d8-beb6-1bef9e083b18/elements] with body: {"strategy":"xpath","selector":"//android.widget.TextView[@text='ADD TO CART']","context":"","multiple":true}
&amp#27;[38;5;32m[AndroidUiautomator2Driver@97b8 (abd696a1)]&amp#27;[0m Got response with status 200: {"sessionId":"1c1404f0-5a74-42d8-beb6-1bef9e083b18","value":[{"ELEMENT":"00000000-0000-0b85-ffff-ffff00000058","element-6066-11e4-a52e-4f735466cecf":"00000000-0000-0b85-ffff-ffff00000058"}]}
&amp#27;[38;5;32m[AndroidUiautomator2Driver@97b8 (abd696a1)]&amp#27;[0m Responding to client with driver.findElements() result: [{"element-6066-11e4-a52e-4f735466cecf":"00000000-0000-0b85-ffff-ffff00000058","ELEMENT":"00000000-0000-0b85-ffff-ffff00000058"}]
&amp#27;[38;5;0m[HTTP]&amp#27;[0m &amp#27;[37m<-- POST /session/abd696a1-b514-4f12-8ca4-0856a59a36a0/elements &amp#27;[39m&amp#27;[32m200&amp#27;[39m &amp#27;[90m690 ms - 139&amp#27;[39m
&amp#27;[38;5;0m[HTTP]&amp#27;[0m &amp#27;[90m&amp#27;[39m
&amp#27;[38;5;0m[HTTP]&amp#27;[0m &amp#27;[37m-->&amp#27;[39m &amp#27;[37mPOST&amp#27;[39m &amp#27;[37m/session/abd696a1-b514-4f12-8ca4-0856a59a36a0/element/00000000-0000-0b85-ffff-ffff00000058/click&amp#27;[39m
&amp#27;[38;5;0m[HTTP]&amp#27;[0m &amp#27;[90m{"id":"00000000-0000-0b85-ffff-ffff00000058"}&amp#27;[39m
&amp#27;[38;5;32m[AndroidUiautomator2Driver@97b8 (abd696a1)]&amp#27;[0m Calling AppiumDriver.click() with args: ["00000000-0000-0b85-ffff-ffff00000058","abd696a1-b514-4f12-8ca4-0856a59a36a0"]
&amp#27;[38;5;32m[AndroidUiautomator2Driver@97b8 (abd696a1)]&amp#27;[0m Matched '/element/00000000-0000-0b85-ffff-ffff00000058/click' to command name 'click'
&amp#27;[38;5;32m[AndroidUiautomator2Driver@97b8 (abd696a1)]&amp#27;[0m Proxying [POST /element/00000000-0000-0b85-ffff-ffff00000058/click] to [POST http://127.0.0.1:8200/session/1c1404f0-5a74-42d8-beb6-1bef9e083b18/element/00000000-0000-0b85-ffff-ffff00000058/click] with body: {"element":"00000000-0000-0b85-ffff-ffff00000058"}
&amp#27;[38;5;32m[AndroidUiautomator2Driver@97b8 (abd696a1)]&amp#27;[0m Got response with status 200: {"sessionId":"1c1404f0-5a74-42d8-beb6-1bef9e083b18","value":null}
&amp#27;[38;5;32m[AndroidUiautomator2Driver@97b8 (abd696a1)]&amp#27;[0m Responding to client with driver.click() result: null
&amp#27;[38;5;0m[HTTP]&amp#27;[0m &amp#27;[37m<-- POST /session/abd696a1-b514-4f12-8ca4-0856a59a36a0/element/00000000-0000-0b85-ffff-ffff00000058/click &amp#27;[39m&amp#27;[32m200&amp#27;[39m &amp#27;[90m78 ms - 14&amp#27;[39m
&amp#27;[38;5;0m[HTTP]&amp#27;[0m &amp#27;[90m&amp#27;[39m
&amp#27;[38;5;0m[HTTP]&amp#27;[0m &amp#27;[37m-->&amp#27;[39m &amp#27;[37mGET&amp#27;[39m &amp#27;[37m/session/abd696a1-b514-4f12-8ca4-0856a59a36a0/context&amp#27;[39m
&amp#27;[38;5;0m[HTTP]&amp#27;[0m &amp#27;[90m{}&amp#27;[39m
&amp#27;[38;5;32m[AndroidUiautomator2Driver@97b8 (abd696a1)]&amp#27;[0m Calling AppiumDriver.getCurrentContext() with args: ["abd696a1-b514-4f12-8ca4-0856a59a36a0"]
&amp#27;[38;5;32m[AndroidUiautomator2Driver@97b8 (abd696a1)]&amp#27;[0m Responding to client with driver.getCurrentContext() result: "NATIVE_APP"
&amp#27;[38;5;0m[HTTP]&amp#27;[0m &amp#27;[37m<-- GET /session/abd696a1-b514-4f12-8ca4-0856a59a36a0/context &amp#27;[39m&amp#27;[32m200&amp#27;[39m &amp#27;[90m1 ms - 22&amp#27;[39m
&amp#27;[38;5;0m[HTTP]&amp#27;[0m &amp#27;[90m&amp#27;[39m
&amp#27;[38;5;0m[HTTP]&amp#27;[0m &amp#27;[37m-->&amp#27;[39m &amp#27;[37mPOST&amp#27;[39m &amp#27;[37m/session/abd696a1-b514-4f12-8ca4-0856a59a36a0/element&amp#27;[39m
&amp#27;[38;5;0m[HTTP]&amp#27;[0m &amp#27;[90m{"using":"id","value":"com.androidsample.generalstore:id/appbar_btn_cart"}&amp#27;[39m
&amp#27;[38;5;32m[AndroidUiautomator2Driver@97b8 (abd696a1)]&amp#27;[0m Calling AppiumDriver.findElement() with args: ["id","com.androidsample.generalstore:id/appbar_btn_cart","abd696a1-b514-4f12-8ca4-0856a59a36a0"]
&amp#27;[38;5;32m[AndroidUiautomator2Driver@97b8 (abd696a1)]&amp#27;[0m Valid locator strategies for this request: xpath, id, class name, accessibility id, css selector, -android uiautomator
&amp#27;[38;5;32m[AndroidUiautomator2Driver@97b8 (abd696a1)]&amp#27;[0m Waiting up to 10000 ms for condition
&amp#27;[38;5;32m[AndroidUiautomator2Driver@97b8 (abd696a1)]&amp#27;[0m Matched '/element' to command name 'findElement'
&amp#27;[38;5;32m[AndroidUiautomator2Driver@97b8 (abd696a1)]&amp#27;[0m Proxying [POST /element] to [POST http://127.0.0.1:8200/session/1c1404f0-5a74-42d8-beb6-1bef9e083b18/element] with body: {"strategy":"id","selector":"com.androidsample.generalstore:id/appbar_btn_cart","context":"","multiple":false}
&amp#27;[38;5;32m[AndroidUiautomator2Driver@97b8 (abd696a1)]&amp#27;[0m Got response with status 200: {"sessionId":"1c1404f0-5a74-42d8-beb6-1bef9e083b18","value":{"ELEMENT":"00000000-0000-0b85-ffff-ffff00000043","element-6066-11e4-a52e-4f735466cecf":"00000000-0000-0b85-ffff-ffff00000043"}}
&amp#27;[38;5;32m[AndroidUiautomator2Driver@97b8 (abd696a1)]&amp#27;[0m Responding to client with driver.findElement() result: {"element-6066-11e4-a52e-4f735466cecf":"00000000-0000-0b85-ffff-ffff00000043","ELEMENT":"00000000-0000-0b85-ffff-ffff00000043"}
&amp#27;[38;5;0m[HTTP]&amp#27;[0m &amp#27;[37m<-- POST /session/abd696a1-b514-4f12-8ca4-0856a59a36a0/element &amp#27;[39m&amp#27;[32m200&amp#27;[39m &amp#27;[90m501 ms - 137&amp#27;[39m
&amp#27;[38;5;0m[HTTP]&amp#27;[0m &amp#27;[90m&amp#27;[39m
&amp#27;[38;5;0m[HTTP]&amp#27;[0m &amp#27;[37m-->&amp#27;[39m &amp#27;[37mPOST&amp#27;[39m &amp#27;[37m/session/abd696a1-b514-4f12-8ca4-0856a59a36a0/element/00000000-0000-0b85-ffff-ffff00000043/click&amp#27;[39m
&amp#27;[38;5;0m[HTTP]&amp#27;[0m &amp#27;[90m{"id":"00000000-0000-0b85-ffff-ffff00000043"}&amp#27;[39m
&amp#27;[38;5;32m[AndroidUiautomator2Driver@97b8 (abd696a1)]&amp#27;[0m Calling AppiumDriver.click() with args: ["00000000-0000-0b85-ffff-ffff00000043","abd696a1-b514-4f12-8ca4-0856a59a36a0"]
&amp#27;[38;5;32m[AndroidUiautomator2Driver@97b8 (abd696a1)]&amp#27;[0m Matched '/element/00000000-0000-0b85-ffff-ffff00000043/click' to command name 'click'
&amp#27;[38;5;32m[AndroidUiautomator2Driver@97b8 (abd696a1)]&amp#27;[0m Proxying [POST /element/00000000-0000-0b85-ffff-ffff00000043/click] to [POST http://127.0.0.1:8200/session/1c1404f0-5a74-42d8-beb6-1bef9e083b18/element/00000000-0000-0b85-ffff-ffff00000043/click] with body: {"element":"00000000-0000-0b85-ffff-ffff00000043"}
&amp#27;[38;5;32m[AndroidUiautomator2Driver@97b8 (abd696a1)]&amp#27;[0m Got response with status 200: {"sessionId":"1c1404f0-5a74-42d8-beb6-1bef9e083b18","value":null}
&amp#27;[38;5;32m[AndroidUiautomator2Driver@97b8 (abd696a1)]&amp#27;[0m Responding to client with driver.click() result: null
&amp#27;[38;5;0m[HTTP]&amp#27;[0m &amp#27;[37m<-- POST /session/abd696a1-b514-4f12-8ca4-0856a59a36a0/element/00000000-0000-0b85-ffff-ffff00000043/click &amp#27;[39m&amp#27;[32m200&amp#27;[39m &amp#27;[90m1007 ms - 14&amp#27;[39m
&amp#27;[38;5;0m[HTTP]&amp#27;[0m &amp#27;[90m&amp#27;[39m
&amp#27;[38;5;0m[HTTP]&amp#27;[0m &amp#27;[37m-->&amp#27;[39m &amp#27;[37mGET&amp#27;[39m &amp#27;[37m/session/abd696a1-b514-4f12-8ca4-0856a59a36a0/context&amp#27;[39m
&amp#27;[38;5;0m[HTTP]&amp#27;[0m &amp#27;[90m{}&amp#27;[39m
&amp#27;[38;5;32m[AndroidUiautomator2Driver@97b8 (abd696a1)]&amp#27;[0m Calling AppiumDriver.getCurrentContext() with args: ["abd696a1-b514-4f12-8ca4-0856a59a36a0"]
&amp#27;[38;5;32m[AndroidUiautomator2Driver@97b8 (abd696a1)]&amp#27;[0m Responding to client with driver.getCurrentContext() result: "NATIVE_APP"
&amp#27;[38;5;0m[HTTP]&amp#27;[0m &amp#27;[37m<-- GET /session/abd696a1-b514-4f12-8ca4-0856a59a36a0/context &amp#27;[39m&amp#27;[32m200&amp#27;[39m &amp#27;[90m1 ms - 22&amp#27;[39m
&amp#27;[38;5;0m[HTTP]&amp#27;[0m &amp#27;[90m&amp#27;[39m
&amp#27;[38;5;0m[HTTP]&amp#27;[0m &amp#27;[37m-->&amp#27;[39m &amp#27;[37mPOST&amp#27;[39m &amp#27;[37m/session/abd696a1-b514-4f12-8ca4-0856a59a36a0/elements&amp#27;[39m
&amp#27;[38;5;0m[HTTP]&amp#27;[0m &amp#27;[90m{"using":"id","value":"com.androidsample.generalstore:id/productPrice"}&amp#27;[39m
&amp#27;[38;5;32m[AndroidUiautomator2Driver@97b8 (abd696a1)]&amp#27;[0m Calling AppiumDriver.findElements() with args: ["id","com.androidsample.generalstore:id/productPrice","abd696a1-b514-4f12-8ca4-0856a59a36a0"]
&amp#27;[38;5;32m[AndroidUiautomator2Driver@97b8 (abd696a1)]&amp#27;[0m Valid locator strategies for this request: xpath, id, class name, accessibility id, css selector, -android uiautomator
&amp#27;[38;5;32m[AndroidUiautomator2Driver@97b8 (abd696a1)]&amp#27;[0m Waiting up to 10000 ms for condition
&amp#27;[38;5;32m[AndroidUiautomator2Driver@97b8 (abd696a1)]&amp#27;[0m Matched '/elements' to command name 'findElements'
&amp#27;[38;5;32m[AndroidUiautomator2Driver@97b8 (abd696a1)]&amp#27;[0m Proxying [POST /elements] to [POST http://127.0.0.1:8200/session/1c1404f0-5a74-42d8-beb6-1bef9e083b18/elements] with body: {"strategy":"id","selector":"com.androidsample.generalstore:id/productPrice","context":"","multiple":true}
&amp#27;[38;5;32m[AndroidUiautomator2Driver@97b8 (abd696a1)]&amp#27;[0m Got response with status 200: {"sessionId":"1c1404f0-5a74-42d8-beb6-1bef9e083b18","value":[{"ELEMENT":"00000000-0000-0b86-ffff-ffff00000085","element-6066-11e4-a52e-4f735466cecf":"00000000-0000-0b86-ffff-ffff00000085"},{"ELEMENT":"00000000-0000-0b86-ffff-ffff0000008d","element-6066-11e4-a52e-4f735466cecf":"00000000-0000-0b86-ffff-ffff0000008d"}]}
&amp#27;[38;5;32m[AndroidUiautomator2Driver@97b8 (abd696a1)]&amp#27;[0m Responding to client with driver.findElements() result: [{"element-6066-11e4-a52e-4f735466cecf":"00000000-0000-0b86-ffff-ffff00000085","ELEMENT":"00000000-0000-0b86-ffff-ffff00000085"},{"element-6066-11e4-a52e-4f735466cecf":"00000000-0000-0b86-ffff-ffff0000008d","ELEMENT":"00000000-0000-0b86-ffff-ffff0000008d"}]
&amp#27;[38;5;0m[HTTP]&amp#27;[0m &amp#27;[37m<-- POST /session/abd696a1-b514-4f12-8ca4-0856a59a36a0/elements &amp#27;[39m&amp#27;[32m200&amp#27;[39m &amp#27;[90m126 ms - 267&amp#27;[39m
&amp#27;[38;5;0m[HTTP]&amp#27;[0m &amp#27;[90m&amp#27;[39m
&amp#27;[38;5;0m[HTTP]&amp#27;[0m &amp#27;[37m-->&amp#27;[39m &amp#27;[37mGET&amp#27;[39m &amp#27;[37m/session/abd696a1-b514-4f12-8ca4-0856a59a36a0/element/00000000-0000-0b86-ffff-ffff00000085/text&amp#27;[39m
&amp#27;[38;5;0m[HTTP]&amp#27;[0m &amp#27;[90m{}&amp#27;[39m
&amp#27;[38;5;32m[AndroidUiautomator2Driver@97b8 (abd696a1)]&amp#27;[0m Driver proxy active, passing request on via HTTP proxy
&amp#27;[38;5;32m[AndroidUiautomator2Driver@97b8 (abd696a1)]&amp#27;[0m Matched '/session/abd696a1-b514-4f12-8ca4-0856a59a36a0/element/00000000-0000-0b86-ffff-ffff00000085/text' to command name 'getText'
&amp#27;[38;5;32m[AndroidUiautomator2Driver@97b8 (abd696a1)]&amp#27;[0m Proxying [GET /session/abd696a1-b514-4f12-8ca4-0856a59a36a0/element/00000000-0000-0b86-ffff-ffff00000085/text] to [GET http://127.0.0.1:8200/session/1c1404f0-5a74-42d8-beb6-1bef9e083b18/element/00000000-0000-0b86-ffff-ffff00000085/text] with no body
&amp#27;[38;5;32m[AndroidUiautomator2Driver@97b8 (abd696a1)]&amp#27;[0m Got response with status 200: {"sessionId":"1c1404f0-5a74-42d8-beb6-1bef9e083b18","value":"$160.97"}
&amp#27;[38;5;32m[AndroidUiautomator2Driver@97b8 (abd696a1)]&amp#27;[0m Replacing sessionId 1c1404f0-5a74-42d8-beb6-1bef9e083b18 with abd696a1-b514-4f12-8ca4-0856a59a36a0
&amp#27;[38;5;0m[HTTP]&amp#27;[0m &amp#27;[37m<-- GET /session/abd696a1-b514-4f12-8ca4-0856a59a36a0/element/00000000-0000-0b86-ffff-ffff00000085/text &amp#27;[39m&amp#27;[32m200&amp#27;[39m &amp#27;[90m20 ms - 70&amp#27;[39m
&amp#27;[38;5;0m[HTTP]&amp#27;[0m &amp#27;[90m&amp#27;[39m
&amp#27;[38;5;0m[HTTP]&amp#27;[0m &amp#27;[37m-->&amp#27;[39m &amp#27;[37mGET&amp#27;[39m &amp#27;[37m/session/abd696a1-b514-4f12-8ca4-0856a59a36a0/context&amp#27;[39m
&amp#27;[38;5;0m[HTTP]&amp#27;[0m &amp#27;[90m{}&amp#27;[39m
&amp#27;[38;5;32m[AndroidUiautomator2Driver@97b8 (abd696a1)]&amp#27;[0m Calling AppiumDriver.getCurrentContext() with args: ["abd696a1-b514-4f12-8ca4-0856a59a36a0"]
&amp#27;[38;5;32m[AndroidUiautomator2Driver@97b8 (abd696a1)]&amp#27;[0m Responding to client with driver.getCurrentContext() result: "NATIVE_APP"
&amp#27;[38;5;0m[HTTP]&amp#27;[0m &amp#27;[37m<-- GET /session/abd696a1-b514-4f12-8ca4-0856a59a36a0/context &amp#27;[39m&amp#27;[32m200&amp#27;[39m &amp#27;[90m1 ms - 22&amp#27;[39m
&amp#27;[38;5;0m[HTTP]&amp#27;[0m &amp#27;[90m&amp#27;[39m
&amp#27;[38;5;0m[HTTP]&amp#27;[0m &amp#27;[37m-->&amp#27;[39m &amp#27;[37mPOST&amp#27;[39m &amp#27;[37m/session/abd696a1-b514-4f12-8ca4-0856a59a36a0/elements&amp#27;[39m
&amp#27;[38;5;0m[HTTP]&amp#27;[0m &amp#27;[90m{"using":"id","value":"com.androidsample.generalstore:id/productPrice"}&amp#27;[39m
&amp#27;[38;5;32m[AndroidUiautomator2Driver@97b8 (abd696a1)]&amp#27;[0m Calling AppiumDriver.findElements() with args: ["id","com.androidsample.generalstore:id/productPrice","abd696a1-b514-4f12-8ca4-0856a59a36a0"]
&amp#27;[38;5;32m[AndroidUiautomator2Driver@97b8 (abd696a1)]&amp#27;[0m Valid locator strategies for this request: xpath, id, class name, accessibility id, css selector, -android uiautomator
&amp#27;[38;5;32m[AndroidUiautomator2Driver@97b8 (abd696a1)]&amp#27;[0m Waiting up to 10000 ms for condition
&amp#27;[38;5;32m[AndroidUiautomator2Driver@97b8 (abd696a1)]&amp#27;[0m Matched '/elements' to command name 'findElements'
&amp#27;[38;5;32m[AndroidUiautomator2Driver@97b8 (abd696a1)]&amp#27;[0m Proxying [POST /elements] to [POST http://127.0.0.1:8200/session/1c1404f0-5a74-42d8-beb6-1bef9e083b18/elements] with body: {"strategy":"id","selector":"com.androidsample.generalstore:id/productPrice","context":"","multiple":true}
&amp#27;[38;5;32m[AndroidUiautomator2Driver@97b8 (abd696a1)]&amp#27;[0m Got response with status 200: {"sessionId":"1c1404f0-5a74-42d8-beb6-1bef9e083b18","value":[{"ELEMENT":"00000000-0000-0b86-ffff-ffff00000085","element-6066-11e4-a52e-4f735466cecf":"00000000-0000-0b86-ffff-ffff00000085"},{"ELEMENT":"00000000-0000-0b86-ffff-ffff0000008d","element-6066-11e4-a52e-4f735466cecf":"00000000-0000-0b86-ffff-ffff0000008d"}]}
&amp#27;[38;5;32m[AndroidUiautomator2Driver@97b8 (abd696a1)]&amp#27;[0m Responding to client with driver.findElements() result: [{"element-6066-11e4-a52e-4f735466cecf":"00000000-0000-0b86-ffff-ffff00000085","ELEMENT":"00000000-0000-0b86-ffff-ffff00000085"},{"element-6066-11e4-a52e-4f735466cecf":"00000000-0000-0b86-ffff-ffff0000008d","ELEMENT":"00000000-0000-0b86-ffff-ffff0000008d"}]
&amp#27;[38;5;0m[HTTP]&amp#27;[0m &amp#27;[37m<-- POST /session/abd696a1-b514-4f12-8ca4-0856a59a36a0/elements &amp#27;[39m&amp#27;[32m200&amp#27;[39m &amp#27;[90m98 ms - 267&amp#27;[39m
&amp#27;[38;5;0m[HTTP]&amp#27;[0m &amp#27;[90m&amp#27;[39m
&amp#27;[38;5;0m[HTTP]&amp#27;[0m &amp#27;[37m-->&amp#27;[39m &amp#27;[37mGET&amp#27;[39m &amp#27;[37m/session/abd696a1-b514-4f12-8ca4-0856a59a36a0/element/00000000-0000-0b86-ffff-ffff0000008d/text&amp#27;[39m
&amp#27;[38;5;0m[HTTP]&amp#27;[0m &amp#27;[90m{}&amp#27;[39m
&amp#27;[38;5;32m[AndroidUiautomator2Driver@97b8 (abd696a1)]&amp#27;[0m Driver proxy active, passing request on via HTTP proxy
&amp#27;[38;5;32m[AndroidUiautomator2Driver@97b8 (abd696a1)]&amp#27;[0m Matched '/session/abd696a1-b514-4f12-8ca4-0856a59a36a0/element/00000000-0000-0b86-ffff-ffff0000008d/text' to command name 'getText'
&amp#27;[38;5;32m[AndroidUiautomator2Driver@97b8 (abd696a1)]&amp#27;[0m Proxying [GET /session/abd696a1-b514-4f12-8ca4-0856a59a36a0/element/00000000-0000-0b86-ffff-ffff0000008d/text] to [GET http://127.0.0.1:8200/session/1c1404f0-5a74-42d8-beb6-1bef9e083b18/element/00000000-0000-0b86-ffff-ffff0000008d/text] with no body
&amp#27;[38;5;32m[AndroidUiautomator2Driver@97b8 (abd696a1)]&amp#27;[0m Got response with status 200: {"sessionId":"1c1404f0-5a74-42d8-beb6-1bef9e083b18","value":"$120.0"}
&amp#27;[38;5;32m[AndroidUiautomator2Driver@97b8 (abd696a1)]&amp#27;[0m Replacing sessionId 1c1404f0-5a74-42d8-beb6-1bef9e083b18 with abd696a1-b514-4f12-8ca4-0856a59a36a0
&amp#27;[38;5;0m[HTTP]&amp#27;[0m &amp#27;[37m<-- GET /session/abd696a1-b514-4f12-8ca4-0856a59a36a0/element/00000000-0000-0b86-ffff-ffff0000008d/text &amp#27;[39m&amp#27;[32m200&amp#27;[39m &amp#27;[90m18 ms - 69&amp#27;[39m
&amp#27;[38;5;0m[HTTP]&amp#27;[0m &amp#27;[90m&amp#27;[39m
&amp#27;[38;5;0m[HTTP]&amp#27;[0m &amp#27;[37m-->&amp#27;[39m &amp#27;[37mGET&amp#27;[39m &amp#27;[37m/session/abd696a1-b514-4f12-8ca4-0856a59a36a0/context&amp#27;[39m
&amp#27;[38;5;0m[HTTP]&amp#27;[0m &amp#27;[90m{}&amp#27;[39m
&amp#27;[38;5;32m[AndroidUiautomator2Driver@97b8 (abd696a1)]&amp#27;[0m Calling AppiumDriver.getCurrentContext() with args: ["abd696a1-b514-4f12-8ca4-0856a59a36a0"]
&amp#27;[38;5;32m[AndroidUiautomator2Driver@97b8 (abd696a1)]&amp#27;[0m Responding to client with driver.getCurrentContext() result: "NATIVE_APP"
&amp#27;[38;5;0m[HTTP]&amp#27;[0m &amp#27;[37m<-- GET /session/abd696a1-b514-4f12-8ca4-0856a59a36a0/context &amp#27;[39m&amp#27;[32m200&amp#27;[39m &amp#27;[90m1 ms - 22&amp#27;[39m
&amp#27;[38;5;0m[HTTP]&amp#27;[0m &amp#27;[90m&amp#27;[39m
&amp#27;[38;5;0m[HTTP]&amp#27;[0m &amp#27;[37m-->&amp#27;[39m &amp#27;[37mPOST&amp#27;[39m &amp#27;[37m/session/abd696a1-b514-4f12-8ca4-0856a59a36a0/element&amp#27;[39m
&amp#27;[38;5;0m[HTTP]&amp#27;[0m &amp#27;[90m{"using":"id","value":"com.androidsample.generalstore:id/totalAmountLbl"}&amp#27;[39m
&amp#27;[38;5;32m[AndroidUiautomator2Driver@97b8 (abd696a1)]&amp#27;[0m Calling AppiumDriver.findElement() with args: ["id","com.androidsample.generalstore:id/totalAmountLbl","abd696a1-b514-4f12-8ca4-0856a59a36a0"]
&amp#27;[38;5;32m[AndroidUiautomator2Driver@97b8 (abd696a1)]&amp#27;[0m Valid locator strategies for this request: xpath, id, class name, accessibility id, css selector, -android uiautomator
&amp#27;[38;5;32m[AndroidUiautomator2Driver@97b8 (abd696a1)]&amp#27;[0m Waiting up to 10000 ms for condition
&amp#27;[38;5;32m[AndroidUiautomator2Driver@97b8 (abd696a1)]&amp#27;[0m Matched '/element' to command name 'findElement'
&amp#27;[38;5;32m[AndroidUiautomator2Driver@97b8 (abd696a1)]&amp#27;[0m Proxying [POST /element] to [POST http://127.0.0.1:8200/session/1c1404f0-5a74-42d8-beb6-1bef9e083b18/element] with body: {"strategy":"id","selector":"com.androidsample.generalstore:id/totalAmountLbl","context":"","multiple":false}
&amp#27;[38;5;32m[AndroidUiautomator2Driver@97b8 (abd696a1)]&amp#27;[0m Got response with status 200: {"sessionId":"1c1404f0-5a74-42d8-beb6-1bef9e083b18","value":{"ELEMENT":"00000000-0000-0b86-ffff-ffff00000079","element-6066-11e4-a52e-4f735466cecf":"00000000-0000-0b86-ffff-ffff00000079"}}
&amp#27;[38;5;32m[AndroidUiautomator2Driver@97b8 (abd696a1)]&amp#27;[0m Responding to client with driver.findElement() result: {"element-6066-11e4-a52e-4f735466cecf":"00000000-0000-0b86-ffff-ffff00000079","ELEMENT":"00000000-0000-0b86-ffff-ffff00000079"}
&amp#27;[38;5;0m[HTTP]&amp#27;[0m &amp#27;[37m<-- POST /session/abd696a1-b514-4f12-8ca4-0856a59a36a0/element &amp#27;[39m&amp#27;[32m200&amp#27;[39m &amp#27;[90m67 ms - 137&amp#27;[39m
&amp#27;[38;5;0m[HTTP]&amp#27;[0m &amp#27;[90m&amp#27;[39m
&amp#27;[38;5;0m[HTTP]&amp#27;[0m &amp#27;[37m-->&amp#27;[39m &amp#27;[37mGET&amp#27;[39m &amp#27;[37m/session/abd696a1-b514-4f12-8ca4-0856a59a36a0/element/00000000-0000-0b86-ffff-ffff00000079/text&amp#27;[39m
&amp#27;[38;5;0m[HTTP]&amp#27;[0m &amp#27;[90m{}&amp#27;[39m
&amp#27;[38;5;32m[AndroidUiautomator2Driver@97b8 (abd696a1)]&amp#27;[0m Driver proxy active, passing request on via HTTP proxy
&amp#27;[38;5;32m[AndroidUiautomator2Driver@97b8 (abd696a1)]&amp#27;[0m Matched '/session/abd696a1-b514-4f12-8ca4-0856a59a36a0/element/00000000-0000-0b86-ffff-ffff00000079/text' to command name 'getText'
&amp#27;[38;5;32m[AndroidUiautomator2Driver@97b8 (abd696a1)]&amp#27;[0m Proxying [GET /session/abd696a1-b514-4f12-8ca4-0856a59a36a0/element/00000000-0000-0b86-ffff-ffff00000079/text] to [GET http://127.0.0.1:8200/session/1c1404f0-5a74-42d8-beb6-1bef9e083b18/element/00000000-0000-0b86-ffff-ffff00000079/text] with no body
&amp#27;[38;5;32m[AndroidUiautomator2Driver@97b8 (abd696a1)]&amp#27;[0m Got response with status 200: {"sessionId":"1c1404f0-5a74-42d8-beb6-1bef9e083b18","value":"$ 280.97"}
&amp#27;[38;5;32m[AndroidUiautomator2Driver@97b8 (abd696a1)]&amp#27;[0m Replacing sessionId 1c1404f0-5a74-42d8-beb6-1bef9e083b18 with abd696a1-b514-4f12-8ca4-0856a59a36a0
&amp#27;[38;5;0m[HTTP]&amp#27;[0m &amp#27;[37m<-- GET /session/abd696a1-b514-4f12-8ca4-0856a59a36a0/element/00000000-0000-0b86-ffff-ffff00000079/text &amp#27;[39m&amp#27;[32m200&amp#27;[39m &amp#27;[90m20 ms - 71&amp#27;[39m
&amp#27;[38;5;0m[HTTP]&amp#27;[0m &amp#27;[90m&amp#27;[39m
&amp#27;[38;5;0m[HTTP]&amp#27;[0m &amp#27;[37m-->&amp#27;[39m &amp#27;[37mGET&amp#27;[39m &amp#27;[37m/session/abd696a1-b514-4f12-8ca4-0856a59a36a0/context&amp#27;[39m
&amp#27;[38;5;0m[HTTP]&amp#27;[0m &amp#27;[90m{}&amp#27;[39m
&amp#27;[38;5;32m[AndroidUiautomator2Driver@97b8 (abd696a1)]&amp#27;[0m Calling AppiumDriver.getCurrentContext() with args: ["abd696a1-b514-4f12-8ca4-0856a59a36a0"]
&amp#27;[38;5;32m[AndroidUiautomator2Driver@97b8 (abd696a1)]&amp#27;[0m Responding to client with driver.getCurrentContext() result: "NATIVE_APP"
&amp#27;[38;5;0m[HTTP]&amp#27;[0m &amp#27;[37m<-- GET /session/abd696a1-b514-4f12-8ca4-0856a59a36a0/context &amp#27;[39m&amp#27;[32m200&amp#27;[39m &amp#27;[90m1 ms - 22&amp#27;[39m
&amp#27;[38;5;0m[HTTP]&amp#27;[0m &amp#27;[90m&amp#27;[39m
&amp#27;[38;5;0m[HTTP]&amp#27;[0m &amp#27;[37m-->&amp#27;[39m &amp#27;[37mPOST&amp#27;[39m &amp#27;[37m/session/abd696a1-b514-4f12-8ca4-0856a59a36a0/element&amp#27;[39m
&amp#27;[38;5;0m[HTTP]&amp#27;[0m &amp#27;[90m{"using":"id","value":"com.androidsample.generalstore:id/termsButton"}&amp#27;[39m
&amp#27;[38;5;32m[AndroidUiautomator2Driver@97b8 (abd696a1)]&amp#27;[0m Calling AppiumDriver.findElement() with args: ["id","com.androidsample.generalstore:id/termsButton","abd696a1-b514-4f12-8ca4-0856a59a36a0"]
&amp#27;[38;5;32m[AndroidUiautomator2Driver@97b8 (abd696a1)]&amp#27;[0m Valid locator strategies for this request: xpath, id, class name, accessibility id, css selector, -android uiautomator
&amp#27;[38;5;32m[AndroidUiautomator2Driver@97b8 (abd696a1)]&amp#27;[0m Waiting up to 10000 ms for condition
&amp#27;[38;5;32m[AndroidUiautomator2Driver@97b8 (abd696a1)]&amp#27;[0m Matched '/element' to command name 'findElement'
&amp#27;[38;5;32m[AndroidUiautomator2Driver@97b8 (abd696a1)]&amp#27;[0m Proxying [POST /element] to [POST http://127.0.0.1:8200/session/1c1404f0-5a74-42d8-beb6-1bef9e083b18/element] with body: {"strategy":"id","selector":"com.androidsample.generalstore:id/termsButton","context":"","multiple":false}
&amp#27;[38;5;32m[AndroidUiautomator2Driver@97b8 (abd696a1)]&amp#27;[0m Got response with status 200: {"sessionId":"1c1404f0-5a74-42d8-beb6-1bef9e083b18","value":{"ELEMENT":"00000000-0000-0b86-ffff-ffff0000007c","element-6066-11e4-a52e-4f735466cecf":"00000000-0000-0b86-ffff-ffff0000007c"}}
&amp#27;[38;5;32m[AndroidUiautomator2Driver@97b8 (abd696a1)]&amp#27;[0m Responding to client with driver.findElement() result: {"element-6066-11e4-a52e-4f735466cecf":"00000000-0000-0b86-ffff-ffff0000007c","ELEMENT":"00000000-0000-0b86-ffff-ffff0000007c"}
&amp#27;[38;5;0m[HTTP]&amp#27;[0m &amp#27;[37m<-- POST /session/abd696a1-b514-4f12-8ca4-0856a59a36a0/element &amp#27;[39m&amp#27;[32m200&amp#27;[39m &amp#27;[90m73 ms - 137&amp#27;[39m
&amp#27;[38;5;0m[HTTP]&amp#27;[0m &amp#27;[90m&amp#27;[39m
&amp#27;[38;5;0m[HTTP]&amp#27;[0m &amp#27;[37m-->&amp#27;[39m &amp#27;[37mPOST&amp#27;[39m &amp#27;[37m/session/abd696a1-b514-4f12-8ca4-0856a59a36a0/execute/sync&amp#27;[39m
&amp#27;[38;5;0m[HTTP]&amp#27;[0m &amp#27;[90m{"script":"mobile: longClickGesture","args":[{"elementId":"00000000-0000-0b86-ffff-ffff0000007c","duration":2000}]}&amp#27;[39m
&amp#27;[38;5;32m[AndroidUiautomator2Driver@97b8 (abd696a1)]&amp#27;[0m Calling AppiumDriver.execute() with args: ["mobile: longClickGesture",[{"elementId":"00000000-0000-0b86-ffff-ffff0000007c","duration":2000}],"abd696a1-b514-4f12-8ca4-0856a59a36a0"]
&amp#27;[38;5;32m[AndroidUiautomator2Driver@97b8 (abd696a1)]&amp#27;[0m Executing method 'mobile: longClickGesture'
&amp#27;[38;5;32m[AndroidUiautomator2Driver@97b8 (abd696a1)]&amp#27;[0m Proxying [POST /appium/gestures/long_click] to [POST http://127.0.0.1:8200/session/1c1404f0-5a74-42d8-beb6-1bef9e083b18/appium/gestures/long_click] with body: {"origin":{"ELEMENT":"00000000-0000-0b86-ffff-ffff0000007c","element-6066-11e4-a52e-4f735466cecf":"00000000-0000-0b86-ffff-ffff0000007c"},"duration":2000}
&amp#27;[38;5;32m[AndroidUiautomator2Driver@97b8 (abd696a1)]&amp#27;[0m Got response with status 200: {"sessionId":"1c1404f0-5a74-42d8-beb6-1bef9e083b18","value":null}
&amp#27;[38;5;32m[AndroidUiautomator2Driver@97b8 (abd696a1)]&amp#27;[0m Responding to client with driver.execute() result: null
&amp#27;[38;5;0m[HTTP]&amp#27;[0m &amp#27;[37m<-- POST /session/abd696a1-b514-4f12-8ca4-0856a59a36a0/execute/sync &amp#27;[39m&amp#27;[32m200&amp#27;[39m &amp#27;[90m2069 ms - 14&amp#27;[39m
&amp#27;[38;5;0m[HTTP]&amp#27;[0m &amp#27;[90m&amp#27;[39m
&amp#27;[38;5;0m[HTTP]&amp#27;[0m &amp#27;[37m-->&amp#27;[39m &amp#27;[37mGET&amp#27;[39m &amp#27;[37m/session/abd696a1-b514-4f12-8ca4-0856a59a36a0/context&amp#27;[39m
&amp#27;[38;5;0m[HTTP]&amp#27;[0m &amp#27;[90m{}&amp#27;[39m
&amp#27;[38;5;32m[AndroidUiautomator2Driver@97b8 (abd696a1)]&amp#27;[0m Calling AppiumDriver.getCurrentContext() with args: ["abd696a1-b514-4f12-8ca4-0856a59a36a0"]
&amp#27;[38;5;32m[AndroidUiautomator2Driver@97b8 (abd696a1)]&amp#27;[0m Responding to client with driver.getCurrentContext() result: "NATIVE_APP"
&amp#27;[38;5;0m[HTTP]&amp#27;[0m &amp#27;[37m<-- GET /session/abd696a1-b514-4f12-8ca4-0856a59a36a0/context &amp#27;[39m&amp#27;[32m200&amp#27;[39m &amp#27;[90m1 ms - 22&amp#27;[39m
&amp#27;[38;5;0m[HTTP]&amp#27;[0m &amp#27;[90m&amp#27;[39m
&amp#27;[38;5;0m[HTTP]&amp#27;[0m &amp#27;[37m-->&amp#27;[39m &amp#27;[37mPOST&amp#27;[39m &amp#27;[37m/session/abd696a1-b514-4f12-8ca4-0856a59a36a0/element&amp#27;[39m
&amp#27;[38;5;0m[HTTP]&amp#27;[0m &amp#27;[90m{"using":"id","value":"com.androidsample.generalstore:id/alertTitle"}&amp#27;[39m
&amp#27;[38;5;32m[AndroidUiautomator2Driver@97b8 (abd696a1)]&amp#27;[0m Calling AppiumDriver.findElement() with args: ["id","com.androidsample.generalstore:id/alertTitle","abd696a1-b514-4f12-8ca4-0856a59a36a0"]
&amp#27;[38;5;32m[AndroidUiautomator2Driver@97b8 (abd696a1)]&amp#27;[0m Valid locator strategies for this request: xpath, id, class name, accessibility id, css selector, -android uiautomator
&amp#27;[38;5;32m[AndroidUiautomator2Driver@97b8 (abd696a1)]&amp#27;[0m Waiting up to 10000 ms for condition
&amp#27;[38;5;32m[AndroidUiautomator2Driver@97b8 (abd696a1)]&amp#27;[0m Matched '/element' to command name 'findElement'
&amp#27;[38;5;32m[AndroidUiautomator2Driver@97b8 (abd696a1)]&amp#27;[0m Proxying [POST /element] to [POST http://127.0.0.1:8200/session/1c1404f0-5a74-42d8-beb6-1bef9e083b18/element] with body: {"strategy":"id","selector":"com.androidsample.generalstore:id/alertTitle","context":"","multiple":false}
&amp#27;[38;5;32m[AndroidUiautomator2Driver@97b8 (abd696a1)]&amp#27;[0m Got response with status 200: {"sessionId":"1c1404f0-5a74-42d8-beb6-1bef9e083b18","value":{"ELEMENT":"00000000-0000-0b87-ffff-ffff00000099","element-6066-11e4-a52e-4f735466cecf":"00000000-0000-0b87-ffff-ffff00000099"}}
&amp#27;[38;5;32m[AndroidUiautomator2Driver@97b8 (abd696a1)]&amp#27;[0m Responding to client with driver.findElement() result: {"element-6066-11e4-a52e-4f735466cecf":"00000000-0000-0b87-ffff-ffff00000099","ELEMENT":"00000000-0000-0b87-ffff-ffff00000099"}
&amp#27;[38;5;0m[HTTP]&amp#27;[0m &amp#27;[37m<-- POST /session/abd696a1-b514-4f12-8ca4-0856a59a36a0/element &amp#27;[39m&amp#27;[32m200&amp#27;[39m &amp#27;[90m42 ms - 137&amp#27;[39m
&amp#27;[38;5;0m[HTTP]&amp#27;[0m &amp#27;[90m&amp#27;[39m
&amp#27;[38;5;0m[HTTP]&amp#27;[0m &amp#27;[37m-->&amp#27;[39m &amp#27;[37mGET&amp#27;[39m &amp#27;[37m/session/abd696a1-b514-4f12-8ca4-0856a59a36a0/element/00000000-0000-0b87-ffff-ffff00000099/text&amp#27;[39m
&amp#27;[38;5;0m[HTTP]&amp#27;[0m &amp#27;[90m{}&amp#27;[39m
&amp#27;[38;5;32m[AndroidUiautomator2Driver@97b8 (abd696a1)]&amp#27;[0m Driver proxy active, passing request on via HTTP proxy
&amp#27;[38;5;32m[AndroidUiautomator2Driver@97b8 (abd696a1)]&amp#27;[0m Matched '/session/abd696a1-b514-4f12-8ca4-0856a59a36a0/element/00000000-0000-0b87-ffff-ffff00000099/text' to command name 'getText'
&amp#27;[38;5;32m[AndroidUiautomator2Driver@97b8 (abd696a1)]&amp#27;[0m Proxying [GET /session/abd696a1-b514-4f12-8ca4-0856a59a36a0/element/00000000-0000-0b87-ffff-ffff00000099/text] to [GET http://127.0.0.1:8200/session/1c1404f0-5a74-42d8-beb6-1bef9e083b18/element/00000000-0000-0b87-ffff-ffff00000099/text] with no body
&amp#27;[38;5;32m[AndroidUiautomator2Driver@97b8 (abd696a1)]&amp#27;[0m Got response with status 200: {"sessionId":"1c1404f0-5a74-42d8-beb6-1bef9e083b18","value":"Terms Of Conditions"}
&amp#27;[38;5;32m[AndroidUiautomator2Driver@97b8 (abd696a1)]&amp#27;[0m Replacing sessionId 1c1404f0-5a74-42d8-beb6-1bef9e083b18 with abd696a1-b514-4f12-8ca4-0856a59a36a0
&amp#27;[38;5;0m[HTTP]&amp#27;[0m &amp#27;[37m<-- GET /session/abd696a1-b514-4f12-8ca4-0856a59a36a0/element/00000000-0000-0b87-ffff-ffff00000099/text &amp#27;[39m&amp#27;[32m200&amp#27;[39m &amp#27;[90m64 ms - 82&amp#27;[39m
&amp#27;[38;5;0m[HTTP]&amp#27;[0m &amp#27;[90m&amp#27;[39m
&amp#27;[38;5;0m[HTTP]&amp#27;[0m &amp#27;[37m-->&amp#27;[39m &amp#27;[37mGET&amp#27;[39m &amp#27;[37m/session/abd696a1-b514-4f12-8ca4-0856a59a36a0/context&amp#27;[39m
&amp#27;[38;5;0m[HTTP]&amp#27;[0m &amp#27;[90m{}&amp#27;[39m
&amp#27;[38;5;32m[AndroidUiautomator2Driver@97b8 (abd696a1)]&amp#27;[0m Calling AppiumDriver.getCurrentContext() with args: ["abd696a1-b514-4f12-8ca4-0856a59a36a0"]
&amp#27;[38;5;32m[AndroidUiautomator2Driver@97b8 (abd696a1)]&amp#27;[0m Responding to client with driver.getCurrentContext() result: "NATIVE_APP"
&amp#27;[38;5;0m[HTTP]&amp#27;[0m &amp#27;[37m<-- GET /session/abd696a1-b514-4f12-8ca4-0856a59a36a0/context &amp#27;[39m&amp#27;[32m200&amp#27;[39m &amp#27;[90m1 ms - 22&amp#27;[39m
&amp#27;[38;5;0m[HTTP]&amp#27;[0m &amp#27;[90m&amp#27;[39m
&amp#27;[38;5;0m[HTTP]&amp#27;[0m &amp#27;[37m-->&amp#27;[39m &amp#27;[37mPOST&amp#27;[39m &amp#27;[37m/session/abd696a1-b514-4f12-8ca4-0856a59a36a0/element&amp#27;[39m
&amp#27;[38;5;0m[HTTP]&amp#27;[0m &amp#27;[90m{"using":"id","value":"android:id/button1"}&amp#27;[39m
&amp#27;[38;5;32m[AndroidUiautomator2Driver@97b8 (abd696a1)]&amp#27;[0m Calling AppiumDriver.findElement() with args: ["id","android:id/button1","abd696a1-b514-4f12-8ca4-0856a59a36a0"]
&amp#27;[38;5;32m[AndroidUiautomator2Driver@97b8 (abd696a1)]&amp#27;[0m Valid locator strategies for this request: xpath, id, class name, accessibility id, css selector, -android uiautomator
&amp#27;[38;5;32m[AndroidUiautomator2Driver@97b8 (abd696a1)]&amp#27;[0m Waiting up to 10000 ms for condition
&amp#27;[38;5;32m[AndroidUiautomator2Driver@97b8 (abd696a1)]&amp#27;[0m Matched '/element' to command name 'findElement'
&amp#27;[38;5;32m[AndroidUiautomator2Driver@97b8 (abd696a1)]&amp#27;[0m Proxying [POST /element] to [POST http://127.0.0.1:8200/session/1c1404f0-5a74-42d8-beb6-1bef9e083b18/element] with body: {"strategy":"id","selector":"android:id/button1","context":"","multiple":false}
&amp#27;[38;5;32m[AndroidUiautomator2Driver@97b8 (abd696a1)]&amp#27;[0m Got response with status 200: {"sessionId":"1c1404f0-5a74-42d8-beb6-1bef9e083b18","value":{"ELEMENT":"00000000-0000-0b87-ffff-ffff000000a8","element-6066-11e4-a52e-4f735466cecf":"00000000-0000-0b87-ffff-ffff000000a8"}}
&amp#27;[38;5;32m[AndroidUiautomator2Driver@97b8 (abd696a1)]&amp#27;[0m Responding to client with driver.findElement() result: {"element-6066-11e4-a52e-4f735466cecf":"00000000-0000-0b87-ffff-ffff000000a8","ELEMENT":"00000000-0000-0b87-ffff-ffff000000a8"}
&amp#27;[38;5;0m[HTTP]&amp#27;[0m &amp#27;[37m<-- POST /session/abd696a1-b514-4f12-8ca4-0856a59a36a0/element &amp#27;[39m&amp#27;[32m200&amp#27;[39m &amp#27;[90m78 ms - 137&amp#27;[39m
&amp#27;[38;5;0m[HTTP]&amp#27;[0m &amp#27;[90m&amp#27;[39m
&amp#27;[38;5;0m[HTTP]&amp#27;[0m &amp#27;[37m-->&amp#27;[39m &amp#27;[37mPOST&amp#27;[39m &amp#27;[37m/session/abd696a1-b514-4f12-8ca4-0856a59a36a0/element/00000000-0000-0b87-ffff-ffff000000a8/click&amp#27;[39m
&amp#27;[38;5;0m[HTTP]&amp#27;[0m &amp#27;[90m{"id":"00000000-0000-0b87-ffff-ffff000000a8"}&amp#27;[39m
&amp#27;[38;5;32m[AndroidUiautomator2Driver@97b8 (abd696a1)]&amp#27;[0m Calling AppiumDriver.click() with args: ["00000000-0000-0b87-ffff-ffff000000a8","abd696a1-b514-4f12-8ca4-0856a59a36a0"]
&amp#27;[38;5;32m[AndroidUiautomator2Driver@97b8 (abd696a1)]&amp#27;[0m Matched '/element/00000000-0000-0b87-ffff-ffff000000a8/click' to command name 'click'
&amp#27;[38;5;32m[AndroidUiautomator2Driver@97b8 (abd696a1)]&amp#27;[0m Proxying [POST /element/00000000-0000-0b87-ffff-ffff000000a8/click] to [POST http://127.0.0.1:8200/session/1c1404f0-5a74-42d8-beb6-1bef9e083b18/element/00000000-0000-0b87-ffff-ffff000000a8/click] with body: {"element":"00000000-0000-0b87-ffff-ffff000000a8"}
&amp#27;[38;5;32m[AndroidUiautomator2Driver@97b8 (abd696a1)]&amp#27;[0m Got response with status 200: {"sessionId":"1c1404f0-5a74-42d8-beb6-1bef9e083b18","value":null}
&amp#27;[38;5;32m[AndroidUiautomator2Driver@97b8 (abd696a1)]&amp#27;[0m Responding to client with driver.click() result: null
&amp#27;[38;5;0m[HTTP]&amp#27;[0m &amp#27;[37m<-- POST /session/abd696a1-b514-4f12-8ca4-0856a59a36a0/element/00000000-0000-0b87-ffff-ffff000000a8/click &amp#27;[39m&amp#27;[32m200&amp#27;[39m &amp#27;[90m177 ms - 14&amp#27;[39m
&amp#27;[38;5;0m[HTTP]&amp#27;[0m &amp#27;[90m&amp#27;[39m
&amp#27;[38;5;0m[HTTP]&amp#27;[0m &amp#27;[37m-->&amp#27;[39m &amp#27;[37mGET&amp#27;[39m &amp#27;[37m/session/abd696a1-b514-4f12-8ca4-0856a59a36a0/context&amp#27;[39m
&amp#27;[38;5;0m[HTTP]&amp#27;[0m &amp#27;[90m{}&amp#27;[39m
&amp#27;[38;5;32m[AndroidUiautomator2Driver@97b8 (abd696a1)]&amp#27;[0m Calling AppiumDriver.getCurrentContext() with args: ["abd696a1-b514-4f12-8ca4-0856a59a36a0"]
&amp#27;[38;5;32m[AndroidUiautomator2Driver@97b8 (abd696a1)]&amp#27;[0m Responding to client with driver.getCurrentContext() result: "NATIVE_APP"
&amp#27;[38;5;0m[HTTP]&amp#27;[0m &amp#27;[37m<-- GET /session/abd696a1-b514-4f12-8ca4-0856a59a36a0/context &amp#27;[39m&amp#27;[32m200&amp#27;[39m &amp#27;[90m1 ms - 22&amp#27;[39m
&amp#27;[38;5;0m[HTTP]&amp#27;[0m &amp#27;[90m&amp#27;[39m
&amp#27;[38;5;0m[HTTP]&amp#27;[0m &amp#27;[37m-->&amp#27;[39m &amp#27;[37mPOST&amp#27;[39m &amp#27;[37m/session/abd696a1-b514-4f12-8ca4-0856a59a36a0/element&amp#27;[39m
&amp#27;[38;5;0m[HTTP]&amp#27;[0m &amp#27;[90m{"using":"class name","value":"android.widget.CheckBox"}&amp#27;[39m
&amp#27;[38;5;32m[AndroidUiautomator2Driver@97b8 (abd696a1)]&amp#27;[0m Calling AppiumDriver.findElement() with args: ["class name","android.widget.CheckBox","abd696a1-b514-4f12-8ca4-0856a59a36a0"]
&amp#27;[38;5;32m[AndroidUiautomator2Driver@97b8 (abd696a1)]&amp#27;[0m Valid locator strategies for this request: xpath, id, class name, accessibility id, css selector, -android uiautomator
&amp#27;[38;5;32m[AndroidUiautomator2Driver@97b8 (abd696a1)]&amp#27;[0m Waiting up to 10000 ms for condition
&amp#27;[38;5;32m[AndroidUiautomator2Driver@97b8 (abd696a1)]&amp#27;[0m Matched '/element' to command name 'findElement'
&amp#27;[38;5;32m[AndroidUiautomator2Driver@97b8 (abd696a1)]&amp#27;[0m Proxying [POST /element] to [POST http://127.0.0.1:8200/session/1c1404f0-5a74-42d8-beb6-1bef9e083b18/element] with body: {"strategy":"class name","selector":"android.widget.CheckBox","context":"","multiple":false}
&amp#27;[38;5;32m[AndroidUiautomator2Driver@97b8 (abd696a1)]&amp#27;[0m Got response with status 200: {"sessionId":"1c1404f0-5a74-42d8-beb6-1bef9e083b18","value":{"ELEMENT":"00000000-0000-0b86-ffff-ffff0000007a","element-6066-11e4-a52e-4f735466cecf":"00000000-0000-0b86-ffff-ffff0000007a"}}
&amp#27;[38;5;32m[AndroidUiautomator2Driver@97b8 (abd696a1)]&amp#27;[0m Responding to client with driver.findElement() result: {"element-6066-11e4-a52e-4f735466cecf":"00000000-0000-0b86-ffff-ffff0000007a","ELEMENT":"00000000-0000-0b86-ffff-ffff0000007a"}
&amp#27;[38;5;0m[HTTP]&amp#27;[0m &amp#27;[37m<-- POST /session/abd696a1-b514-4f12-8ca4-0856a59a36a0/element &amp#27;[39m&amp#27;[32m200&amp#27;[39m &amp#27;[90m629 ms - 137&amp#27;[39m
&amp#27;[38;5;0m[HTTP]&amp#27;[0m &amp#27;[90m&amp#27;[39m
&amp#27;[38;5;0m[HTTP]&amp#27;[0m &amp#27;[37m-->&amp#27;[39m &amp#27;[37mPOST&amp#27;[39m &amp#27;[37m/session/abd696a1-b514-4f12-8ca4-0856a59a36a0/element/00000000-0000-0b86-ffff-ffff0000007a/click&amp#27;[39m
&amp#27;[38;5;0m[HTTP]&amp#27;[0m &amp#27;[90m{"id":"00000000-0000-0b86-ffff-ffff0000007a"}&amp#27;[39m
&amp#27;[38;5;32m[AndroidUiautomator2Driver@97b8 (abd696a1)]&amp#27;[0m Calling AppiumDriver.click() with args: ["00000000-0000-0b86-ffff-ffff0000007a","abd696a1-b514-4f12-8ca4-0856a59a36a0"]
&amp#27;[38;5;32m[AndroidUiautomator2Driver@97b8 (abd696a1)]&amp#27;[0m Matched '/element/00000000-0000-0b86-ffff-ffff0000007a/click' to command name 'click'
&amp#27;[38;5;32m[AndroidUiautomator2Driver@97b8 (abd696a1)]&amp#27;[0m Proxying [POST /element/00000000-0000-0b86-ffff-ffff0000007a/click] to [POST http://127.0.0.1:8200/session/1c1404f0-5a74-42d8-beb6-1bef9e083b18/element/00000000-0000-0b86-ffff-ffff0000007a/click] with body: {"element":"00000000-0000-0b86-ffff-ffff0000007a"}
&amp#27;[38;5;32m[AndroidUiautomator2Driver@97b8 (abd696a1)]&amp#27;[0m Got response with status 200: {"sessionId":"1c1404f0-5a74-42d8-beb6-1bef9e083b18","value":null}
&amp#27;[38;5;32m[AndroidUiautomator2Driver@97b8 (abd696a1)]&amp#27;[0m Responding to client with driver.click() result: null
&amp#27;[38;5;0m[HTTP]&amp#27;[0m &amp#27;[37m<-- POST /session/abd696a1-b514-4f12-8ca4-0856a59a36a0/element/00000000-0000-0b86-ffff-ffff0000007a/click &amp#27;[39m&amp#27;[32m200&amp#27;[39m &amp#27;[90m84 ms - 14&amp#27;[39m
&amp#27;[38;5;0m[HTTP]&amp#27;[0m &amp#27;[90m&amp#27;[39m
&amp#27;[38;5;0m[HTTP]&amp#27;[0m &amp#27;[37m-->&amp#27;[39m &amp#27;[37mGET&amp#27;[39m &amp#27;[37m/session/abd696a1-b514-4f12-8ca4-0856a59a36a0/context&amp#27;[39m
&amp#27;[38;5;0m[HTTP]&amp#27;[0m &amp#27;[90m{}&amp#27;[39m
&amp#27;[38;5;32m[AndroidUiautomator2Driver@97b8 (abd696a1)]&amp#27;[0m Calling AppiumDriver.getCurrentContext() with args: ["abd696a1-b514-4f12-8ca4-0856a59a36a0"]
&amp#27;[38;5;32m[AndroidUiautomator2Driver@97b8 (abd696a1)]&amp#27;[0m Responding to client with driver.getCurrentContext() result: "NATIVE_APP"
&amp#27;[38;5;0m[HTTP]&amp#27;[0m &amp#27;[37m<-- GET /session/abd696a1-b514-4f12-8ca4-0856a59a36a0/context &amp#27;[39m&amp#27;[32m200&amp#27;[39m &amp#27;[90m1 ms - 22&amp#27;[39m
&amp#27;[38;5;0m[HTTP]&amp#27;[0m &amp#27;[90m&amp#27;[39m
&amp#27;[38;5;0m[HTTP]&amp#27;[0m &amp#27;[37m-->&amp#27;[39m &amp#27;[37mPOST&amp#27;[39m &amp#27;[37m/session/abd696a1-b514-4f12-8ca4-0856a59a36a0/element&amp#27;[39m
&amp#27;[38;5;0m[HTTP]&amp#27;[0m &amp#27;[90m{"using":"id","value":"com.androidsample.generalstore:id/btnProceed"}&amp#27;[39m
&amp#27;[38;5;32m[AndroidUiautomator2Driver@97b8 (abd696a1)]&amp#27;[0m Calling AppiumDriver.findElement() with args: ["id","com.androidsample.generalstore:id/btnProceed","abd696a1-b514-4f12-8ca4-0856a59a36a0"]
&amp#27;[38;5;32m[AndroidUiautomator2Driver@97b8 (abd696a1)]&amp#27;[0m Valid locator strategies for this request: xpath, id, class name, accessibility id, css selector, -android uiautomator
&amp#27;[38;5;32m[AndroidUiautomator2Driver@97b8 (abd696a1)]&amp#27;[0m Waiting up to 10000 ms for condition
&amp#27;[38;5;32m[AndroidUiautomator2Driver@97b8 (abd696a1)]&amp#27;[0m Matched '/element' to command name 'findElement'
&amp#27;[38;5;32m[AndroidUiautomator2Driver@97b8 (abd696a1)]&amp#27;[0m Proxying [POST /element] to [POST http://127.0.0.1:8200/session/1c1404f0-5a74-42d8-beb6-1bef9e083b18/element] with body: {"strategy":"id","selector":"com.androidsample.generalstore:id/btnProceed","context":"","multiple":false}
&amp#27;[38;5;32m[AndroidUiautomator2Driver@97b8 (abd696a1)]&amp#27;[0m Got response with status 200: {"sessionId":"1c1404f0-5a74-42d8-beb6-1bef9e083b18","value":{"ELEMENT":"00000000-0000-0b86-ffff-ffff0000007b","element-6066-11e4-a52e-4f735466cecf":"00000000-0000-0b86-ffff-ffff0000007b"}}
&amp#27;[38;5;32m[AndroidUiautomator2Driver@97b8 (abd696a1)]&amp#27;[0m Responding to client with driver.findElement() result: {"element-6066-11e4-a52e-4f735466cecf":"00000000-0000-0b86-ffff-ffff0000007b","ELEMENT":"00000000-0000-0b86-ffff-ffff0000007b"}
&amp#27;[38;5;0m[HTTP]&amp#27;[0m &amp#27;[37m<-- POST /session/abd696a1-b514-4f12-8ca4-0856a59a36a0/element &amp#27;[39m&amp#27;[32m200&amp#27;[39m &amp#27;[90m732 ms - 137&amp#27;[39m
&amp#27;[38;5;0m[HTTP]&amp#27;[0m &amp#27;[90m&amp#27;[39m
&amp#27;[38;5;0m[HTTP]&amp#27;[0m &amp#27;[37m-->&amp#27;[39m &amp#27;[37mPOST&amp#27;[39m &amp#27;[37m/session/abd696a1-b514-4f12-8ca4-0856a59a36a0/element/00000000-0000-0b86-ffff-ffff0000007b/click&amp#27;[39m
&amp#27;[38;5;0m[HTTP]&amp#27;[0m &amp#27;[90m{"id":"00000000-0000-0b86-ffff-ffff0000007b"}&amp#27;[39m
&amp#27;[38;5;32m[AndroidUiautomator2Driver@97b8 (abd696a1)]&amp#27;[0m Calling AppiumDriver.click() with args: ["00000000-0000-0b86-ffff-ffff0000007b","abd696a1-b514-4f12-8ca4-0856a59a36a0"]
&amp#27;[38;5;32m[AndroidUiautomator2Driver@97b8 (abd696a1)]&amp#27;[0m Matched '/element/00000000-0000-0b86-ffff-ffff0000007b/click' to command name 'click'
&amp#27;[38;5;32m[AndroidUiautomator2Driver@97b8 (abd696a1)]&amp#27;[0m Proxying [POST /element/00000000-0000-0b86-ffff-ffff0000007b/click] to [POST http://127.0.0.1:8200/session/1c1404f0-5a74-42d8-beb6-1bef9e083b18/element/00000000-0000-0b86-ffff-ffff0000007b/click] with body: {"element":"00000000-0000-0b86-ffff-ffff0000007b"}
&amp#27;[38;5;32m[AndroidUiautomator2Driver@97b8 (abd696a1)]&amp#27;[0m Got response with status 200: {"sessionId":"1c1404f0-5a74-42d8-beb6-1bef9e083b18","value":null}
&amp#27;[38;5;32m[AndroidUiautomator2Driver@97b8 (abd696a1)]&amp#27;[0m Responding to client with driver.click() result: null
&amp#27;[38;5;0m[HTTP]&amp#27;[0m &amp#27;[37m<-- POST /session/abd696a1-b514-4f12-8ca4-0856a59a36a0/element/00000000-0000-0b86-ffff-ffff0000007b/click &amp#27;[39m&amp#27;[32m200&amp#27;[39m &amp#27;[90m93 ms - 14&amp#27;[39m
&amp#27;[38;5;0m[HTTP]&amp#27;[0m &amp#27;[90m&amp#27;[39m
]]></system-out>
    <system-err><![CDATA[SLF4J: No SLF4J providers were found.
SLF4J: Defaulting to no-operation (NOP) logger implementation
SLF4J: See https://www.slf4j.org/codes.html#noProviders for further details.
]]></system-err>
  </testcase>
  <testcase name="test1[David, male, Albania](2)" classname="eCommerce.Test1" time="14.815">
    <system-out><![CDATA[&amp#27;[38;5;0m[HTTP]&amp#27;[0m &amp#27;[37m-->&amp#27;[39m &amp#27;[37mPOST&amp#27;[39m &amp#27;[37m/session/abd696a1-b514-4f12-8ca4-0856a59a36a0/execute/sync&amp#27;[39m
&amp#27;[38;5;0m[HTTP]&amp#27;[0m &amp#27;[90m{"script":"mobile: pressKey","args":[{"keycode":4}]}&amp#27;[39m
&amp#27;[38;5;32m[AndroidUiautomator2Driver@97b8 (abd696a1)]&amp#27;[0m Calling AppiumDriver.execute() with args: ["mobile: pressKey",[{"keycode":4}],"abd696a1-b514-4f12-8ca4-0856a59a36a0"]
&amp#27;[38;5;32m[AndroidUiautomator2Driver@97b8 (abd696a1)]&amp#27;[0m Executing method 'mobile: pressKey'
&amp#27;[38;5;32m[AndroidUiautomator2Driver@97b8 (abd696a1)]&amp#27;[0m Matched '/appium/device/press_keycode' to command name 'pressKeyCode'
&amp#27;[38;5;32m[AndroidUiautomator2Driver@97b8 (abd696a1)]&amp#27;[0m Proxying [POST /appium/device/press_keycode] to [POST http://127.0.0.1:8200/session/1c1404f0-5a74-42d8-beb6-1bef9e083b18/appium/device/press_keycode] with body: {"keycode":4}
&amp#27;[38;5;32m[AndroidUiautomator2Driver@97b8 (abd696a1)]&amp#27;[0m Got response with status 200: {"sessionId":"1c1404f0-5a74-42d8-beb6-1bef9e083b18","value":null}
&amp#27;[38;5;32m[AndroidUiautomator2Driver@97b8 (abd696a1)]&amp#27;[0m Responding to client with driver.execute() result: null
&amp#27;[38;5;0m[HTTP]&amp#27;[0m &amp#27;[37m<-- POST /session/abd696a1-b514-4f12-8ca4-0856a59a36a0/execute/sync &amp#27;[39m&amp#27;[32m200&amp#27;[39m &amp#27;[90m3098 ms - 14&amp#27;[39m
&amp#27;[38;5;0m[HTTP]&amp#27;[0m &amp#27;[90m&amp#27;[39m
&amp#27;[38;5;0m[HTTP]&amp#27;[0m &amp#27;[37m-->&amp#27;[39m &amp#27;[37mGET&amp#27;[39m &amp#27;[37m/session/abd696a1-b514-4f12-8ca4-0856a59a36a0/context&amp#27;[39m
&amp#27;[38;5;0m[HTTP]&amp#27;[0m &amp#27;[90m{}&amp#27;[39m
&amp#27;[38;5;32m[AndroidUiautomator2Driver@97b8 (abd696a1)]&amp#27;[0m Calling AppiumDriver.getCurrentContext() with args: ["abd696a1-b514-4f12-8ca4-0856a59a36a0"]
&amp#27;[38;5;32m[AndroidUiautomator2Driver@97b8 (abd696a1)]&amp#27;[0m Responding to client with driver.getCurrentContext() result: "NATIVE_APP"
&amp#27;[38;5;0m[HTTP]&amp#27;[0m &amp#27;[37m<-- GET /session/abd696a1-b514-4f12-8ca4-0856a59a36a0/context &amp#27;[39m&amp#27;[32m200&amp#27;[39m &amp#27;[90m1 ms - 22&amp#27;[39m
&amp#27;[38;5;0m[HTTP]&amp#27;[0m &amp#27;[90m&amp#27;[39m
&amp#27;[38;5;0m[HTTP]&amp#27;[0m &amp#27;[37m-->&amp#27;[39m &amp#27;[37mPOST&amp#27;[39m &amp#27;[37m/session/abd696a1-b514-4f12-8ca4-0856a59a36a0/element&amp#27;[39m
&amp#27;[38;5;0m[HTTP]&amp#27;[0m &amp#27;[90m{"using":"id","value":"com.androidsample.generalstore:id/nameField"}&amp#27;[39m
&amp#27;[38;5;32m[AndroidUiautomator2Driver@97b8 (abd696a1)]&amp#27;[0m Calling AppiumDriver.findElement() with args: ["id","com.androidsample.generalstore:id/nameField","abd696a1-b514-4f12-8ca4-0856a59a36a0"]
&amp#27;[38;5;32m[AndroidUiautomator2Driver@97b8 (abd696a1)]&amp#27;[0m Valid locator strategies for this request: xpath, id, class name, accessibility id, css selector, -android uiautomator
&amp#27;[38;5;32m[AndroidUiautomator2Driver@97b8 (abd696a1)]&amp#27;[0m Waiting up to 10000 ms for condition
&amp#27;[38;5;32m[AndroidUiautomator2Driver@97b8 (abd696a1)]&amp#27;[0m Matched '/element' to command name 'findElement'
&amp#27;[38;5;32m[AndroidUiautomator2Driver@97b8 (abd696a1)]&amp#27;[0m Proxying [POST /element] to [POST http://127.0.0.1:8200/session/1c1404f0-5a74-42d8-beb6-1bef9e083b18/element] with body: {"strategy":"id","selector":"com.androidsample.generalstore:id/nameField","context":"","multiple":false}
&amp#27;[38;5;32m[AndroidUiautomator2Driver@97b8 (abd696a1)]&amp#27;[0m Got response with status 200: {"sessionId":"1c1404f0-5a74-42d8-beb6-1bef9e083b18","value":{"ELEMENT":"00000000-0000-0b8a-ffff-ffff000000c9","element-6066-11e4-a52e-4f735466cecf":"00000000-0000-0b8a-ffff-ffff000000c9"}}
&amp#27;[38;5;32m[AndroidUiautomator2Driver@97b8 (abd696a1)]&amp#27;[0m Responding to client with driver.findElement() result: {"element-6066-11e4-a52e-4f735466cecf":"00000000-0000-0b8a-ffff-ffff000000c9","ELEMENT":"00000000-0000-0b8a-ffff-ffff000000c9"}
&amp#27;[38;5;0m[HTTP]&amp#27;[0m &amp#27;[37m<-- POST /session/abd696a1-b514-4f12-8ca4-0856a59a36a0/element &amp#27;[39m&amp#27;[32m200&amp#27;[39m &amp#27;[90m612 ms - 137&amp#27;[39m
&amp#27;[38;5;0m[HTTP]&amp#27;[0m &amp#27;[90m&amp#27;[39m
&amp#27;[38;5;0m[HTTP]&amp#27;[0m &amp#27;[37m-->&amp#27;[39m &amp#27;[37mPOST&amp#27;[39m &amp#27;[37m/session/abd696a1-b514-4f12-8ca4-0856a59a36a0/element/00000000-0000-0b8a-ffff-ffff000000c9/value&amp#27;[39m
&amp#27;[38;5;0m[HTTP]&amp#27;[0m &amp#27;[90m{"id":"00000000-0000-0b8a-ffff-ffff000000c9","text":"David","value":["D","a","v","i","d"]}&amp#27;[39m
&amp#27;[38;5;32m[AndroidUiautomator2Driver@97b8 (abd696a1)]&amp#27;[0m Calling AppiumDriver.setValue() with args: [["D","a","v","i","d"],"00000000-0000-0b8a-ffff-ffff000000c9","abd696a1-b514-4f12-8ca4-0856a59a36a0"]
&amp#27;[38;5;32m[AndroidUiautomator2Driver@97b8 (abd696a1)]&amp#27;[0m Matched '/element/00000000-0000-0b8a-ffff-ffff000000c9/value' to command name 'setValue'
&amp#27;[38;5;32m[AndroidUiautomator2Driver@97b8 (abd696a1)]&amp#27;[0m Added 'value' property ["D","a","v","i","d"] to 'setValue' request body
&amp#27;[38;5;32m[AndroidUiautomator2Driver@97b8 (abd696a1)]&amp#27;[0m Proxying [POST /element/00000000-0000-0b8a-ffff-ffff000000c9/value] to [POST http://127.0.0.1:8200/session/1c1404f0-5a74-42d8-beb6-1bef9e083b18/element/00000000-0000-0b8a-ffff-ffff000000c9/value] with body: {"elementId":"00000000-0000-0b8a-ffff-ffff000000c9","text":"David","replace":false,"value":["D","a","v","i","d"]}
&amp#27;[38;5;32m[AndroidUiautomator2Driver@97b8 (abd696a1)]&amp#27;[0m Got response with status 200: {"sessionId":"1c1404f0-5a74-42d8-beb6-1bef9e083b18","value":null}
&amp#27;[38;5;32m[AndroidUiautomator2Driver@97b8 (abd696a1)]&amp#27;[0m Responding to client with driver.setValue() result: null
&amp#27;[38;5;0m[HTTP]&amp#27;[0m &amp#27;[37m<-- POST /session/abd696a1-b514-4f12-8ca4-0856a59a36a0/element/00000000-0000-0b8a-ffff-ffff000000c9/value &amp#27;[39m&amp#27;[32m200&amp#27;[39m &amp#27;[90m112 ms - 14&amp#27;[39m
&amp#27;[38;5;0m[HTTP]&amp#27;[0m &amp#27;[90m&amp#27;[39m
&amp#27;[38;5;0m[HTTP]&amp#27;[0m &amp#27;[37m-->&amp#27;[39m &amp#27;[37mPOST&amp#27;[39m &amp#27;[37m/session/abd696a1-b514-4f12-8ca4-0856a59a36a0/execute/sync&amp#27;[39m
&amp#27;[38;5;0m[HTTP]&amp#27;[0m &amp#27;[90m{"script":"mobile: hideKeyboard","args":[]}&amp#27;[39m
&amp#27;[38;5;32m[AndroidUiautomator2Driver@97b8 (abd696a1)]&amp#27;[0m Calling AppiumDriver.execute() with args: ["mobile: hideKeyboard",[],"abd696a1-b514-4f12-8ca4-0856a59a36a0"]
&amp#27;[38;5;32m[AndroidUiautomator2Driver@97b8 (abd696a1)]&amp#27;[0m Executing method 'mobile: hideKeyboard'
&amp#27;[38;5;64m[ADB]&amp#27;[0m Running 'C:\Users\Karthik\AppData\Local\Android\Sdk\platform-tools\adb.exe -P 5037 -s emulator-5554 shell dumpsys input_method'
&amp#27;[38;5;64m[ADB]&amp#27;[0m Keyboard has no UI; no closing necessary
&amp#27;[38;5;32m[AndroidUiautomator2Driver@97b8 (abd696a1)]&amp#27;[0m Responding to client with driver.execute() result: false
&amp#27;[38;5;0m[HTTP]&amp#27;[0m &amp#27;[37m<-- POST /session/abd696a1-b514-4f12-8ca4-0856a59a36a0/execute/sync &amp#27;[39m&amp#27;[32m200&amp#27;[39m &amp#27;[90m311 ms - 15&amp#27;[39m
&amp#27;[38;5;0m[HTTP]&amp#27;[0m &amp#27;[90m&amp#27;[39m
&amp#27;[38;5;0m[HTTP]&amp#27;[0m &amp#27;[37m-->&amp#27;[39m &amp#27;[37mGET&amp#27;[39m &amp#27;[37m/session/abd696a1-b514-4f12-8ca4-0856a59a36a0/context&amp#27;[39m
&amp#27;[38;5;0m[HTTP]&amp#27;[0m &amp#27;[90m{}&amp#27;[39m
&amp#27;[38;5;32m[AndroidUiautomator2Driver@97b8 (abd696a1)]&amp#27;[0m Calling AppiumDriver.getCurrentContext() with args: ["abd696a1-b514-4f12-8ca4-0856a59a36a0"]
&amp#27;[38;5;32m[AndroidUiautomator2Driver@97b8 (abd696a1)]&amp#27;[0m Responding to client with driver.getCurrentContext() result: "NATIVE_APP"
&amp#27;[38;5;0m[HTTP]&amp#27;[0m &amp#27;[37m<-- GET /session/abd696a1-b514-4f12-8ca4-0856a59a36a0/context &amp#27;[39m&amp#27;[32m200&amp#27;[39m &amp#27;[90m1 ms - 22&amp#27;[39m
&amp#27;[38;5;0m[HTTP]&amp#27;[0m &amp#27;[90m&amp#27;[39m
&amp#27;[38;5;0m[HTTP]&amp#27;[0m &amp#27;[37m-->&amp#27;[39m &amp#27;[37mPOST&amp#27;[39m &amp#27;[37m/session/abd696a1-b514-4f12-8ca4-0856a59a36a0/element&amp#27;[39m
&amp#27;[38;5;0m[HTTP]&amp#27;[0m &amp#27;[90m{"using":"id","value":"com.androidsample.generalstore:id/radioMale"}&amp#27;[39m
&amp#27;[38;5;32m[AndroidUiautomator2Driver@97b8 (abd696a1)]&amp#27;[0m Calling AppiumDriver.findElement() with args: ["id","com.androidsample.generalstore:id/radioMale","abd696a1-b514-4f12-8ca4-0856a59a36a0"]
&amp#27;[38;5;32m[AndroidUiautomator2Driver@97b8 (abd696a1)]&amp#27;[0m Valid locator strategies for this request: xpath, id, class name, accessibility id, css selector, -android uiautomator
&amp#27;[38;5;32m[AndroidUiautomator2Driver@97b8 (abd696a1)]&amp#27;[0m Waiting up to 10000 ms for condition
&amp#27;[38;5;32m[AndroidUiautomator2Driver@97b8 (abd696a1)]&amp#27;[0m Matched '/element' to command name 'findElement'
&amp#27;[38;5;32m[AndroidUiautomator2Driver@97b8 (abd696a1)]&amp#27;[0m Proxying [POST /element] to [POST http://127.0.0.1:8200/session/1c1404f0-5a74-42d8-beb6-1bef9e083b18/element] with body: {"strategy":"id","selector":"com.androidsample.generalstore:id/radioMale","context":"","multiple":false}
&amp#27;[38;5;32m[AndroidUiautomator2Driver@97b8 (abd696a1)]&amp#27;[0m Got response with status 200: {"sessionId":"1c1404f0-5a74-42d8-beb6-1bef9e083b18","value":{"ELEMENT":"00000000-0000-0b8a-ffff-ffff000000cc","element-6066-11e4-a52e-4f735466cecf":"00000000-0000-0b8a-ffff-ffff000000cc"}}
&amp#27;[38;5;32m[AndroidUiautomator2Driver@97b8 (abd696a1)]&amp#27;[0m Responding to client with driver.findElement() result: {"element-6066-11e4-a52e-4f735466cecf":"00000000-0000-0b8a-ffff-ffff000000cc","ELEMENT":"00000000-0000-0b8a-ffff-ffff000000cc"}
&amp#27;[38;5;0m[HTTP]&amp#27;[0m &amp#27;[37m<-- POST /session/abd696a1-b514-4f12-8ca4-0856a59a36a0/element &amp#27;[39m&amp#27;[32m200&amp#27;[39m &amp#27;[90m192 ms - 137&amp#27;[39m
&amp#27;[38;5;0m[HTTP]&amp#27;[0m &amp#27;[90m&amp#27;[39m
&amp#27;[38;5;0m[HTTP]&amp#27;[0m &amp#27;[37m-->&amp#27;[39m &amp#27;[37mPOST&amp#27;[39m &amp#27;[37m/session/abd696a1-b514-4f12-8ca4-0856a59a36a0/element/00000000-0000-0b8a-ffff-ffff000000cc/click&amp#27;[39m
&amp#27;[38;5;0m[HTTP]&amp#27;[0m &amp#27;[90m{"id":"00000000-0000-0b8a-ffff-ffff000000cc"}&amp#27;[39m
&amp#27;[38;5;32m[AndroidUiautomator2Driver@97b8 (abd696a1)]&amp#27;[0m Calling AppiumDriver.click() with args: ["00000000-0000-0b8a-ffff-ffff000000cc","abd696a1-b514-4f12-8ca4-0856a59a36a0"]
&amp#27;[38;5;32m[AndroidUiautomator2Driver@97b8 (abd696a1)]&amp#27;[0m Matched '/element/00000000-0000-0b8a-ffff-ffff000000cc/click' to command name 'click'
&amp#27;[38;5;32m[AndroidUiautomator2Driver@97b8 (abd696a1)]&amp#27;[0m Proxying [POST /element/00000000-0000-0b8a-ffff-ffff000000cc/click] to [POST http://127.0.0.1:8200/session/1c1404f0-5a74-42d8-beb6-1bef9e083b18/element/00000000-0000-0b8a-ffff-ffff000000cc/click] with body: {"element":"00000000-0000-0b8a-ffff-ffff000000cc"}
&amp#27;[38;5;32m[AndroidUiautomator2Driver@97b8 (abd696a1)]&amp#27;[0m Got response with status 200: {"sessionId":"1c1404f0-5a74-42d8-beb6-1bef9e083b18","value":null}
&amp#27;[38;5;32m[AndroidUiautomator2Driver@97b8 (abd696a1)]&amp#27;[0m Responding to client with driver.click() result: null
&amp#27;[38;5;0m[HTTP]&amp#27;[0m &amp#27;[37m<-- POST /session/abd696a1-b514-4f12-8ca4-0856a59a36a0/element/00000000-0000-0b8a-ffff-ffff000000cc/click &amp#27;[39m&amp#27;[32m200&amp#27;[39m &amp#27;[90m76 ms - 14&amp#27;[39m
&amp#27;[38;5;0m[HTTP]&amp#27;[0m &amp#27;[90m&amp#27;[39m
&amp#27;[38;5;0m[HTTP]&amp#27;[0m &amp#27;[37m-->&amp#27;[39m &amp#27;[37mGET&amp#27;[39m &amp#27;[37m/session/abd696a1-b514-4f12-8ca4-0856a59a36a0/context&amp#27;[39m
&amp#27;[38;5;0m[HTTP]&amp#27;[0m &amp#27;[90m{}&amp#27;[39m
&amp#27;[38;5;32m[AndroidUiautomator2Driver@97b8 (abd696a1)]&amp#27;[0m Calling AppiumDriver.getCurrentContext() with args: ["abd696a1-b514-4f12-8ca4-0856a59a36a0"]
&amp#27;[38;5;32m[AndroidUiautomator2Driver@97b8 (abd696a1)]&amp#27;[0m Responding to client with driver.getCurrentContext() result: "NATIVE_APP"
&amp#27;[38;5;0m[HTTP]&amp#27;[0m &amp#27;[37m<-- GET /session/abd696a1-b514-4f12-8ca4-0856a59a36a0/context &amp#27;[39m&amp#27;[32m200&amp#27;[39m &amp#27;[90m1 ms - 22&amp#27;[39m
&amp#27;[38;5;0m[HTTP]&amp#27;[0m &amp#27;[90m&amp#27;[39m
&amp#27;[38;5;0m[HTTP]&amp#27;[0m &amp#27;[37m-->&amp#27;[39m &amp#27;[37mPOST&amp#27;[39m &amp#27;[37m/session/abd696a1-b514-4f12-8ca4-0856a59a36a0/element&amp#27;[39m
&amp#27;[38;5;0m[HTTP]&amp#27;[0m &amp#27;[90m{"using":"id","value":"android:id/text1"}&amp#27;[39m
&amp#27;[38;5;32m[AndroidUiautomator2Driver@97b8 (abd696a1)]&amp#27;[0m Calling AppiumDriver.findElement() with args: ["id","android:id/text1","abd696a1-b514-4f12-8ca4-0856a59a36a0"]
&amp#27;[38;5;32m[AndroidUiautomator2Driver@97b8 (abd696a1)]&amp#27;[0m Valid locator strategies for this request: xpath, id, class name, accessibility id, css selector, -android uiautomator
&amp#27;[38;5;32m[AndroidUiautomator2Driver@97b8 (abd696a1)]&amp#27;[0m Waiting up to 10000 ms for condition
&amp#27;[38;5;32m[AndroidUiautomator2Driver@97b8 (abd696a1)]&amp#27;[0m Matched '/element' to command name 'findElement'
&amp#27;[38;5;32m[AndroidUiautomator2Driver@97b8 (abd696a1)]&amp#27;[0m Proxying [POST /element] to [POST http://127.0.0.1:8200/session/1c1404f0-5a74-42d8-beb6-1bef9e083b18/element] with body: {"strategy":"id","selector":"android:id/text1","context":"","multiple":false}
&amp#27;[38;5;32m[AndroidUiautomator2Driver@97b8 (abd696a1)]&amp#27;[0m Got response with status 200: {"sessionId":"1c1404f0-5a74-42d8-beb6-1bef9e083b18","value":{"ELEMENT":"00000000-0000-0b8a-ffff-ffff000000d1","element-6066-11e4-a52e-4f735466cecf":"00000000-0000-0b8a-ffff-ffff000000d1"}}
&amp#27;[38;5;32m[AndroidUiautomator2Driver@97b8 (abd696a1)]&amp#27;[0m Responding to client with driver.findElement() result: {"element-6066-11e4-a52e-4f735466cecf":"00000000-0000-0b8a-ffff-ffff000000d1","ELEMENT":"00000000-0000-0b8a-ffff-ffff000000d1"}
&amp#27;[38;5;0m[HTTP]&amp#27;[0m &amp#27;[37m<-- POST /session/abd696a1-b514-4f12-8ca4-0856a59a36a0/element &amp#27;[39m&amp#27;[32m200&amp#27;[39m &amp#27;[90m531 ms - 137&amp#27;[39m
&amp#27;[38;5;0m[HTTP]&amp#27;[0m &amp#27;[90m&amp#27;[39m
&amp#27;[38;5;0m[HTTP]&amp#27;[0m &amp#27;[37m-->&amp#27;[39m &amp#27;[37mPOST&amp#27;[39m &amp#27;[37m/session/abd696a1-b514-4f12-8ca4-0856a59a36a0/element/00000000-0000-0b8a-ffff-ffff000000d1/click&amp#27;[39m
&amp#27;[38;5;0m[HTTP]&amp#27;[0m &amp#27;[90m{"id":"00000000-0000-0b8a-ffff-ffff000000d1"}&amp#27;[39m
&amp#27;[38;5;32m[AndroidUiautomator2Driver@97b8 (abd696a1)]&amp#27;[0m Calling AppiumDriver.click() with args: ["00000000-0000-0b8a-ffff-ffff000000d1","abd696a1-b514-4f12-8ca4-0856a59a36a0"]
&amp#27;[38;5;32m[AndroidUiautomator2Driver@97b8 (abd696a1)]&amp#27;[0m Matched '/element/00000000-0000-0b8a-ffff-ffff000000d1/click' to command name 'click'
&amp#27;[38;5;32m[AndroidUiautomator2Driver@97b8 (abd696a1)]&amp#27;[0m Proxying [POST /element/00000000-0000-0b8a-ffff-ffff000000d1/click] to [POST http://127.0.0.1:8200/session/1c1404f0-5a74-42d8-beb6-1bef9e083b18/element/00000000-0000-0b8a-ffff-ffff000000d1/click] with body: {"element":"00000000-0000-0b8a-ffff-ffff000000d1"}
&amp#27;[38;5;32m[AndroidUiautomator2Driver@97b8 (abd696a1)]&amp#27;[0m Got response with status 200: {"sessionId":"1c1404f0-5a74-42d8-beb6-1bef9e083b18","value":null}
&amp#27;[38;5;32m[AndroidUiautomator2Driver@97b8 (abd696a1)]&amp#27;[0m Responding to client with driver.click() result: null
&amp#27;[38;5;0m[HTTP]&amp#27;[0m &amp#27;[37m<-- POST /session/abd696a1-b514-4f12-8ca4-0856a59a36a0/element/00000000-0000-0b8a-ffff-ffff000000d1/click &amp#27;[39m&amp#27;[32m200&amp#27;[39m &amp#27;[90m91 ms - 14&amp#27;[39m
&amp#27;[38;5;0m[HTTP]&amp#27;[0m &amp#27;[90m&amp#27;[39m
&amp#27;[38;5;0m[HTTP]&amp#27;[0m &amp#27;[37m-->&amp#27;[39m &amp#27;[37mPOST&amp#27;[39m &amp#27;[37m/session/abd696a1-b514-4f12-8ca4-0856a59a36a0/element&amp#27;[39m
&amp#27;[38;5;0m[HTTP]&amp#27;[0m &amp#27;[90m{"using":"-android uiautomator","value":"new UiScrollable (new UiSelector()).scrollIntoView(text(\"Albania\"));"}&amp#27;[39m
&amp#27;[38;5;32m[AndroidUiautomator2Driver@97b8 (abd696a1)]&amp#27;[0m Calling AppiumDriver.findElement() with args: ["-android uiautomator","new UiScrollable (new UiSelector()).scrollIntoView(text(\"Albania\"));","abd696a1-b514-4f12-8ca4-0856a59a36a0"]
&amp#27;[38;5;32m[AndroidUiautomator2Driver@97b8 (abd696a1)]&amp#27;[0m Valid locator strategies for this request: xpath, id, class name, accessibility id, css selector, -android uiautomator
&amp#27;[38;5;32m[AndroidUiautomator2Driver@97b8 (abd696a1)]&amp#27;[0m Waiting up to 10000 ms for condition
&amp#27;[38;5;32m[AndroidUiautomator2Driver@97b8 (abd696a1)]&amp#27;[0m Matched '/element' to command name 'findElement'
&amp#27;[38;5;32m[AndroidUiautomator2Driver@97b8 (abd696a1)]&amp#27;[0m Proxying [POST /element] to [POST http://127.0.0.1:8200/session/1c1404f0-5a74-42d8-beb6-1bef9e083b18/element] with body: {"strategy":"-android uiautomator","selector":"new UiScrollable (new UiSelector()).scrollIntoView(text(\"Albania\"));","context":"","multiple":false}
&amp#27;[38;5;32m[AndroidUiautomator2Driver@97b8 (abd696a1)]&amp#27;[0m Got response with status 200: {"sessionId":"1c1404f0-5a74-42d8-beb6-1bef9e083b18","value":{"ELEMENT":"00000000-0000-0b8b-ffff-ffff000000d7","element-6066-11e4-a52e-4f735466cecf":"00000000-0000-0b8b-ffff-ffff000000d7"}}
&amp#27;[38;5;32m[AndroidUiautomator2Driver@97b8 (abd696a1)]&amp#27;[0m Responding to client with driver.findElement() result: {"element-6066-11e4-a52e-4f735466cecf":"00000000-0000-0b8b-ffff-ffff000000d7","ELEMENT":"00000000-0000-0b8b-ffff-ffff000000d7"}
&amp#27;[38;5;0m[HTTP]&amp#27;[0m &amp#27;[37m<-- POST /session/abd696a1-b514-4f12-8ca4-0856a59a36a0/element &amp#27;[39m&amp#27;[32m200&amp#27;[39m &amp#27;[90m794 ms - 137&amp#27;[39m
&amp#27;[38;5;0m[HTTP]&amp#27;[0m &amp#27;[90m&amp#27;[39m
&amp#27;[38;5;0m[HTTP]&amp#27;[0m &amp#27;[37m-->&amp#27;[39m &amp#27;[37mPOST&amp#27;[39m &amp#27;[37m/session/abd696a1-b514-4f12-8ca4-0856a59a36a0/element&amp#27;[39m
&amp#27;[38;5;0m[HTTP]&amp#27;[0m &amp#27;[90m{"using":"xpath","value":"//android.widget.TextView[@text='Albania']"}&amp#27;[39m
&amp#27;[38;5;32m[AndroidUiautomator2Driver@97b8 (abd696a1)]&amp#27;[0m Calling AppiumDriver.findElement() with args: ["xpath","//android.widget.TextView[@text='Albania']","abd696a1-b514-4f12-8ca4-0856a59a36a0"]
&amp#27;[38;5;32m[AndroidUiautomator2Driver@97b8 (abd696a1)]&amp#27;[0m Valid locator strategies for this request: xpath, id, class name, accessibility id, css selector, -android uiautomator
&amp#27;[38;5;32m[AndroidUiautomator2Driver@97b8 (abd696a1)]&amp#27;[0m Waiting up to 10000 ms for condition
&amp#27;[38;5;32m[AndroidUiautomator2Driver@97b8 (abd696a1)]&amp#27;[0m Matched '/element' to command name 'findElement'
&amp#27;[38;5;32m[AndroidUiautomator2Driver@97b8 (abd696a1)]&amp#27;[0m Proxying [POST /element] to [POST http://127.0.0.1:8200/session/1c1404f0-5a74-42d8-beb6-1bef9e083b18/element] with body: {"strategy":"xpath","selector":"//android.widget.TextView[@text='Albania']","context":"","multiple":false}
&amp#27;[38;5;32m[AndroidUiautomator2Driver@97b8 (abd696a1)]&amp#27;[0m Got response with status 200: {"sessionId":"1c1404f0-5a74-42d8-beb6-1bef9e083b18","value":{"ELEMENT":"00000000-0000-0b8b-ffff-ffff000000d7","element-6066-11e4-a52e-4f735466cecf":"00000000-0000-0b8b-ffff-ffff000000d7"}}
&amp#27;[38;5;32m[AndroidUiautomator2Driver@97b8 (abd696a1)]&amp#27;[0m Responding to client with driver.findElement() result: {"element-6066-11e4-a52e-4f735466cecf":"00000000-0000-0b8b-ffff-ffff000000d7","ELEMENT":"00000000-0000-0b8b-ffff-ffff000000d7"}
&amp#27;[38;5;0m[HTTP]&amp#27;[0m &amp#27;[37m<-- POST /session/abd696a1-b514-4f12-8ca4-0856a59a36a0/element &amp#27;[39m&amp#27;[32m200&amp#27;[39m &amp#27;[90m142 ms - 137&amp#27;[39m
&amp#27;[38;5;0m[HTTP]&amp#27;[0m &amp#27;[90m&amp#27;[39m
&amp#27;[38;5;0m[HTTP]&amp#27;[0m &amp#27;[37m-->&amp#27;[39m &amp#27;[37mPOST&amp#27;[39m &amp#27;[37m/session/abd696a1-b514-4f12-8ca4-0856a59a36a0/element/00000000-0000-0b8b-ffff-ffff000000d7/click&amp#27;[39m
&amp#27;[38;5;0m[HTTP]&amp#27;[0m &amp#27;[90m{"id":"00000000-0000-0b8b-ffff-ffff000000d7"}&amp#27;[39m
&amp#27;[38;5;32m[AndroidUiautomator2Driver@97b8 (abd696a1)]&amp#27;[0m Calling AppiumDriver.click() with args: ["00000000-0000-0b8b-ffff-ffff000000d7","abd696a1-b514-4f12-8ca4-0856a59a36a0"]
&amp#27;[38;5;32m[AndroidUiautomator2Driver@97b8 (abd696a1)]&amp#27;[0m Matched '/element/00000000-0000-0b8b-ffff-ffff000000d7/click' to command name 'click'
&amp#27;[38;5;32m[AndroidUiautomator2Driver@97b8 (abd696a1)]&amp#27;[0m Proxying [POST /element/00000000-0000-0b8b-ffff-ffff000000d7/click] to [POST http://127.0.0.1:8200/session/1c1404f0-5a74-42d8-beb6-1bef9e083b18/element/00000000-0000-0b8b-ffff-ffff000000d7/click] with body: {"element":"00000000-0000-0b8b-ffff-ffff000000d7"}
&amp#27;[38;5;32m[AndroidUiautomator2Driver@97b8 (abd696a1)]&amp#27;[0m Got response with status 200: {"sessionId":"1c1404f0-5a74-42d8-beb6-1bef9e083b18","value":null}
&amp#27;[38;5;32m[AndroidUiautomator2Driver@97b8 (abd696a1)]&amp#27;[0m Responding to client with driver.click() result: null
&amp#27;[38;5;0m[HTTP]&amp#27;[0m &amp#27;[37m<-- POST /session/abd696a1-b514-4f12-8ca4-0856a59a36a0/element/00000000-0000-0b8b-ffff-ffff000000d7/click &amp#27;[39m&amp#27;[32m200&amp#27;[39m &amp#27;[90m775 ms - 14&amp#27;[39m
&amp#27;[38;5;0m[HTTP]&amp#27;[0m &amp#27;[90m&amp#27;[39m
&amp#27;[38;5;0m[HTTP]&amp#27;[0m &amp#27;[37m-->&amp#27;[39m &amp#27;[37mGET&amp#27;[39m &amp#27;[37m/session/abd696a1-b514-4f12-8ca4-0856a59a36a0/context&amp#27;[39m
&amp#27;[38;5;0m[HTTP]&amp#27;[0m &amp#27;[90m{}&amp#27;[39m
&amp#27;[38;5;32m[AndroidUiautomator2Driver@97b8 (abd696a1)]&amp#27;[0m Calling AppiumDriver.getCurrentContext() with args: ["abd696a1-b514-4f12-8ca4-0856a59a36a0"]
&amp#27;[38;5;32m[AndroidUiautomator2Driver@97b8 (abd696a1)]&amp#27;[0m Responding to client with driver.getCurrentContext() result: "NATIVE_APP"
&amp#27;[38;5;0m[HTTP]&amp#27;[0m &amp#27;[37m<-- GET /session/abd696a1-b514-4f12-8ca4-0856a59a36a0/context &amp#27;[39m&amp#27;[32m200&amp#27;[39m &amp#27;[90m1 ms - 22&amp#27;[39m
&amp#27;[38;5;0m[HTTP]&amp#27;[0m &amp#27;[90m&amp#27;[39m
&amp#27;[38;5;0m[HTTP]&amp#27;[0m &amp#27;[37m-->&amp#27;[39m &amp#27;[37mPOST&amp#27;[39m &amp#27;[37m/session/abd696a1-b514-4f12-8ca4-0856a59a36a0/element&amp#27;[39m
&amp#27;[38;5;0m[HTTP]&amp#27;[0m &amp#27;[90m{"using":"id","value":"com.androidsample.generalstore:id/btnLetsShop"}&amp#27;[39m
&amp#27;[38;5;32m[AndroidUiautomator2Driver@97b8 (abd696a1)]&amp#27;[0m Calling AppiumDriver.findElement() with args: ["id","com.androidsample.generalstore:id/btnLetsShop","abd696a1-b514-4f12-8ca4-0856a59a36a0"]
&amp#27;[38;5;32m[AndroidUiautomator2Driver@97b8 (abd696a1)]&amp#27;[0m Valid locator strategies for this request: xpath, id, class name, accessibility id, css selector, -android uiautomator
&amp#27;[38;5;32m[AndroidUiautomator2Driver@97b8 (abd696a1)]&amp#27;[0m Waiting up to 10000 ms for condition
&amp#27;[38;5;32m[AndroidUiautomator2Driver@97b8 (abd696a1)]&amp#27;[0m Matched '/element' to command name 'findElement'
&amp#27;[38;5;32m[AndroidUiautomator2Driver@97b8 (abd696a1)]&amp#27;[0m Proxying [POST /element] to [POST http://127.0.0.1:8200/session/1c1404f0-5a74-42d8-beb6-1bef9e083b18/element] with body: {"strategy":"id","selector":"com.androidsample.generalstore:id/btnLetsShop","context":"","multiple":false}
&amp#27;[38;5;32m[AndroidUiautomator2Driver@97b8 (abd696a1)]&amp#27;[0m Got response with status 200: {"sessionId":"1c1404f0-5a74-42d8-beb6-1bef9e083b18","value":{"ELEMENT":"00000000-0000-0b8a-ffff-ffff000000ce","element-6066-11e4-a52e-4f735466cecf":"00000000-0000-0b8a-ffff-ffff000000ce"}}
&amp#27;[38;5;32m[AndroidUiautomator2Driver@97b8 (abd696a1)]&amp#27;[0m Responding to client with driver.findElement() result: {"element-6066-11e4-a52e-4f735466cecf":"00000000-0000-0b8a-ffff-ffff000000ce","ELEMENT":"00000000-0000-0b8a-ffff-ffff000000ce"}
&amp#27;[38;5;0m[HTTP]&amp#27;[0m &amp#27;[37m<-- POST /session/abd696a1-b514-4f12-8ca4-0856a59a36a0/element &amp#27;[39m&amp#27;[32m200&amp#27;[39m &amp#27;[90m100 ms - 137&amp#27;[39m
&amp#27;[38;5;0m[HTTP]&amp#27;[0m &amp#27;[90m&amp#27;[39m
&amp#27;[38;5;0m[HTTP]&amp#27;[0m &amp#27;[37m-->&amp#27;[39m &amp#27;[37mPOST&amp#27;[39m &amp#27;[37m/session/abd696a1-b514-4f12-8ca4-0856a59a36a0/element/00000000-0000-0b8a-ffff-ffff000000ce/click&amp#27;[39m
&amp#27;[38;5;0m[HTTP]&amp#27;[0m &amp#27;[90m{"id":"00000000-0000-0b8a-ffff-ffff000000ce"}&amp#27;[39m
&amp#27;[38;5;32m[AndroidUiautomator2Driver@97b8 (abd696a1)]&amp#27;[0m Calling AppiumDriver.click() with args: ["00000000-0000-0b8a-ffff-ffff000000ce","abd696a1-b514-4f12-8ca4-0856a59a36a0"]
&amp#27;[38;5;32m[AndroidUiautomator2Driver@97b8 (abd696a1)]&amp#27;[0m Matched '/element/00000000-0000-0b8a-ffff-ffff000000ce/click' to command name 'click'
&amp#27;[38;5;32m[AndroidUiautomator2Driver@97b8 (abd696a1)]&amp#27;[0m Proxying [POST /element/00000000-0000-0b8a-ffff-ffff000000ce/click] to [POST http://127.0.0.1:8200/session/1c1404f0-5a74-42d8-beb6-1bef9e083b18/element/00000000-0000-0b8a-ffff-ffff000000ce/click] with body: {"element":"00000000-0000-0b8a-ffff-ffff000000ce"}
&amp#27;[38;5;32m[AndroidUiautomator2Driver@97b8 (abd696a1)]&amp#27;[0m Got response with status 200: {"sessionId":"1c1404f0-5a74-42d8-beb6-1bef9e083b18","value":null}
&amp#27;[38;5;32m[AndroidUiautomator2Driver@97b8 (abd696a1)]&amp#27;[0m Responding to client with driver.click() result: null
&amp#27;[38;5;0m[HTTP]&amp#27;[0m &amp#27;[37m<-- POST /session/abd696a1-b514-4f12-8ca4-0856a59a36a0/element/00000000-0000-0b8a-ffff-ffff000000ce/click &amp#27;[39m&amp#27;[32m200&amp#27;[39m &amp#27;[90m123 ms - 14&amp#27;[39m
&amp#27;[38;5;0m[HTTP]&amp#27;[0m &amp#27;[90m&amp#27;[39m
&amp#27;[38;5;0m[HTTP]&amp#27;[0m &amp#27;[37m-->&amp#27;[39m &amp#27;[37mGET&amp#27;[39m &amp#27;[37m/session/abd696a1-b514-4f12-8ca4-0856a59a36a0/context&amp#27;[39m
&amp#27;[38;5;0m[HTTP]&amp#27;[0m &amp#27;[90m{}&amp#27;[39m
&amp#27;[38;5;32m[AndroidUiautomator2Driver@97b8 (abd696a1)]&amp#27;[0m Calling AppiumDriver.getCurrentContext() with args: ["abd696a1-b514-4f12-8ca4-0856a59a36a0"]
&amp#27;[38;5;32m[AndroidUiautomator2Driver@97b8 (abd696a1)]&amp#27;[0m Responding to client with driver.getCurrentContext() result: "NATIVE_APP"
&amp#27;[38;5;0m[HTTP]&amp#27;[0m &amp#27;[37m<-- GET /session/abd696a1-b514-4f12-8ca4-0856a59a36a0/context &amp#27;[39m&amp#27;[32m200&amp#27;[39m &amp#27;[90m1 ms - 22&amp#27;[39m
&amp#27;[38;5;0m[HTTP]&amp#27;[0m &amp#27;[90m&amp#27;[39m
&amp#27;[38;5;0m[HTTP]&amp#27;[0m &amp#27;[37m-->&amp#27;[39m &amp#27;[37mPOST&amp#27;[39m &amp#27;[37m/session/abd696a1-b514-4f12-8ca4-0856a59a36a0/elements&amp#27;[39m
&amp#27;[38;5;0m[HTTP]&amp#27;[0m &amp#27;[90m{"using":"xpath","value":"//android.widget.TextView[@text='ADD TO CART']"}&amp#27;[39m
&amp#27;[38;5;32m[AndroidUiautomator2Driver@97b8 (abd696a1)]&amp#27;[0m Calling AppiumDriver.findElements() with args: ["xpath","//android.widget.TextView[@text='ADD TO CART']","abd696a1-b514-4f12-8ca4-0856a59a36a0"]
&amp#27;[38;5;32m[AndroidUiautomator2Driver@97b8 (abd696a1)]&amp#27;[0m Valid locator strategies for this request: xpath, id, class name, accessibility id, css selector, -android uiautomator
&amp#27;[38;5;32m[AndroidUiautomator2Driver@97b8 (abd696a1)]&amp#27;[0m Waiting up to 10000 ms for condition
&amp#27;[38;5;32m[AndroidUiautomator2Driver@97b8 (abd696a1)]&amp#27;[0m Matched '/elements' to command name 'findElements'
&amp#27;[38;5;32m[AndroidUiautomator2Driver@97b8 (abd696a1)]&amp#27;[0m Proxying [POST /elements] to [POST http://127.0.0.1:8200/session/1c1404f0-5a74-42d8-beb6-1bef9e083b18/elements] with body: {"strategy":"xpath","selector":"//android.widget.TextView[@text='ADD TO CART']","context":"","multiple":true}
&amp#27;[38;5;32m[AndroidUiautomator2Driver@97b8 (abd696a1)]&amp#27;[0m Got response with status 200: {"sessionId":"1c1404f0-5a74-42d8-beb6-1bef9e083b18","value":[]}
&amp#27;[38;5;32m[AndroidUiautomator2Driver@97b8 (abd696a1)]&amp#27;[0m Waited for 499 ms so far
&amp#27;[38;5;32m[AndroidUiautomator2Driver@97b8 (abd696a1)]&amp#27;[0m Matched '/elements' to command name 'findElements'
&amp#27;[38;5;32m[AndroidUiautomator2Driver@97b8 (abd696a1)]&amp#27;[0m Proxying [POST /elements] to [POST http://127.0.0.1:8200/session/1c1404f0-5a74-42d8-beb6-1bef9e083b18/elements] with body: {"strategy":"xpath","selector":"//android.widget.TextView[@text='ADD TO CART']","context":"","multiple":true}
&amp#27;[38;5;32m[AndroidUiautomator2Driver@97b8 (abd696a1)]&amp#27;[0m Got response with status 200: {"sessionId":"1c1404f0-5a74-42d8-beb6-1bef9e083b18","value":[{"ELEMENT":"00000000-0000-0b8c-ffff-ffff000000fd","element-6066-11e4-a52e-4f735466cecf":"00000000-0000-0b8c-ffff-ffff000000fd"},{"ELEMENT":"00000000-0000-0b8c-ffff-ffff00000105","element-6066-11e4-a52e-4f735466cecf":"00000000-0000-0b8c-ffff-ffff00000105"}]}
&amp#27;[38;5;32m[AndroidUiautomator2Driver@97b8 (abd696a1)]&amp#27;[0m Responding to client with driver.findElements() result: [{"element-6066-11e4-a52e-4f735466cecf":"00000000-0000-0b8c-ffff-ffff000000fd","ELEMENT":"00000000-0000-0b8c-ffff-ffff000000fd"},{"element-6066-11e4-a52e-4f735466cecf":"00000000-0000-0b8c-ffff-ffff00000105","ELEMENT":"00000000-0000-0b8c-ffff-ffff00000105"}]
&amp#27;[38;5;0m[HTTP]&amp#27;[0m &amp#27;[37m<-- POST /session/abd696a1-b514-4f12-8ca4-0856a59a36a0/elements &amp#27;[39m&amp#27;[32m200&amp#27;[39m &amp#27;[90m1345 ms - 267&amp#27;[39m
&amp#27;[38;5;0m[HTTP]&amp#27;[0m &amp#27;[90m&amp#27;[39m
&amp#27;[38;5;0m[HTTP]&amp#27;[0m &amp#27;[37m-->&amp#27;[39m &amp#27;[37mPOST&amp#27;[39m &amp#27;[37m/session/abd696a1-b514-4f12-8ca4-0856a59a36a0/element/00000000-0000-0b8c-ffff-ffff000000fd/click&amp#27;[39m
&amp#27;[38;5;0m[HTTP]&amp#27;[0m &amp#27;[90m{"id":"00000000-0000-0b8c-ffff-ffff000000fd"}&amp#27;[39m
&amp#27;[38;5;32m[AndroidUiautomator2Driver@97b8 (abd696a1)]&amp#27;[0m Calling AppiumDriver.click() with args: ["00000000-0000-0b8c-ffff-ffff000000fd","abd696a1-b514-4f12-8ca4-0856a59a36a0"]
&amp#27;[38;5;32m[AndroidUiautomator2Driver@97b8 (abd696a1)]&amp#27;[0m Matched '/element/00000000-0000-0b8c-ffff-ffff000000fd/click' to command name 'click'
&amp#27;[38;5;32m[AndroidUiautomator2Driver@97b8 (abd696a1)]&amp#27;[0m Proxying [POST /element/00000000-0000-0b8c-ffff-ffff000000fd/click] to [POST http://127.0.0.1:8200/session/1c1404f0-5a74-42d8-beb6-1bef9e083b18/element/00000000-0000-0b8c-ffff-ffff000000fd/click] with body: {"element":"00000000-0000-0b8c-ffff-ffff000000fd"}
&amp#27;[38;5;32m[AndroidUiautomator2Driver@97b8 (abd696a1)]&amp#27;[0m Got response with status 200: {"sessionId":"1c1404f0-5a74-42d8-beb6-1bef9e083b18","value":null}
&amp#27;[38;5;32m[AndroidUiautomator2Driver@97b8 (abd696a1)]&amp#27;[0m Responding to client with driver.click() result: null
&amp#27;[38;5;0m[HTTP]&amp#27;[0m &amp#27;[37m<-- POST /session/abd696a1-b514-4f12-8ca4-0856a59a36a0/element/00000000-0000-0b8c-ffff-ffff000000fd/click &amp#27;[39m&amp#27;[32m200&amp#27;[39m &amp#27;[90m144 ms - 14&amp#27;[39m
&amp#27;[38;5;0m[HTTP]&amp#27;[0m &amp#27;[90m&amp#27;[39m
&amp#27;[38;5;0m[HTTP]&amp#27;[0m &amp#27;[37m-->&amp#27;[39m &amp#27;[37mGET&amp#27;[39m &amp#27;[37m/session/abd696a1-b514-4f12-8ca4-0856a59a36a0/context&amp#27;[39m
&amp#27;[38;5;0m[HTTP]&amp#27;[0m &amp#27;[90m{}&amp#27;[39m
&amp#27;[38;5;32m[AndroidUiautomator2Driver@97b8 (abd696a1)]&amp#27;[0m Calling AppiumDriver.getCurrentContext() with args: ["abd696a1-b514-4f12-8ca4-0856a59a36a0"]
&amp#27;[38;5;32m[AndroidUiautomator2Driver@97b8 (abd696a1)]&amp#27;[0m Responding to client with driver.getCurrentContext() result: "NATIVE_APP"
&amp#27;[38;5;0m[HTTP]&amp#27;[0m &amp#27;[37m<-- GET /session/abd696a1-b514-4f12-8ca4-0856a59a36a0/context &amp#27;[39m&amp#27;[32m200&amp#27;[39m &amp#27;[90m1 ms - 22&amp#27;[39m
&amp#27;[38;5;0m[HTTP]&amp#27;[0m &amp#27;[90m&amp#27;[39m
&amp#27;[38;5;0m[HTTP]&amp#27;[0m &amp#27;[37m-->&amp#27;[39m &amp#27;[37mPOST&amp#27;[39m &amp#27;[37m/session/abd696a1-b514-4f12-8ca4-0856a59a36a0/elements&amp#27;[39m
&amp#27;[38;5;0m[HTTP]&amp#27;[0m &amp#27;[90m{"using":"xpath","value":"//android.widget.TextView[@text='ADD TO CART']"}&amp#27;[39m
&amp#27;[38;5;32m[AndroidUiautomator2Driver@97b8 (abd696a1)]&amp#27;[0m Calling AppiumDriver.findElements() with args: ["xpath","//android.widget.TextView[@text='ADD TO CART']","abd696a1-b514-4f12-8ca4-0856a59a36a0"]
&amp#27;[38;5;32m[AndroidUiautomator2Driver@97b8 (abd696a1)]&amp#27;[0m Valid locator strategies for this request: xpath, id, class name, accessibility id, css selector, -android uiautomator
&amp#27;[38;5;32m[AndroidUiautomator2Driver@97b8 (abd696a1)]&amp#27;[0m Waiting up to 10000 ms for condition
&amp#27;[38;5;32m[AndroidUiautomator2Driver@97b8 (abd696a1)]&amp#27;[0m Matched '/elements' to command name 'findElements'
&amp#27;[38;5;32m[AndroidUiautomator2Driver@97b8 (abd696a1)]&amp#27;[0m Proxying [POST /elements] to [POST http://127.0.0.1:8200/session/1c1404f0-5a74-42d8-beb6-1bef9e083b18/elements] with body: {"strategy":"xpath","selector":"//android.widget.TextView[@text='ADD TO CART']","context":"","multiple":true}
&amp#27;[38;5;32m[AndroidUiautomator2Driver@97b8 (abd696a1)]&amp#27;[0m Got response with status 200: {"sessionId":"1c1404f0-5a74-42d8-beb6-1bef9e083b18","value":[{"ELEMENT":"00000000-0000-0b8c-ffff-ffff00000105","element-6066-11e4-a52e-4f735466cecf":"00000000-0000-0b8c-ffff-ffff00000105"}]}
&amp#27;[38;5;32m[AndroidUiautomator2Driver@97b8 (abd696a1)]&amp#27;[0m Responding to client with driver.findElements() result: [{"element-6066-11e4-a52e-4f735466cecf":"00000000-0000-0b8c-ffff-ffff00000105","ELEMENT":"00000000-0000-0b8c-ffff-ffff00000105"}]
&amp#27;[38;5;0m[HTTP]&amp#27;[0m &amp#27;[37m<-- POST /session/abd696a1-b514-4f12-8ca4-0856a59a36a0/elements &amp#27;[39m&amp#27;[32m200&amp#27;[39m &amp#27;[90m754 ms - 139&amp#27;[39m
&amp#27;[38;5;0m[HTTP]&amp#27;[0m &amp#27;[90m&amp#27;[39m
&amp#27;[38;5;0m[HTTP]&amp#27;[0m &amp#27;[37m-->&amp#27;[39m &amp#27;[37mPOST&amp#27;[39m &amp#27;[37m/session/abd696a1-b514-4f12-8ca4-0856a59a36a0/element/00000000-0000-0b8c-ffff-ffff00000105/click&amp#27;[39m
&amp#27;[38;5;0m[HTTP]&amp#27;[0m &amp#27;[90m{"id":"00000000-0000-0b8c-ffff-ffff00000105"}&amp#27;[39m
&amp#27;[38;5;32m[AndroidUiautomator2Driver@97b8 (abd696a1)]&amp#27;[0m Calling AppiumDriver.click() with args: ["00000000-0000-0b8c-ffff-ffff00000105","abd696a1-b514-4f12-8ca4-0856a59a36a0"]
&amp#27;[38;5;32m[AndroidUiautomator2Driver@97b8 (abd696a1)]&amp#27;[0m Matched '/element/00000000-0000-0b8c-ffff-ffff00000105/click' to command name 'click'
&amp#27;[38;5;32m[AndroidUiautomator2Driver@97b8 (abd696a1)]&amp#27;[0m Proxying [POST /element/00000000-0000-0b8c-ffff-ffff00000105/click] to [POST http://127.0.0.1:8200/session/1c1404f0-5a74-42d8-beb6-1bef9e083b18/element/00000000-0000-0b8c-ffff-ffff00000105/click] with body: {"element":"00000000-0000-0b8c-ffff-ffff00000105"}
&amp#27;[38;5;32m[AndroidUiautomator2Driver@97b8 (abd696a1)]&amp#27;[0m Got response with status 200: {"sessionId":"1c1404f0-5a74-42d8-beb6-1bef9e083b18","value":null}
&amp#27;[38;5;32m[AndroidUiautomator2Driver@97b8 (abd696a1)]&amp#27;[0m Responding to client with driver.click() result: null
&amp#27;[38;5;0m[HTTP]&amp#27;[0m &amp#27;[37m<-- POST /session/abd696a1-b514-4f12-8ca4-0856a59a36a0/element/00000000-0000-0b8c-ffff-ffff00000105/click &amp#27;[39m&amp#27;[32m200&amp#27;[39m &amp#27;[90m212 ms - 14&amp#27;[39m
&amp#27;[38;5;0m[HTTP]&amp#27;[0m &amp#27;[90m&amp#27;[39m
&amp#27;[38;5;0m[HTTP]&amp#27;[0m &amp#27;[37m-->&amp#27;[39m &amp#27;[37mGET&amp#27;[39m &amp#27;[37m/session/abd696a1-b514-4f12-8ca4-0856a59a36a0/context&amp#27;[39m
&amp#27;[38;5;0m[HTTP]&amp#27;[0m &amp#27;[90m{}&amp#27;[39m
&amp#27;[38;5;32m[AndroidUiautomator2Driver@97b8 (abd696a1)]&amp#27;[0m Calling AppiumDriver.getCurrentContext() with args: ["abd696a1-b514-4f12-8ca4-0856a59a36a0"]
&amp#27;[38;5;32m[AndroidUiautomator2Driver@97b8 (abd696a1)]&amp#27;[0m Responding to client with driver.getCurrentContext() result: "NATIVE_APP"
&amp#27;[38;5;0m[HTTP]&amp#27;[0m &amp#27;[37m<-- GET /session/abd696a1-b514-4f12-8ca4-0856a59a36a0/context &amp#27;[39m&amp#27;[32m200&amp#27;[39m &amp#27;[90m1 ms - 22&amp#27;[39m
&amp#27;[38;5;0m[HTTP]&amp#27;[0m &amp#27;[90m&amp#27;[39m
&amp#27;[38;5;0m[HTTP]&amp#27;[0m &amp#27;[37m-->&amp#27;[39m &amp#27;[37mPOST&amp#27;[39m &amp#27;[37m/session/abd696a1-b514-4f12-8ca4-0856a59a36a0/element&amp#27;[39m
&amp#27;[38;5;0m[HTTP]&amp#27;[0m &amp#27;[90m{"using":"id","value":"com.androidsample.generalstore:id/appbar_btn_cart"}&amp#27;[39m
&amp#27;[38;5;32m[AndroidUiautomator2Driver@97b8 (abd696a1)]&amp#27;[0m Calling AppiumDriver.findElement() with args: ["id","com.androidsample.generalstore:id/appbar_btn_cart","abd696a1-b514-4f12-8ca4-0856a59a36a0"]
&amp#27;[38;5;32m[AndroidUiautomator2Driver@97b8 (abd696a1)]&amp#27;[0m Valid locator strategies for this request: xpath, id, class name, accessibility id, css selector, -android uiautomator
&amp#27;[38;5;32m[AndroidUiautomator2Driver@97b8 (abd696a1)]&amp#27;[0m Waiting up to 10000 ms for condition
&amp#27;[38;5;32m[AndroidUiautomator2Driver@97b8 (abd696a1)]&amp#27;[0m Matched '/element' to command name 'findElement'
&amp#27;[38;5;32m[AndroidUiautomator2Driver@97b8 (abd696a1)]&amp#27;[0m Proxying [POST /element] to [POST http://127.0.0.1:8200/session/1c1404f0-5a74-42d8-beb6-1bef9e083b18/element] with body: {"strategy":"id","selector":"com.androidsample.generalstore:id/appbar_btn_cart","context":"","multiple":false}
&amp#27;[38;5;32m[AndroidUiautomator2Driver@97b8 (abd696a1)]&amp#27;[0m Got response with status 200: {"sessionId":"1c1404f0-5a74-42d8-beb6-1bef9e083b18","value":{"ELEMENT":"00000000-0000-0b8c-ffff-ffff000000f0","element-6066-11e4-a52e-4f735466cecf":"00000000-0000-0b8c-ffff-ffff000000f0"}}
&amp#27;[38;5;32m[AndroidUiautomator2Driver@97b8 (abd696a1)]&amp#27;[0m Responding to client with driver.findElement() result: {"element-6066-11e4-a52e-4f735466cecf":"00000000-0000-0b8c-ffff-ffff000000f0","ELEMENT":"00000000-0000-0b8c-ffff-ffff000000f0"}
&amp#27;[38;5;0m[HTTP]&amp#27;[0m &amp#27;[37m<-- POST /session/abd696a1-b514-4f12-8ca4-0856a59a36a0/element &amp#27;[39m&amp#27;[32m200&amp#27;[39m &amp#27;[90m460 ms - 137&amp#27;[39m
&amp#27;[38;5;0m[HTTP]&amp#27;[0m &amp#27;[90m&amp#27;[39m
&amp#27;[38;5;0m[HTTP]&amp#27;[0m &amp#27;[37m-->&amp#27;[39m &amp#27;[37mPOST&amp#27;[39m &amp#27;[37m/session/abd696a1-b514-4f12-8ca4-0856a59a36a0/element/00000000-0000-0b8c-ffff-ffff000000f0/click&amp#27;[39m
&amp#27;[38;5;0m[HTTP]&amp#27;[0m &amp#27;[90m{"id":"00000000-0000-0b8c-ffff-ffff000000f0"}&amp#27;[39m
&amp#27;[38;5;32m[AndroidUiautomator2Driver@97b8 (abd696a1)]&amp#27;[0m Calling AppiumDriver.click() with args: ["00000000-0000-0b8c-ffff-ffff000000f0","abd696a1-b514-4f12-8ca4-0856a59a36a0"]
&amp#27;[38;5;32m[AndroidUiautomator2Driver@97b8 (abd696a1)]&amp#27;[0m Matched '/element/00000000-0000-0b8c-ffff-ffff000000f0/click' to command name 'click'
&amp#27;[38;5;32m[AndroidUiautomator2Driver@97b8 (abd696a1)]&amp#27;[0m Proxying [POST /element/00000000-0000-0b8c-ffff-ffff000000f0/click] to [POST http://127.0.0.1:8200/session/1c1404f0-5a74-42d8-beb6-1bef9e083b18/element/00000000-0000-0b8c-ffff-ffff000000f0/click] with body: {"element":"00000000-0000-0b8c-ffff-ffff000000f0"}
&amp#27;[38;5;32m[AndroidUiautomator2Driver@97b8 (abd696a1)]&amp#27;[0m Got response with status 200: {"sessionId":"1c1404f0-5a74-42d8-beb6-1bef9e083b18","value":null}
&amp#27;[38;5;32m[AndroidUiautomator2Driver@97b8 (abd696a1)]&amp#27;[0m Responding to client with driver.click() result: null
&amp#27;[38;5;0m[HTTP]&amp#27;[0m &amp#27;[37m<-- POST /session/abd696a1-b514-4f12-8ca4-0856a59a36a0/element/00000000-0000-0b8c-ffff-ffff000000f0/click &amp#27;[39m&amp#27;[32m200&amp#27;[39m &amp#27;[90m1026 ms - 14&amp#27;[39m
&amp#27;[38;5;0m[HTTP]&amp#27;[0m &amp#27;[90m&amp#27;[39m
&amp#27;[38;5;0m[HTTP]&amp#27;[0m &amp#27;[37m-->&amp#27;[39m &amp#27;[37mGET&amp#27;[39m &amp#27;[37m/session/abd696a1-b514-4f12-8ca4-0856a59a36a0/context&amp#27;[39m
&amp#27;[38;5;0m[HTTP]&amp#27;[0m &amp#27;[90m{}&amp#27;[39m
&amp#27;[38;5;32m[AndroidUiautomator2Driver@97b8 (abd696a1)]&amp#27;[0m Calling AppiumDriver.getCurrentContext() with args: ["abd696a1-b514-4f12-8ca4-0856a59a36a0"]
&amp#27;[38;5;32m[AndroidUiautomator2Driver@97b8 (abd696a1)]&amp#27;[0m Responding to client with driver.getCurrentContext() result: "NATIVE_APP"
&amp#27;[38;5;0m[HTTP]&amp#27;[0m &amp#27;[37m<-- GET /session/abd696a1-b514-4f12-8ca4-0856a59a36a0/context &amp#27;[39m&amp#27;[32m200&amp#27;[39m &amp#27;[90m1 ms - 22&amp#27;[39m
&amp#27;[38;5;0m[HTTP]&amp#27;[0m &amp#27;[90m&amp#27;[39m
&amp#27;[38;5;0m[HTTP]&amp#27;[0m &amp#27;[37m-->&amp#27;[39m &amp#27;[37mPOST&amp#27;[39m &amp#27;[37m/session/abd696a1-b514-4f12-8ca4-0856a59a36a0/elements&amp#27;[39m
&amp#27;[38;5;0m[HTTP]&amp#27;[0m &amp#27;[90m{"using":"id","value":"com.androidsample.generalstore:id/productPrice"}&amp#27;[39m
&amp#27;[38;5;32m[AndroidUiautomator2Driver@97b8 (abd696a1)]&amp#27;[0m Calling AppiumDriver.findElements() with args: ["id","com.androidsample.generalstore:id/productPrice","abd696a1-b514-4f12-8ca4-0856a59a36a0"]
&amp#27;[38;5;32m[AndroidUiautomator2Driver@97b8 (abd696a1)]&amp#27;[0m Valid locator strategies for this request: xpath, id, class name, accessibility id, css selector, -android uiautomator
&amp#27;[38;5;32m[AndroidUiautomator2Driver@97b8 (abd696a1)]&amp#27;[0m Waiting up to 10000 ms for condition
&amp#27;[38;5;32m[AndroidUiautomator2Driver@97b8 (abd696a1)]&amp#27;[0m Matched '/elements' to command name 'findElements'
&amp#27;[38;5;32m[AndroidUiautomator2Driver@97b8 (abd696a1)]&amp#27;[0m Proxying [POST /elements] to [POST http://127.0.0.1:8200/session/1c1404f0-5a74-42d8-beb6-1bef9e083b18/elements] with body: {"strategy":"id","selector":"com.androidsample.generalstore:id/productPrice","context":"","multiple":true}
&amp#27;[38;5;32m[AndroidUiautomator2Driver@97b8 (abd696a1)]&amp#27;[0m Got response with status 200: {"sessionId":"1c1404f0-5a74-42d8-beb6-1bef9e083b18","value":[{"ELEMENT":"00000000-0000-0b8d-ffff-ffff00000132","element-6066-11e4-a52e-4f735466cecf":"00000000-0000-0b8d-ffff-ffff00000132"},{"ELEMENT":"00000000-0000-0b8d-ffff-ffff0000013a","element-6066-11e4-a52e-4f735466cecf":"00000000-0000-0b8d-ffff-ffff0000013a"}]}
&amp#27;[38;5;32m[AndroidUiautomator2Driver@97b8 (abd696a1)]&amp#27;[0m Responding to client with driver.findElements() result: [{"element-6066-11e4-a52e-4f735466cecf":"00000000-0000-0b8d-ffff-ffff00000132","ELEMENT":"00000000-0000-0b8d-ffff-ffff00000132"},{"element-6066-11e4-a52e-4f735466cecf":"00000000-0000-0b8d-ffff-ffff0000013a","ELEMENT":"00000000-0000-0b8d-ffff-ffff0000013a"}]
&amp#27;[38;5;0m[HTTP]&amp#27;[0m &amp#27;[37m<-- POST /session/abd696a1-b514-4f12-8ca4-0856a59a36a0/elements &amp#27;[39m&amp#27;[32m200&amp#27;[39m &amp#27;[90m98 ms - 267&amp#27;[39m
&amp#27;[38;5;0m[HTTP]&amp#27;[0m &amp#27;[90m&amp#27;[39m
&amp#27;[38;5;0m[HTTP]&amp#27;[0m &amp#27;[37m-->&amp#27;[39m &amp#27;[37mGET&amp#27;[39m &amp#27;[37m/session/abd696a1-b514-4f12-8ca4-0856a59a36a0/element/00000000-0000-0b8d-ffff-ffff00000132/text&amp#27;[39m
&amp#27;[38;5;0m[HTTP]&amp#27;[0m &amp#27;[90m{}&amp#27;[39m
&amp#27;[38;5;32m[AndroidUiautomator2Driver@97b8 (abd696a1)]&amp#27;[0m Driver proxy active, passing request on via HTTP proxy
&amp#27;[38;5;32m[AndroidUiautomator2Driver@97b8 (abd696a1)]&amp#27;[0m Matched '/session/abd696a1-b514-4f12-8ca4-0856a59a36a0/element/00000000-0000-0b8d-ffff-ffff00000132/text' to command name 'getText'
&amp#27;[38;5;32m[AndroidUiautomator2Driver@97b8 (abd696a1)]&amp#27;[0m Proxying [GET /session/abd696a1-b514-4f12-8ca4-0856a59a36a0/element/00000000-0000-0b8d-ffff-ffff00000132/text] to [GET http://127.0.0.1:8200/session/1c1404f0-5a74-42d8-beb6-1bef9e083b18/element/00000000-0000-0b8d-ffff-ffff00000132/text] with no body
&amp#27;[38;5;32m[AndroidUiautomator2Driver@97b8 (abd696a1)]&amp#27;[0m Got response with status 200: {"sessionId":"1c1404f0-5a74-42d8-beb6-1bef9e083b18","value":"$160.97"}
&amp#27;[38;5;32m[AndroidUiautomator2Driver@97b8 (abd696a1)]&amp#27;[0m Replacing sessionId 1c1404f0-5a74-42d8-beb6-1bef9e083b18 with abd696a1-b514-4f12-8ca4-0856a59a36a0
&amp#27;[38;5;0m[HTTP]&amp#27;[0m &amp#27;[37m<-- GET /session/abd696a1-b514-4f12-8ca4-0856a59a36a0/element/00000000-0000-0b8d-ffff-ffff00000132/text &amp#27;[39m&amp#27;[32m200&amp#27;[39m &amp#27;[90m22 ms - 70&amp#27;[39m
&amp#27;[38;5;0m[HTTP]&amp#27;[0m &amp#27;[90m&amp#27;[39m
&amp#27;[38;5;0m[HTTP]&amp#27;[0m &amp#27;[37m-->&amp#27;[39m &amp#27;[37mGET&amp#27;[39m &amp#27;[37m/session/abd696a1-b514-4f12-8ca4-0856a59a36a0/context&amp#27;[39m
&amp#27;[38;5;0m[HTTP]&amp#27;[0m &amp#27;[90m{}&amp#27;[39m
&amp#27;[38;5;32m[AndroidUiautomator2Driver@97b8 (abd696a1)]&amp#27;[0m Calling AppiumDriver.getCurrentContext() with args: ["abd696a1-b514-4f12-8ca4-0856a59a36a0"]
&amp#27;[38;5;32m[AndroidUiautomator2Driver@97b8 (abd696a1)]&amp#27;[0m Responding to client with driver.getCurrentContext() result: "NATIVE_APP"
&amp#27;[38;5;0m[HTTP]&amp#27;[0m &amp#27;[37m<-- GET /session/abd696a1-b514-4f12-8ca4-0856a59a36a0/context &amp#27;[39m&amp#27;[32m200&amp#27;[39m &amp#27;[90m1 ms - 22&amp#27;[39m
&amp#27;[38;5;0m[HTTP]&amp#27;[0m &amp#27;[90m&amp#27;[39m
&amp#27;[38;5;0m[HTTP]&amp#27;[0m &amp#27;[37m-->&amp#27;[39m &amp#27;[37mPOST&amp#27;[39m &amp#27;[37m/session/abd696a1-b514-4f12-8ca4-0856a59a36a0/elements&amp#27;[39m
&amp#27;[38;5;0m[HTTP]&amp#27;[0m &amp#27;[90m{"using":"id","value":"com.androidsample.generalstore:id/productPrice"}&amp#27;[39m
&amp#27;[38;5;32m[AndroidUiautomator2Driver@97b8 (abd696a1)]&amp#27;[0m Calling AppiumDriver.findElements() with args: ["id","com.androidsample.generalstore:id/productPrice","abd696a1-b514-4f12-8ca4-0856a59a36a0"]
&amp#27;[38;5;32m[AndroidUiautomator2Driver@97b8 (abd696a1)]&amp#27;[0m Valid locator strategies for this request: xpath, id, class name, accessibility id, css selector, -android uiautomator
&amp#27;[38;5;32m[AndroidUiautomator2Driver@97b8 (abd696a1)]&amp#27;[0m Waiting up to 10000 ms for condition
&amp#27;[38;5;32m[AndroidUiautomator2Driver@97b8 (abd696a1)]&amp#27;[0m Matched '/elements' to command name 'findElements'
&amp#27;[38;5;32m[AndroidUiautomator2Driver@97b8 (abd696a1)]&amp#27;[0m Proxying [POST /elements] to [POST http://127.0.0.1:8200/session/1c1404f0-5a74-42d8-beb6-1bef9e083b18/elements] with body: {"strategy":"id","selector":"com.androidsample.generalstore:id/productPrice","context":"","multiple":true}
&amp#27;[38;5;32m[AndroidUiautomator2Driver@97b8 (abd696a1)]&amp#27;[0m Got response with status 200: {"sessionId":"1c1404f0-5a74-42d8-beb6-1bef9e083b18","value":[{"ELEMENT":"00000000-0000-0b8d-ffff-ffff00000132","element-6066-11e4-a52e-4f735466cecf":"00000000-0000-0b8d-ffff-ffff00000132"},{"ELEMENT":"00000000-0000-0b8d-ffff-ffff0000013a","element-6066-11e4-a52e-4f735466cecf":"00000000-0000-0b8d-ffff-ffff0000013a"}]}
&amp#27;[38;5;32m[AndroidUiautomator2Driver@97b8 (abd696a1)]&amp#27;[0m Responding to client with driver.findElements() result: [{"element-6066-11e4-a52e-4f735466cecf":"00000000-0000-0b8d-ffff-ffff00000132","ELEMENT":"00000000-0000-0b8d-ffff-ffff00000132"},{"element-6066-11e4-a52e-4f735466cecf":"00000000-0000-0b8d-ffff-ffff0000013a","ELEMENT":"00000000-0000-0b8d-ffff-ffff0000013a"}]
&amp#27;[38;5;0m[HTTP]&amp#27;[0m &amp#27;[37m<-- POST /session/abd696a1-b514-4f12-8ca4-0856a59a36a0/elements &amp#27;[39m&amp#27;[32m200&amp#27;[39m &amp#27;[90m87 ms - 267&amp#27;[39m
&amp#27;[38;5;0m[HTTP]&amp#27;[0m &amp#27;[90m&amp#27;[39m
&amp#27;[38;5;0m[HTTP]&amp#27;[0m &amp#27;[37m-->&amp#27;[39m &amp#27;[37mGET&amp#27;[39m &amp#27;[37m/session/abd696a1-b514-4f12-8ca4-0856a59a36a0/element/00000000-0000-0b8d-ffff-ffff0000013a/text&amp#27;[39m
&amp#27;[38;5;0m[HTTP]&amp#27;[0m &amp#27;[90m{}&amp#27;[39m
&amp#27;[38;5;32m[AndroidUiautomator2Driver@97b8 (abd696a1)]&amp#27;[0m Driver proxy active, passing request on via HTTP proxy
&amp#27;[38;5;32m[AndroidUiautomator2Driver@97b8 (abd696a1)]&amp#27;[0m Matched '/session/abd696a1-b514-4f12-8ca4-0856a59a36a0/element/00000000-0000-0b8d-ffff-ffff0000013a/text' to command name 'getText'
&amp#27;[38;5;32m[AndroidUiautomator2Driver@97b8 (abd696a1)]&amp#27;[0m Proxying [GET /session/abd696a1-b514-4f12-8ca4-0856a59a36a0/element/00000000-0000-0b8d-ffff-ffff0000013a/text] to [GET http://127.0.0.1:8200/session/1c1404f0-5a74-42d8-beb6-1bef9e083b18/element/00000000-0000-0b8d-ffff-ffff0000013a/text] with no body
&amp#27;[38;5;32m[AndroidUiautomator2Driver@97b8 (abd696a1)]&amp#27;[0m Got response with status 200: {"sessionId":"1c1404f0-5a74-42d8-beb6-1bef9e083b18","value":"$120.0"}
&amp#27;[38;5;32m[AndroidUiautomator2Driver@97b8 (abd696a1)]&amp#27;[0m Replacing sessionId 1c1404f0-5a74-42d8-beb6-1bef9e083b18 with abd696a1-b514-4f12-8ca4-0856a59a36a0
&amp#27;[38;5;0m[HTTP]&amp#27;[0m &amp#27;[37m<-- GET /session/abd696a1-b514-4f12-8ca4-0856a59a36a0/element/00000000-0000-0b8d-ffff-ffff0000013a/text &amp#27;[39m&amp#27;[32m200&amp#27;[39m &amp#27;[90m18 ms - 69&amp#27;[39m
&amp#27;[38;5;0m[HTTP]&amp#27;[0m &amp#27;[90m&amp#27;[39m
&amp#27;[38;5;0m[HTTP]&amp#27;[0m &amp#27;[37m-->&amp#27;[39m &amp#27;[37mGET&amp#27;[39m &amp#27;[37m/session/abd696a1-b514-4f12-8ca4-0856a59a36a0/context&amp#27;[39m
&amp#27;[38;5;0m[HTTP]&amp#27;[0m &amp#27;[90m{}&amp#27;[39m
&amp#27;[38;5;32m[AndroidUiautomator2Driver@97b8 (abd696a1)]&amp#27;[0m Calling AppiumDriver.getCurrentContext() with args: ["abd696a1-b514-4f12-8ca4-0856a59a36a0"]
&amp#27;[38;5;32m[AndroidUiautomator2Driver@97b8 (abd696a1)]&amp#27;[0m Responding to client with driver.getCurrentContext() result: "NATIVE_APP"
&amp#27;[38;5;0m[HTTP]&amp#27;[0m &amp#27;[37m<-- GET /session/abd696a1-b514-4f12-8ca4-0856a59a36a0/context &amp#27;[39m&amp#27;[32m200&amp#27;[39m &amp#27;[90m1 ms - 22&amp#27;[39m
&amp#27;[38;5;0m[HTTP]&amp#27;[0m &amp#27;[90m&amp#27;[39m
&amp#27;[38;5;0m[HTTP]&amp#27;[0m &amp#27;[37m-->&amp#27;[39m &amp#27;[37mPOST&amp#27;[39m &amp#27;[37m/session/abd696a1-b514-4f12-8ca4-0856a59a36a0/element&amp#27;[39m
&amp#27;[38;5;0m[HTTP]&amp#27;[0m &amp#27;[90m{"using":"id","value":"com.androidsample.generalstore:id/totalAmountLbl"}&amp#27;[39m
&amp#27;[38;5;32m[AndroidUiautomator2Driver@97b8 (abd696a1)]&amp#27;[0m Calling AppiumDriver.findElement() with args: ["id","com.androidsample.generalstore:id/totalAmountLbl","abd696a1-b514-4f12-8ca4-0856a59a36a0"]
&amp#27;[38;5;32m[AndroidUiautomator2Driver@97b8 (abd696a1)]&amp#27;[0m Valid locator strategies for this request: xpath, id, class name, accessibility id, css selector, -android uiautomator
&amp#27;[38;5;32m[AndroidUiautomator2Driver@97b8 (abd696a1)]&amp#27;[0m Waiting up to 10000 ms for condition
&amp#27;[38;5;32m[AndroidUiautomator2Driver@97b8 (abd696a1)]&amp#27;[0m Matched '/element' to command name 'findElement'
&amp#27;[38;5;32m[AndroidUiautomator2Driver@97b8 (abd696a1)]&amp#27;[0m Proxying [POST /element] to [POST http://127.0.0.1:8200/session/1c1404f0-5a74-42d8-beb6-1bef9e083b18/element] with body: {"strategy":"id","selector":"com.androidsample.generalstore:id/totalAmountLbl","context":"","multiple":false}
&amp#27;[38;5;32m[AndroidUiautomator2Driver@97b8 (abd696a1)]&amp#27;[0m Got response with status 200: {"sessionId":"1c1404f0-5a74-42d8-beb6-1bef9e083b18","value":{"ELEMENT":"00000000-0000-0b8d-ffff-ffff00000126","element-6066-11e4-a52e-4f735466cecf":"00000000-0000-0b8d-ffff-ffff00000126"}}
&amp#27;[38;5;32m[AndroidUiautomator2Driver@97b8 (abd696a1)]&amp#27;[0m Responding to client with driver.findElement() result: {"element-6066-11e4-a52e-4f735466cecf":"00000000-0000-0b8d-ffff-ffff00000126","ELEMENT":"00000000-0000-0b8d-ffff-ffff00000126"}
&amp#27;[38;5;0m[HTTP]&amp#27;[0m &amp#27;[37m<-- POST /session/abd696a1-b514-4f12-8ca4-0856a59a36a0/element &amp#27;[39m&amp#27;[32m200&amp#27;[39m &amp#27;[90m75 ms - 137&amp#27;[39m
&amp#27;[38;5;0m[HTTP]&amp#27;[0m &amp#27;[90m&amp#27;[39m
&amp#27;[38;5;0m[HTTP]&amp#27;[0m &amp#27;[37m-->&amp#27;[39m &amp#27;[37mGET&amp#27;[39m &amp#27;[37m/session/abd696a1-b514-4f12-8ca4-0856a59a36a0/element/00000000-0000-0b8d-ffff-ffff00000126/text&amp#27;[39m
&amp#27;[38;5;0m[HTTP]&amp#27;[0m &amp#27;[90m{}&amp#27;[39m
&amp#27;[38;5;32m[AndroidUiautomator2Driver@97b8 (abd696a1)]&amp#27;[0m Driver proxy active, passing request on via HTTP proxy
&amp#27;[38;5;32m[AndroidUiautomator2Driver@97b8 (abd696a1)]&amp#27;[0m Matched '/session/abd696a1-b514-4f12-8ca4-0856a59a36a0/element/00000000-0000-0b8d-ffff-ffff00000126/text' to command name 'getText'
&amp#27;[38;5;32m[AndroidUiautomator2Driver@97b8 (abd696a1)]&amp#27;[0m Proxying [GET /session/abd696a1-b514-4f12-8ca4-0856a59a36a0/element/00000000-0000-0b8d-ffff-ffff00000126/text] to [GET http://127.0.0.1:8200/session/1c1404f0-5a74-42d8-beb6-1bef9e083b18/element/00000000-0000-0b8d-ffff-ffff00000126/text] with no body
&amp#27;[38;5;32m[AndroidUiautomator2Driver@97b8 (abd696a1)]&amp#27;[0m Got response with status 200: {"sessionId":"1c1404f0-5a74-42d8-beb6-1bef9e083b18","value":"$ 280.97"}
&amp#27;[38;5;32m[AndroidUiautomator2Driver@97b8 (abd696a1)]&amp#27;[0m Replacing sessionId 1c1404f0-5a74-42d8-beb6-1bef9e083b18 with abd696a1-b514-4f12-8ca4-0856a59a36a0
&amp#27;[38;5;0m[HTTP]&amp#27;[0m &amp#27;[37m<-- GET /session/abd696a1-b514-4f12-8ca4-0856a59a36a0/element/00000000-0000-0b8d-ffff-ffff00000126/text &amp#27;[39m&amp#27;[32m200&amp#27;[39m &amp#27;[90m17 ms - 71&amp#27;[39m
&amp#27;[38;5;0m[HTTP]&amp#27;[0m &amp#27;[90m&amp#27;[39m
&amp#27;[38;5;0m[HTTP]&amp#27;[0m &amp#27;[37m-->&amp#27;[39m &amp#27;[37mGET&amp#27;[39m &amp#27;[37m/session/abd696a1-b514-4f12-8ca4-0856a59a36a0/context&amp#27;[39m
&amp#27;[38;5;0m[HTTP]&amp#27;[0m &amp#27;[90m{}&amp#27;[39m
&amp#27;[38;5;32m[AndroidUiautomator2Driver@97b8 (abd696a1)]&amp#27;[0m Calling AppiumDriver.getCurrentContext() with args: ["abd696a1-b514-4f12-8ca4-0856a59a36a0"]
&amp#27;[38;5;32m[AndroidUiautomator2Driver@97b8 (abd696a1)]&amp#27;[0m Responding to client with driver.getCurrentContext() result: "NATIVE_APP"
&amp#27;[38;5;0m[HTTP]&amp#27;[0m &amp#27;[37m<-- GET /session/abd696a1-b514-4f12-8ca4-0856a59a36a0/context &amp#27;[39m&amp#27;[32m200&amp#27;[39m &amp#27;[90m1 ms - 22&amp#27;[39m
&amp#27;[38;5;0m[HTTP]&amp#27;[0m &amp#27;[90m&amp#27;[39m
&amp#27;[38;5;0m[HTTP]&amp#27;[0m &amp#27;[37m-->&amp#27;[39m &amp#27;[37mPOST&amp#27;[39m &amp#27;[37m/session/abd696a1-b514-4f12-8ca4-0856a59a36a0/element&amp#27;[39m
&amp#27;[38;5;0m[HTTP]&amp#27;[0m &amp#27;[90m{"using":"id","value":"com.androidsample.generalstore:id/termsButton"}&amp#27;[39m
&amp#27;[38;5;32m[AndroidUiautomator2Driver@97b8 (abd696a1)]&amp#27;[0m Calling AppiumDriver.findElement() with args: ["id","com.androidsample.generalstore:id/termsButton","abd696a1-b514-4f12-8ca4-0856a59a36a0"]
&amp#27;[38;5;32m[AndroidUiautomator2Driver@97b8 (abd696a1)]&amp#27;[0m Valid locator strategies for this request: xpath, id, class name, accessibility id, css selector, -android uiautomator
&amp#27;[38;5;32m[AndroidUiautomator2Driver@97b8 (abd696a1)]&amp#27;[0m Waiting up to 10000 ms for condition
&amp#27;[38;5;32m[AndroidUiautomator2Driver@97b8 (abd696a1)]&amp#27;[0m Matched '/element' to command name 'findElement'
&amp#27;[38;5;32m[AndroidUiautomator2Driver@97b8 (abd696a1)]&amp#27;[0m Proxying [POST /element] to [POST http://127.0.0.1:8200/session/1c1404f0-5a74-42d8-beb6-1bef9e083b18/element] with body: {"strategy":"id","selector":"com.androidsample.generalstore:id/termsButton","context":"","multiple":false}
&amp#27;[38;5;32m[AndroidUiautomator2Driver@97b8 (abd696a1)]&amp#27;[0m Got response with status 200: {"sessionId":"1c1404f0-5a74-42d8-beb6-1bef9e083b18","value":{"ELEMENT":"00000000-0000-0b8d-ffff-ffff00000129","element-6066-11e4-a52e-4f735466cecf":"00000000-0000-0b8d-ffff-ffff00000129"}}
&amp#27;[38;5;32m[AndroidUiautomator2Driver@97b8 (abd696a1)]&amp#27;[0m Responding to client with driver.findElement() result: {"element-6066-11e4-a52e-4f735466cecf":"00000000-0000-0b8d-ffff-ffff00000129","ELEMENT":"00000000-0000-0b8d-ffff-ffff00000129"}
&amp#27;[38;5;0m[HTTP]&amp#27;[0m &amp#27;[37m<-- POST /session/abd696a1-b514-4f12-8ca4-0856a59a36a0/element &amp#27;[39m&amp#27;[32m200&amp#27;[39m &amp#27;[90m71 ms - 137&amp#27;[39m
&amp#27;[38;5;0m[HTTP]&amp#27;[0m &amp#27;[90m&amp#27;[39m
&amp#27;[38;5;0m[HTTP]&amp#27;[0m &amp#27;[37m-->&amp#27;[39m &amp#27;[37mPOST&amp#27;[39m &amp#27;[37m/session/abd696a1-b514-4f12-8ca4-0856a59a36a0/execute/sync&amp#27;[39m
&amp#27;[38;5;0m[HTTP]&amp#27;[0m &amp#27;[90m{"script":"mobile: longClickGesture","args":[{"elementId":"00000000-0000-0b8d-ffff-ffff00000129","duration":2000}]}&amp#27;[39m
&amp#27;[38;5;32m[AndroidUiautomator2Driver@97b8 (abd696a1)]&amp#27;[0m Calling AppiumDriver.execute() with args: ["mobile: longClickGesture",[{"elementId":"00000000-0000-0b8d-ffff-ffff00000129","duration":2000}],"abd696a1-b514-4f12-8ca4-0856a59a36a0"]
&amp#27;[38;5;32m[AndroidUiautomator2Driver@97b8 (abd696a1)]&amp#27;[0m Executing method 'mobile: longClickGesture'
&amp#27;[38;5;32m[AndroidUiautomator2Driver@97b8 (abd696a1)]&amp#27;[0m Proxying [POST /appium/gestures/long_click] to [POST http://127.0.0.1:8200/session/1c1404f0-5a74-42d8-beb6-1bef9e083b18/appium/gestures/long_click] with body: {"origin":{"ELEMENT":"00000000-0000-0b8d-ffff-ffff00000129","element-6066-11e4-a52e-4f735466cecf":"00000000-0000-0b8d-ffff-ffff00000129"},"duration":2000}
&amp#27;[38;5;32m[AndroidUiautomator2Driver@97b8 (abd696a1)]&amp#27;[0m Got response with status 200: {"sessionId":"1c1404f0-5a74-42d8-beb6-1bef9e083b18","value":null}
&amp#27;[38;5;32m[AndroidUiautomator2Driver@97b8 (abd696a1)]&amp#27;[0m Responding to client with driver.execute() result: null
&amp#27;[38;5;0m[HTTP]&amp#27;[0m &amp#27;[37m<-- POST /session/abd696a1-b514-4f12-8ca4-0856a59a36a0/execute/sync &amp#27;[39m&amp#27;[32m200&amp#27;[39m &amp#27;[90m2074 ms - 14&amp#27;[39m
&amp#27;[38;5;0m[HTTP]&amp#27;[0m &amp#27;[90m&amp#27;[39m
&amp#27;[38;5;0m[HTTP]&amp#27;[0m &amp#27;[37m-->&amp#27;[39m &amp#27;[37mGET&amp#27;[39m &amp#27;[37m/session/abd696a1-b514-4f12-8ca4-0856a59a36a0/context&amp#27;[39m
&amp#27;[38;5;0m[HTTP]&amp#27;[0m &amp#27;[90m{}&amp#27;[39m
&amp#27;[38;5;32m[AndroidUiautomator2Driver@97b8 (abd696a1)]&amp#27;[0m Calling AppiumDriver.getCurrentContext() with args: ["abd696a1-b514-4f12-8ca4-0856a59a36a0"]
&amp#27;[38;5;32m[AndroidUiautomator2Driver@97b8 (abd696a1)]&amp#27;[0m Responding to client with driver.getCurrentContext() result: "NATIVE_APP"
&amp#27;[38;5;0m[HTTP]&amp#27;[0m &amp#27;[37m<-- GET /session/abd696a1-b514-4f12-8ca4-0856a59a36a0/context &amp#27;[39m&amp#27;[32m200&amp#27;[39m &amp#27;[90m1 ms - 22&amp#27;[39m
&amp#27;[38;5;0m[HTTP]&amp#27;[0m &amp#27;[90m&amp#27;[39m
&amp#27;[38;5;0m[HTTP]&amp#27;[0m &amp#27;[37m-->&amp#27;[39m &amp#27;[37mPOST&amp#27;[39m &amp#27;[37m/session/abd696a1-b514-4f12-8ca4-0856a59a36a0/element&amp#27;[39m
&amp#27;[38;5;0m[HTTP]&amp#27;[0m &amp#27;[90m{"using":"id","value":"com.androidsample.generalstore:id/alertTitle"}&amp#27;[39m
&amp#27;[38;5;32m[AndroidUiautomator2Driver@97b8 (abd696a1)]&amp#27;[0m Calling AppiumDriver.findElement() with args: ["id","com.androidsample.generalstore:id/alertTitle","abd696a1-b514-4f12-8ca4-0856a59a36a0"]
&amp#27;[38;5;32m[AndroidUiautomator2Driver@97b8 (abd696a1)]&amp#27;[0m Valid locator strategies for this request: xpath, id, class name, accessibility id, css selector, -android uiautomator
&amp#27;[38;5;32m[AndroidUiautomator2Driver@97b8 (abd696a1)]&amp#27;[0m Waiting up to 10000 ms for condition
&amp#27;[38;5;32m[AndroidUiautomator2Driver@97b8 (abd696a1)]&amp#27;[0m Matched '/element' to command name 'findElement'
&amp#27;[38;5;32m[AndroidUiautomator2Driver@97b8 (abd696a1)]&amp#27;[0m Proxying [POST /element] to [POST http://127.0.0.1:8200/session/1c1404f0-5a74-42d8-beb6-1bef9e083b18/element] with body: {"strategy":"id","selector":"com.androidsample.generalstore:id/alertTitle","context":"","multiple":false}
&amp#27;[38;5;32m[AndroidUiautomator2Driver@97b8 (abd696a1)]&amp#27;[0m Got response with status 200: {"sessionId":"1c1404f0-5a74-42d8-beb6-1bef9e083b18","value":{"ELEMENT":"00000000-0000-0b8e-ffff-ffff00000146","element-6066-11e4-a52e-4f735466cecf":"00000000-0000-0b8e-ffff-ffff00000146"}}
&amp#27;[38;5;32m[AndroidUiautomator2Driver@97b8 (abd696a1)]&amp#27;[0m Responding to client with driver.findElement() result: {"element-6066-11e4-a52e-4f735466cecf":"00000000-0000-0b8e-ffff-ffff00000146","ELEMENT":"00000000-0000-0b8e-ffff-ffff00000146"}
&amp#27;[38;5;0m[HTTP]&amp#27;[0m &amp#27;[37m<-- POST /session/abd696a1-b514-4f12-8ca4-0856a59a36a0/element &amp#27;[39m&amp#27;[32m200&amp#27;[39m &amp#27;[90m422 ms - 137&amp#27;[39m
&amp#27;[38;5;0m[HTTP]&amp#27;[0m &amp#27;[90m&amp#27;[39m
&amp#27;[38;5;0m[HTTP]&amp#27;[0m &amp#27;[37m-->&amp#27;[39m &amp#27;[37mGET&amp#27;[39m &amp#27;[37m/session/abd696a1-b514-4f12-8ca4-0856a59a36a0/element/00000000-0000-0b8e-ffff-ffff00000146/text&amp#27;[39m
&amp#27;[38;5;0m[HTTP]&amp#27;[0m &amp#27;[90m{}&amp#27;[39m
&amp#27;[38;5;32m[AndroidUiautomator2Driver@97b8 (abd696a1)]&amp#27;[0m Driver proxy active, passing request on via HTTP proxy
&amp#27;[38;5;32m[AndroidUiautomator2Driver@97b8 (abd696a1)]&amp#27;[0m Matched '/session/abd696a1-b514-4f12-8ca4-0856a59a36a0/element/00000000-0000-0b8e-ffff-ffff00000146/text' to command name 'getText'
&amp#27;[38;5;32m[AndroidUiautomator2Driver@97b8 (abd696a1)]&amp#27;[0m Proxying [GET /session/abd696a1-b514-4f12-8ca4-0856a59a36a0/element/00000000-0000-0b8e-ffff-ffff00000146/text] to [GET http://127.0.0.1:8200/session/1c1404f0-5a74-42d8-beb6-1bef9e083b18/element/00000000-0000-0b8e-ffff-ffff00000146/text] with no body
&amp#27;[38;5;32m[AndroidUiautomator2Driver@97b8 (abd696a1)]&amp#27;[0m Got response with status 200: {"sessionId":"1c1404f0-5a74-42d8-beb6-1bef9e083b18","value":"Terms Of Conditions"}
&amp#27;[38;5;32m[AndroidUiautomator2Driver@97b8 (abd696a1)]&amp#27;[0m Replacing sessionId 1c1404f0-5a74-42d8-beb6-1bef9e083b18 with abd696a1-b514-4f12-8ca4-0856a59a36a0
&amp#27;[38;5;0m[HTTP]&amp#27;[0m &amp#27;[37m<-- GET /session/abd696a1-b514-4f12-8ca4-0856a59a36a0/element/00000000-0000-0b8e-ffff-ffff00000146/text &amp#27;[39m&amp#27;[32m200&amp#27;[39m &amp#27;[90m20 ms - 82&amp#27;[39m
&amp#27;[38;5;0m[HTTP]&amp#27;[0m &amp#27;[90m&amp#27;[39m
&amp#27;[38;5;0m[HTTP]&amp#27;[0m &amp#27;[37m-->&amp#27;[39m &amp#27;[37mGET&amp#27;[39m &amp#27;[37m/session/abd696a1-b514-4f12-8ca4-0856a59a36a0/context&amp#27;[39m
&amp#27;[38;5;0m[HTTP]&amp#27;[0m &amp#27;[90m{}&amp#27;[39m
&amp#27;[38;5;32m[AndroidUiautomator2Driver@97b8 (abd696a1)]&amp#27;[0m Calling AppiumDriver.getCurrentContext() with args: ["abd696a1-b514-4f12-8ca4-0856a59a36a0"]
&amp#27;[38;5;32m[AndroidUiautomator2Driver@97b8 (abd696a1)]&amp#27;[0m Responding to client with driver.getCurrentContext() result: "NATIVE_APP"
&amp#27;[38;5;0m[HTTP]&amp#27;[0m &amp#27;[37m<-- GET /session/abd696a1-b514-4f12-8ca4-0856a59a36a0/context &amp#27;[39m&amp#27;[32m200&amp#27;[39m &amp#27;[90m1 ms - 22&amp#27;[39m
&amp#27;[38;5;0m[HTTP]&amp#27;[0m &amp#27;[90m&amp#27;[39m
&amp#27;[38;5;0m[HTTP]&amp#27;[0m &amp#27;[37m-->&amp#27;[39m &amp#27;[37mPOST&amp#27;[39m &amp#27;[37m/session/abd696a1-b514-4f12-8ca4-0856a59a36a0/element&amp#27;[39m
&amp#27;[38;5;0m[HTTP]&amp#27;[0m &amp#27;[90m{"using":"id","value":"android:id/button1"}&amp#27;[39m
&amp#27;[38;5;32m[AndroidUiautomator2Driver@97b8 (abd696a1)]&amp#27;[0m Calling AppiumDriver.findElement() with args: ["id","android:id/button1","abd696a1-b514-4f12-8ca4-0856a59a36a0"]
&amp#27;[38;5;32m[AndroidUiautomator2Driver@97b8 (abd696a1)]&amp#27;[0m Valid locator strategies for this request: xpath, id, class name, accessibility id, css selector, -android uiautomator
&amp#27;[38;5;32m[AndroidUiautomator2Driver@97b8 (abd696a1)]&amp#27;[0m Waiting up to 10000 ms for condition
&amp#27;[38;5;32m[AndroidUiautomator2Driver@97b8 (abd696a1)]&amp#27;[0m Matched '/element' to command name 'findElement'
&amp#27;[38;5;32m[AndroidUiautomator2Driver@97b8 (abd696a1)]&amp#27;[0m Proxying [POST /element] to [POST http://127.0.0.1:8200/session/1c1404f0-5a74-42d8-beb6-1bef9e083b18/element] with body: {"strategy":"id","selector":"android:id/button1","context":"","multiple":false}
&amp#27;[38;5;32m[AndroidUiautomator2Driver@97b8 (abd696a1)]&amp#27;[0m Got response with status 200: {"sessionId":"1c1404f0-5a74-42d8-beb6-1bef9e083b18","value":{"ELEMENT":"00000000-0000-0b8e-ffff-ffff00000155","element-6066-11e4-a52e-4f735466cecf":"00000000-0000-0b8e-ffff-ffff00000155"}}
&amp#27;[38;5;32m[AndroidUiautomator2Driver@97b8 (abd696a1)]&amp#27;[0m Responding to client with driver.findElement() result: {"element-6066-11e4-a52e-4f735466cecf":"00000000-0000-0b8e-ffff-ffff00000155","ELEMENT":"00000000-0000-0b8e-ffff-ffff00000155"}
&amp#27;[38;5;0m[HTTP]&amp#27;[0m &amp#27;[37m<-- POST /session/abd696a1-b514-4f12-8ca4-0856a59a36a0/element &amp#27;[39m&amp#27;[32m200&amp#27;[39m &amp#27;[90m43 ms - 137&amp#27;[39m
&amp#27;[38;5;0m[HTTP]&amp#27;[0m &amp#27;[90m&amp#27;[39m
&amp#27;[38;5;0m[HTTP]&amp#27;[0m &amp#27;[37m-->&amp#27;[39m &amp#27;[37mPOST&amp#27;[39m &amp#27;[37m/session/abd696a1-b514-4f12-8ca4-0856a59a36a0/element/00000000-0000-0b8e-ffff-ffff00000155/click&amp#27;[39m
&amp#27;[38;5;0m[HTTP]&amp#27;[0m &amp#27;[90m{"id":"00000000-0000-0b8e-ffff-ffff00000155"}&amp#27;[39m
&amp#27;[38;5;32m[AndroidUiautomator2Driver@97b8 (abd696a1)]&amp#27;[0m Calling AppiumDriver.click() with args: ["00000000-0000-0b8e-ffff-ffff00000155","abd696a1-b514-4f12-8ca4-0856a59a36a0"]
&amp#27;[38;5;32m[AndroidUiautomator2Driver@97b8 (abd696a1)]&amp#27;[0m Matched '/element/00000000-0000-0b8e-ffff-ffff00000155/click' to command name 'click'
&amp#27;[38;5;32m[AndroidUiautomator2Driver@97b8 (abd696a1)]&amp#27;[0m Proxying [POST /element/00000000-0000-0b8e-ffff-ffff00000155/click] to [POST http://127.0.0.1:8200/session/1c1404f0-5a74-42d8-beb6-1bef9e083b18/element/00000000-0000-0b8e-ffff-ffff00000155/click] with body: {"element":"00000000-0000-0b8e-ffff-ffff00000155"}
&amp#27;[38;5;32m[AndroidUiautomator2Driver@97b8 (abd696a1)]&amp#27;[0m Got response with status 200: {"sessionId":"1c1404f0-5a74-42d8-beb6-1bef9e083b18","value":null}
&amp#27;[38;5;32m[AndroidUiautomator2Driver@97b8 (abd696a1)]&amp#27;[0m Responding to client with driver.click() result: null
&amp#27;[38;5;0m[HTTP]&amp#27;[0m &amp#27;[37m<-- POST /session/abd696a1-b514-4f12-8ca4-0856a59a36a0/element/00000000-0000-0b8e-ffff-ffff00000155/click &amp#27;[39m&amp#27;[32m200&amp#27;[39m &amp#27;[90m94 ms - 14&amp#27;[39m
&amp#27;[38;5;0m[HTTP]&amp#27;[0m &amp#27;[90m&amp#27;[39m
&amp#27;[38;5;0m[HTTP]&amp#27;[0m &amp#27;[37m-->&amp#27;[39m &amp#27;[37mGET&amp#27;[39m &amp#27;[37m/session/abd696a1-b514-4f12-8ca4-0856a59a36a0/context&amp#27;[39m
&amp#27;[38;5;0m[HTTP]&amp#27;[0m &amp#27;[90m{}&amp#27;[39m
&amp#27;[38;5;32m[AndroidUiautomator2Driver@97b8 (abd696a1)]&amp#27;[0m Calling AppiumDriver.getCurrentContext() with args: ["abd696a1-b514-4f12-8ca4-0856a59a36a0"]
&amp#27;[38;5;32m[AndroidUiautomator2Driver@97b8 (abd696a1)]&amp#27;[0m Responding to client with driver.getCurrentContext() result: "NATIVE_APP"
&amp#27;[38;5;0m[HTTP]&amp#27;[0m &amp#27;[37m<-- GET /session/abd696a1-b514-4f12-8ca4-0856a59a36a0/context &amp#27;[39m&amp#27;[32m200&amp#27;[39m &amp#27;[90m1 ms - 22&amp#27;[39m
&amp#27;[38;5;0m[HTTP]&amp#27;[0m &amp#27;[90m&amp#27;[39m
&amp#27;[38;5;0m[HTTP]&amp#27;[0m &amp#27;[37m-->&amp#27;[39m &amp#27;[37mPOST&amp#27;[39m &amp#27;[37m/session/abd696a1-b514-4f12-8ca4-0856a59a36a0/element&amp#27;[39m
&amp#27;[38;5;0m[HTTP]&amp#27;[0m &amp#27;[90m{"using":"class name","value":"android.widget.CheckBox"}&amp#27;[39m
&amp#27;[38;5;32m[AndroidUiautomator2Driver@97b8 (abd696a1)]&amp#27;[0m Calling AppiumDriver.findElement() with args: ["class name","android.widget.CheckBox","abd696a1-b514-4f12-8ca4-0856a59a36a0"]
&amp#27;[38;5;32m[AndroidUiautomator2Driver@97b8 (abd696a1)]&amp#27;[0m Valid locator strategies for this request: xpath, id, class name, accessibility id, css selector, -android uiautomator
&amp#27;[38;5;32m[AndroidUiautomator2Driver@97b8 (abd696a1)]&amp#27;[0m Waiting up to 10000 ms for condition
&amp#27;[38;5;32m[AndroidUiautomator2Driver@97b8 (abd696a1)]&amp#27;[0m Matched '/element' to command name 'findElement'
&amp#27;[38;5;32m[AndroidUiautomator2Driver@97b8 (abd696a1)]&amp#27;[0m Proxying [POST /element] to [POST http://127.0.0.1:8200/session/1c1404f0-5a74-42d8-beb6-1bef9e083b18/element] with body: {"strategy":"class name","selector":"android.widget.CheckBox","context":"","multiple":false}
&amp#27;[38;5;32m[AndroidUiautomator2Driver@97b8 (abd696a1)]&amp#27;[0m Got response with status 200: {"sessionId":"1c1404f0-5a74-42d8-beb6-1bef9e083b18","value":{"ELEMENT":"00000000-0000-0b8d-ffff-ffff00000127","element-6066-11e4-a52e-4f735466cecf":"00000000-0000-0b8d-ffff-ffff00000127"}}
&amp#27;[38;5;32m[AndroidUiautomator2Driver@97b8 (abd696a1)]&amp#27;[0m Responding to client with driver.findElement() result: {"element-6066-11e4-a52e-4f735466cecf":"00000000-0000-0b8d-ffff-ffff00000127","ELEMENT":"00000000-0000-0b8d-ffff-ffff00000127"}
&amp#27;[38;5;0m[HTTP]&amp#27;[0m &amp#27;[37m<-- POST /session/abd696a1-b514-4f12-8ca4-0856a59a36a0/element &amp#27;[39m&amp#27;[32m200&amp#27;[39m &amp#27;[90m352 ms - 137&amp#27;[39m
&amp#27;[38;5;0m[HTTP]&amp#27;[0m &amp#27;[90m&amp#27;[39m
&amp#27;[38;5;0m[HTTP]&amp#27;[0m &amp#27;[37m-->&amp#27;[39m &amp#27;[37mPOST&amp#27;[39m &amp#27;[37m/session/abd696a1-b514-4f12-8ca4-0856a59a36a0/element/00000000-0000-0b8d-ffff-ffff00000127/click&amp#27;[39m
&amp#27;[38;5;0m[HTTP]&amp#27;[0m &amp#27;[90m{"id":"00000000-0000-0b8d-ffff-ffff00000127"}&amp#27;[39m
&amp#27;[38;5;32m[AndroidUiautomator2Driver@97b8 (abd696a1)]&amp#27;[0m Calling AppiumDriver.click() with args: ["00000000-0000-0b8d-ffff-ffff00000127","abd696a1-b514-4f12-8ca4-0856a59a36a0"]
&amp#27;[38;5;32m[AndroidUiautomator2Driver@97b8 (abd696a1)]&amp#27;[0m Matched '/element/00000000-0000-0b8d-ffff-ffff00000127/click' to command name 'click'
&amp#27;[38;5;32m[AndroidUiautomator2Driver@97b8 (abd696a1)]&amp#27;[0m Proxying [POST /element/00000000-0000-0b8d-ffff-ffff00000127/click] to [POST http://127.0.0.1:8200/session/1c1404f0-5a74-42d8-beb6-1bef9e083b18/element/00000000-0000-0b8d-ffff-ffff00000127/click] with body: {"element":"00000000-0000-0b8d-ffff-ffff00000127"}
&amp#27;[38;5;32m[AndroidUiautomator2Driver@97b8 (abd696a1)]&amp#27;[0m Got response with status 200: {"sessionId":"1c1404f0-5a74-42d8-beb6-1bef9e083b18","value":null}
&amp#27;[38;5;32m[AndroidUiautomator2Driver@97b8 (abd696a1)]&amp#27;[0m Responding to client with driver.click() result: null
&amp#27;[38;5;0m[HTTP]&amp#27;[0m &amp#27;[37m<-- POST /session/abd696a1-b514-4f12-8ca4-0856a59a36a0/element/00000000-0000-0b8d-ffff-ffff00000127/click &amp#27;[39m&amp#27;[32m200&amp#27;[39m &amp#27;[90m314 ms - 14&amp#27;[39m
&amp#27;[38;5;0m[HTTP]&amp#27;[0m &amp#27;[90m&amp#27;[39m
&amp#27;[38;5;0m[HTTP]&amp#27;[0m &amp#27;[37m-->&amp#27;[39m &amp#27;[37mGET&amp#27;[39m &amp#27;[37m/session/abd696a1-b514-4f12-8ca4-0856a59a36a0/context&amp#27;[39m
&amp#27;[38;5;0m[HTTP]&amp#27;[0m &amp#27;[90m{}&amp#27;[39m
&amp#27;[38;5;32m[AndroidUiautomator2Driver@97b8 (abd696a1)]&amp#27;[0m Calling AppiumDriver.getCurrentContext() with args: ["abd696a1-b514-4f12-8ca4-0856a59a36a0"]
&amp#27;[38;5;32m[AndroidUiautomator2Driver@97b8 (abd696a1)]&amp#27;[0m Responding to client with driver.getCurrentContext() result: "NATIVE_APP"
&amp#27;[38;5;0m[HTTP]&amp#27;[0m &amp#27;[37m<-- GET /session/abd696a1-b514-4f12-8ca4-0856a59a36a0/context &amp#27;[39m&amp#27;[32m200&amp#27;[39m &amp#27;[90m1 ms - 22&amp#27;[39m
&amp#27;[38;5;0m[HTTP]&amp#27;[0m &amp#27;[90m&amp#27;[39m
&amp#27;[38;5;0m[HTTP]&amp#27;[0m &amp#27;[37m-->&amp#27;[39m &amp#27;[37mPOST&amp#27;[39m &amp#27;[37m/session/abd696a1-b514-4f12-8ca4-0856a59a36a0/element&amp#27;[39m
&amp#27;[38;5;0m[HTTP]&amp#27;[0m &amp#27;[90m{"using":"id","value":"com.androidsample.generalstore:id/btnProceed"}&amp#27;[39m
&amp#27;[38;5;32m[AndroidUiautomator2Driver@97b8 (abd696a1)]&amp#27;[0m Calling AppiumDriver.findElement() with args: ["id","com.androidsample.generalstore:id/btnProceed","abd696a1-b514-4f12-8ca4-0856a59a36a0"]
&amp#27;[38;5;32m[AndroidUiautomator2Driver@97b8 (abd696a1)]&amp#27;[0m Valid locator strategies for this request: xpath, id, class name, accessibility id, css selector, -android uiautomator
&amp#27;[38;5;32m[AndroidUiautomator2Driver@97b8 (abd696a1)]&amp#27;[0m Waiting up to 10000 ms for condition
&amp#27;[38;5;32m[AndroidUiautomator2Driver@97b8 (abd696a1)]&amp#27;[0m Matched '/element' to command name 'findElement'
&amp#27;[38;5;32m[AndroidUiautomator2Driver@97b8 (abd696a1)]&amp#27;[0m Proxying [POST /element] to [POST http://127.0.0.1:8200/session/1c1404f0-5a74-42d8-beb6-1bef9e083b18/element] with body: {"strategy":"id","selector":"com.androidsample.generalstore:id/btnProceed","context":"","multiple":false}
&amp#27;[38;5;32m[AndroidUiautomator2Driver@97b8 (abd696a1)]&amp#27;[0m Got response with status 200: {"sessionId":"1c1404f0-5a74-42d8-beb6-1bef9e083b18","value":{"ELEMENT":"00000000-0000-0b8d-ffff-ffff00000128","element-6066-11e4-a52e-4f735466cecf":"00000000-0000-0b8d-ffff-ffff00000128"}}
&amp#27;[38;5;32m[AndroidUiautomator2Driver@97b8 (abd696a1)]&amp#27;[0m Responding to client with driver.findElement() result: {"element-6066-11e4-a52e-4f735466cecf":"00000000-0000-0b8d-ffff-ffff00000128","ELEMENT":"00000000-0000-0b8d-ffff-ffff00000128"}
&amp#27;[38;5;0m[HTTP]&amp#27;[0m &amp#27;[37m<-- POST /session/abd696a1-b514-4f12-8ca4-0856a59a36a0/element &amp#27;[39m&amp#27;[32m200&amp#27;[39m &amp#27;[90m144 ms - 137&amp#27;[39m
&amp#27;[38;5;0m[HTTP]&amp#27;[0m &amp#27;[90m&amp#27;[39m
&amp#27;[38;5;0m[HTTP]&amp#27;[0m &amp#27;[37m-->&amp#27;[39m &amp#27;[37mPOST&amp#27;[39m &amp#27;[37m/session/abd696a1-b514-4f12-8ca4-0856a59a36a0/element/00000000-0000-0b8d-ffff-ffff00000128/click&amp#27;[39m
&amp#27;[38;5;0m[HTTP]&amp#27;[0m &amp#27;[90m{"id":"00000000-0000-0b8d-ffff-ffff00000128"}&amp#27;[39m
&amp#27;[38;5;32m[AndroidUiautomator2Driver@97b8 (abd696a1)]&amp#27;[0m Calling AppiumDriver.click() with args: ["00000000-0000-0b8d-ffff-ffff00000128","abd696a1-b514-4f12-8ca4-0856a59a36a0"]
&amp#27;[38;5;32m[AndroidUiautomator2Driver@97b8 (abd696a1)]&amp#27;[0m Matched '/element/00000000-0000-0b8d-ffff-ffff00000128/click' to command name 'click'
&amp#27;[38;5;32m[AndroidUiautomator2Driver@97b8 (abd696a1)]&amp#27;[0m Proxying [POST /element/00000000-0000-0b8d-ffff-ffff00000128/click] to [POST http://127.0.0.1:8200/session/1c1404f0-5a74-42d8-beb6-1bef9e083b18/element/00000000-0000-0b8d-ffff-ffff00000128/click] with body: {"element":"00000000-0000-0b8d-ffff-ffff00000128"}
&amp#27;[38;5;32m[AndroidUiautomator2Driver@97b8 (abd696a1)]&amp#27;[0m Got response with status 200: {"sessionId":"1c1404f0-5a74-42d8-beb6-1bef9e083b18","value":null}
&amp#27;[38;5;32m[AndroidUiautomator2Driver@97b8 (abd696a1)]&amp#27;[0m Responding to client with driver.click() result: null
&amp#27;[38;5;0m[HTTP]&amp#27;[0m &amp#27;[37m<-- POST /session/abd696a1-b514-4f12-8ca4-0856a59a36a0/element/00000000-0000-0b8d-ffff-ffff00000128/click &amp#27;[39m&amp#27;[32m200&amp#27;[39m &amp#27;[90m571 ms - 14&amp#27;[39m
&amp#27;[38;5;0m[HTTP]&amp#27;[0m &amp#27;[90m&amp#27;[39m
]]></system-out>
  </testcase>
</testsuite>