<?xml version="1.0" encoding="UTF-8"?>
<!-- Generated by org.testng.reporters.JUnitReportReporter -->
<testsuite hostname="DESKTOP-8KE617A" failures="0" tests="1" name="nzProject.Test1" time="19.784" errors="0" timestamp="2024-08-25T13:32:41 IST" skipped="0">
  <testcase classname="nzProject.Test1" name="test1" time="19.784"/>
  <system-out/>
</testsuite> <!-- nzProject.Test1 -->
