<?xml version="1.0" encoding="UTF-8"?>
<!-- Generated by org.testng.reporters.JUnitReportReporter -->
<testsuite hostname="DESKTOP-8KE617A" failures="0" tests="1" name="nzProject.Assignment1" time="3.192" errors="0" timestamp="2024-09-01T21:29:01 IST" skipped="0">
  <testcase classname="nzProject.Assignment1" name="test" time="3.192"/>
  <system-out/>
</testsuite> <!-- nzProject.Assignment1 -->
