<?xml version="1.0" encoding="UTF-8"?>
<!-- Generated by org.testng.reporters.JUnitReportReporter -->
<testsuite hostname="DESKTOP-8KE617A" failures="0" tests="2" name="eCommerce.Test1WithJSON" time="46.236" errors="0" timestamp="2024-09-02T22:04:24 IST" skipped="0">
  <testcase classname="eCommerce.Test1WithJSON" name="test1" time="19.088"/>
  <system-out/>
  <testcase classname="eCommerce.Test1WithJSON" name="test1" time="27.148"/>
  <system-out/>
</testsuite> <!-- eCommerce.Test1WithJSON -->
