<?xml version="1.0" encoding="UTF-8"?>
<!-- Generated by org.testng.reporters.JUnitReportReporter -->
<testsuite hostname="DESKTOP-8KE617A" failures="0" tests="2" name="eCommerce.Test2" time="11.127" errors="0" timestamp="2024-09-03T22:33:02 IST" skipped="0">
  <testcase classname="eCommerce.Test2" name="negativeFlow" time="7.818"/>
  <system-out/>
  <testcase classname="eCommerce.Test2" name="positiveFlow" time="3.309"/>
  <system-out/>
</testsuite> <!-- eCommerce.Test2 -->
