<?xml version="1.0" encoding="UTF-8"?>
<!-- Generated by org.testng.reporters.JUnitReportReporter -->
<testsuite hostname="DESKTOP-8KE617A" failures="0" tests="2" name="eCommerce.Test1" time="34.517" errors="0" timestamp="2024-09-03T22:35:07 IST" skipped="0">
  <testcase classname="eCommerce.Test1" name="test1" time="18.901"/>
  <system-out/>
  <testcase classname="eCommerce.Test1" name="test1" time="15.616"/>
  <system-out/>
</testsuite> <!-- eCommerce.Test1 -->
