<?xml version="1.0" encoding="UTF-8"?>
<!-- Generated by org.testng.reporters.JUnitReportReporter -->
<testsuite hostname="DESKTOP-8KE617A" failures="0" tests="2" name="eCommerce.Test1" time="36.014" errors="0" timestamp="2024-09-05T00:10:00 IST" skipped="0">
  <testcase classname="eCommerce.Test1" name="test1" time="14.928"/>
  <testcase classname="eCommerce.Test1" name="test1" time="21.086"/>
</testsuite> <!-- eCommerce.Test1 -->
